2023-04-24 10:59:37.689 ERROR o.s.b.diagnostics.LoggingFailureAnalysisReporter  :40   [32m                  [0;39m 

***************************
APPLICATION FAILED TO START
***************************

Description:

An attempt was made to call a method that does not exist. The attempt was made from the following location:

    springfox.documentation.spring.web.plugins.DocumentationPluginsManager.createContextBuilder(DocumentationPluginsManager.java:154)

The following method did not exist:

    org.springframework.plugin.core.PluginRegistry.getPluginOrDefaultFor(Ljava/lang/Object;Lorg/springframework/plugin/core/Plugin;)Lorg/springframework/plugin/core/Plugin;

The method's class, org.springframework.plugin.core.PluginRegistry, is available from the following locations:

    jar:file:/D:/apache-maven-3.6.3/mavenRepository/repostitory/org/springframework/plugin/spring-plugin-core/1.2.0.RELEASE/spring-plugin-core-1.2.0.RELEASE.jar!/org/springframework/plugin/core/PluginRegistry.class

It was loaded from the following location:

    file:/D:/apache-maven-3.6.3/mavenRepository/repostitory/org/springframework/plugin/spring-plugin-core/1.2.0.RELEASE/spring-plugin-core-1.2.0.RELEASE.jar


Action:

Correct the classpath of your application so that it contains a single, compatible version of org.springframework.plugin.core.PluginRegistry

2023-04-24 11:00:11.560 ERROR o.s.b.diagnostics.LoggingFailureAnalysisReporter  :40   [32m                  [0;39m 

***************************
APPLICATION FAILED TO START
***************************

Description:

An attempt was made to call a method that does not exist. The attempt was made from the following location:

    springfox.documentation.spring.web.plugins.DocumentationPluginsManager.createContextBuilder(DocumentationPluginsManager.java:154)

The following method did not exist:

    org.springframework.plugin.core.PluginRegistry.getPluginOrDefaultFor(Ljava/lang/Object;Lorg/springframework/plugin/core/Plugin;)Lorg/springframework/plugin/core/Plugin;

The method's class, org.springframework.plugin.core.PluginRegistry, is available from the following locations:

    jar:file:/D:/apache-maven-3.6.3/mavenRepository/repostitory/org/springframework/plugin/spring-plugin-core/1.2.0.RELEASE/spring-plugin-core-1.2.0.RELEASE.jar!/org/springframework/plugin/core/PluginRegistry.class

It was loaded from the following location:

    file:/D:/apache-maven-3.6.3/mavenRepository/repostitory/org/springframework/plugin/spring-plugin-core/1.2.0.RELEASE/spring-plugin-core-1.2.0.RELEASE.jar


Action:

Correct the classpath of your application so that it contains a single, compatible version of org.springframework.plugin.core.PluginRegistry

2023-04-24 11:01:14.552 ERROR o.s.b.diagnostics.LoggingFailureAnalysisReporter  :40   [32m                  [0;39m 

***************************
APPLICATION FAILED TO START
***************************

Description:

An attempt was made to call a method that does not exist. The attempt was made from the following location:

    springfox.documentation.spring.web.plugins.DocumentationPluginsManager.createContextBuilder(DocumentationPluginsManager.java:154)

The following method did not exist:

    org.springframework.plugin.core.PluginRegistry.getPluginOrDefaultFor(Ljava/lang/Object;Lorg/springframework/plugin/core/Plugin;)Lorg/springframework/plugin/core/Plugin;

The method's class, org.springframework.plugin.core.PluginRegistry, is available from the following locations:

    jar:file:/D:/apache-maven-3.6.3/mavenRepository/repostitory/org/springframework/plugin/spring-plugin-core/1.2.0.RELEASE/spring-plugin-core-1.2.0.RELEASE.jar!/org/springframework/plugin/core/PluginRegistry.class

It was loaded from the following location:

    file:/D:/apache-maven-3.6.3/mavenRepository/repostitory/org/springframework/plugin/spring-plugin-core/1.2.0.RELEASE/spring-plugin-core-1.2.0.RELEASE.jar


Action:

Correct the classpath of your application so that it contains a single, compatible version of org.springframework.plugin.core.PluginRegistry

2023-04-24 11:06:40.637 ERROR org.springframework.boot.SpringApplication        :823  [32m                  [0;39m Application run failed
org.springframework.beans.factory.BeanDefinitionStoreException: Failed to process import candidates for configuration class [springfox.documentation.swagger2.configuration.Swagger2DocumentationWebMvcConfiguration]; nested exception is java.io.FileNotFoundException: class path resource [org/springframework/plugin/core/Plugin.class] cannot be opened because it does not exist
	at org.springframework.context.annotation.ConfigurationClassParser.processImports(ConfigurationClassParser.java:597)
	at org.springframework.context.annotation.ConfigurationClassParser.doProcessConfigurationClass(ConfigurationClassParser.java:303)
	at org.springframework.context.annotation.ConfigurationClassParser.processConfigurationClass(ConfigurationClassParser.java:243)
	at org.springframework.context.annotation.ConfigurationClassParser.processImports(ConfigurationClassParser.java:587)
	at org.springframework.context.annotation.ConfigurationClassParser.doProcessConfigurationClass(ConfigurationClassParser.java:303)
	at org.springframework.context.annotation.ConfigurationClassParser.processConfigurationClass(ConfigurationClassParser.java:243)
	at org.springframework.context.annotation.ConfigurationClassParser.parse(ConfigurationClassParser.java:192)
	at org.springframework.context.annotation.ConfigurationClassParser.doProcessConfigurationClass(ConfigurationClassParser.java:296)
	at org.springframework.context.annotation.ConfigurationClassParser.processConfigurationClass(ConfigurationClassParser.java:243)
	at org.springframework.context.annotation.ConfigurationClassParser.parse(ConfigurationClassParser.java:200)
	at org.springframework.context.annotation.ConfigurationClassParser.parse(ConfigurationClassParser.java:168)
	at org.springframework.context.annotation.ConfigurationClassPostProcessor.processConfigBeanDefinitions(ConfigurationClassPostProcessor.java:315)
	at org.springframework.context.annotation.ConfigurationClassPostProcessor.postProcessBeanDefinitionRegistry(ConfigurationClassPostProcessor.java:232)
	at org.springframework.context.support.PostProcessorRegistrationDelegate.invokeBeanDefinitionRegistryPostProcessors(PostProcessorRegistrationDelegate.java:275)
	at org.springframework.context.support.PostProcessorRegistrationDelegate.invokeBeanFactoryPostProcessors(PostProcessorRegistrationDelegate.java:95)
	at org.springframework.context.support.AbstractApplicationContext.invokeBeanFactoryPostProcessors(AbstractApplicationContext.java:706)
	at org.springframework.context.support.AbstractApplicationContext.refresh(AbstractApplicationContext.java:532)
	at org.springframework.boot.web.servlet.context.ServletWebServerApplicationContext.refresh(ServletWebServerApplicationContext.java:141)
	at org.springframework.boot.SpringApplication.refresh(SpringApplication.java:744)
	at org.springframework.boot.SpringApplication.refreshContext(SpringApplication.java:391)
	at org.springframework.boot.SpringApplication.run(SpringApplication.java:312)
	at com.train.TrainSystemManagementApplication.main(TrainSystemManagementApplication.java:19)
Caused by: java.io.FileNotFoundException: class path resource [org/springframework/plugin/core/Plugin.class] cannot be opened because it does not exist
	at org.springframework.core.io.ClassPathResource.getInputStream(ClassPathResource.java:180)
	at org.springframework.core.type.classreading.SimpleMetadataReader.<init>(SimpleMetadataReader.java:51)
	at org.springframework.core.type.classreading.SimpleMetadataReaderFactory.getMetadataReader(SimpleMetadataReaderFactory.java:103)
	at org.springframework.boot.type.classreading.ConcurrentReferenceCachingMetadataReaderFactory.createMetadataReader(ConcurrentReferenceCachingMetadataReaderFactory.java:86)
	at org.springframework.boot.type.classreading.ConcurrentReferenceCachingMetadataReaderFactory.getMetadataReader(ConcurrentReferenceCachingMetadataReaderFactory.java:73)
	at org.springframework.core.type.classreading.SimpleMetadataReaderFactory.getMetadataReader(SimpleMetadataReaderFactory.java:81)
	at org.springframework.context.annotation.ConfigurationClassParser.asSourceClass(ConfigurationClassParser.java:683)
	at org.springframework.context.annotation.ConfigurationClassParser$SourceClass.getInterfaces(ConfigurationClassParser.java:1003)
	at org.springframework.context.annotation.ConfigurationClassParser.processInterfaces(ConfigurationClassParser.java:376)
	at org.springframework.context.annotation.ConfigurationClassParser.processInterfaces(ConfigurationClassParser.java:384)
	at org.springframework.context.annotation.ConfigurationClassParser.doProcessConfigurationClass(ConfigurationClassParser.java:324)
	at org.springframework.context.annotation.ConfigurationClassParser.processConfigurationClass(ConfigurationClassParser.java:243)
	at org.springframework.context.annotation.ConfigurationClassParser.parse(ConfigurationClassParser.java:192)
	at org.springframework.context.annotation.ConfigurationClassParser.doProcessConfigurationClass(ConfigurationClassParser.java:296)
	at org.springframework.context.annotation.ConfigurationClassParser.processConfigurationClass(ConfigurationClassParser.java:243)
	at org.springframework.context.annotation.ConfigurationClassParser.processImports(ConfigurationClassParser.java:587)
	... 21 common frames omitted
2023-04-24 11:07:46.730 ERROR o.s.b.diagnostics.LoggingFailureAnalysisReporter  :40   [32m                  [0;39m 

***************************
APPLICATION FAILED TO START
***************************

Description:

An attempt was made to call a method that does not exist. The attempt was made from the following location:

    springfox.documentation.spring.web.plugins.DocumentationPluginsManager.createContextBuilder(DocumentationPluginsManager.java:154)

The following method did not exist:

    org.springframework.plugin.core.PluginRegistry.getPluginOrDefaultFor(Ljava/lang/Object;Lorg/springframework/plugin/core/Plugin;)Lorg/springframework/plugin/core/Plugin;

The method's class, org.springframework.plugin.core.PluginRegistry, is available from the following locations:

    jar:file:/D:/apache-maven-3.6.3/mavenRepository/repostitory/org/springframework/plugin/spring-plugin-core/1.2.0.RELEASE/spring-plugin-core-1.2.0.RELEASE.jar!/org/springframework/plugin/core/PluginRegistry.class

It was loaded from the following location:

    file:/D:/apache-maven-3.6.3/mavenRepository/repostitory/org/springframework/plugin/spring-plugin-core/1.2.0.RELEASE/spring-plugin-core-1.2.0.RELEASE.jar


Action:

Correct the classpath of your application so that it contains a single, compatible version of org.springframework.plugin.core.PluginRegistry

2023-04-24 11:11:27.745 ERROR o.s.b.diagnostics.LoggingFailureAnalysisReporter  :40   [32m                  [0;39m 

***************************
APPLICATION FAILED TO START
***************************

Description:

An attempt was made to call a method that does not exist. The attempt was made from the following location:

    springfox.documentation.spring.web.plugins.DocumentationPluginsManager.createContextBuilder(DocumentationPluginsManager.java:154)

The following method did not exist:

    org.springframework.plugin.core.PluginRegistry.getPluginOrDefaultFor(Ljava/lang/Object;Lorg/springframework/plugin/core/Plugin;)Lorg/springframework/plugin/core/Plugin;

The method's class, org.springframework.plugin.core.PluginRegistry, is available from the following locations:

    jar:file:/D:/apache-maven-3.6.3/mavenRepository/repostitory/org/springframework/plugin/spring-plugin-core/1.2.0.RELEASE/spring-plugin-core-1.2.0.RELEASE.jar!/org/springframework/plugin/core/PluginRegistry.class

It was loaded from the following location:

    file:/D:/apache-maven-3.6.3/mavenRepository/repostitory/org/springframework/plugin/spring-plugin-core/1.2.0.RELEASE/spring-plugin-core-1.2.0.RELEASE.jar


Action:

Correct the classpath of your application so that it contains a single, compatible version of org.springframework.plugin.core.PluginRegistry

2023-04-24 11:12:16.432 ERROR o.s.b.diagnostics.LoggingFailureAnalysisReporter  :40   [32m                  [0;39m 

***************************
APPLICATION FAILED TO START
***************************

Description:

An attempt was made to call a method that does not exist. The attempt was made from the following location:

    springfox.documentation.spring.web.plugins.DocumentationPluginsManager.createContextBuilder(DocumentationPluginsManager.java:154)

The following method did not exist:

    org.springframework.plugin.core.PluginRegistry.getPluginOrDefaultFor(Ljava/lang/Object;Lorg/springframework/plugin/core/Plugin;)Lorg/springframework/plugin/core/Plugin;

The method's class, org.springframework.plugin.core.PluginRegistry, is available from the following locations:

    jar:file:/D:/apache-maven-3.6.3/mavenRepository/repostitory/org/springframework/plugin/spring-plugin-core/1.2.0.RELEASE/spring-plugin-core-1.2.0.RELEASE.jar!/org/springframework/plugin/core/PluginRegistry.class

It was loaded from the following location:

    file:/D:/apache-maven-3.6.3/mavenRepository/repostitory/org/springframework/plugin/spring-plugin-core/1.2.0.RELEASE/spring-plugin-core-1.2.0.RELEASE.jar


Action:

Correct the classpath of your application so that it contains a single, compatible version of org.springframework.plugin.core.PluginRegistry

2023-04-24 11:26:29.921 ERROR o.s.b.diagnostics.LoggingFailureAnalysisReporter  :40   [32m                  [0;39m 

***************************
APPLICATION FAILED TO START
***************************

Description:

An attempt was made to call a method that does not exist. The attempt was made from the following location:

    springfox.documentation.spring.web.plugins.DocumentationPluginsManager.createContextBuilder(DocumentationPluginsManager.java:154)

The following method did not exist:

    org.springframework.plugin.core.PluginRegistry.getPluginOrDefaultFor(Ljava/lang/Object;Lorg/springframework/plugin/core/Plugin;)Lorg/springframework/plugin/core/Plugin;

The method's class, org.springframework.plugin.core.PluginRegistry, is available from the following locations:

    jar:file:/D:/apache-maven-3.6.3/mavenRepository/repostitory/org/springframework/plugin/spring-plugin-core/1.2.0.RELEASE/spring-plugin-core-1.2.0.RELEASE.jar!/org/springframework/plugin/core/PluginRegistry.class

It was loaded from the following location:

    file:/D:/apache-maven-3.6.3/mavenRepository/repostitory/org/springframework/plugin/spring-plugin-core/1.2.0.RELEASE/spring-plugin-core-1.2.0.RELEASE.jar


Action:

Correct the classpath of your application so that it contains a single, compatible version of org.springframework.plugin.core.PluginRegistry

2023-04-24 13:46:32.270 ERROR o.s.b.diagnostics.LoggingFailureAnalysisReporter  :40   [32m                  [0;39m 

***************************
APPLICATION FAILED TO START
***************************

Description:

An attempt was made to call a method that does not exist. The attempt was made from the following location:

    springfox.documentation.spring.web.plugins.DocumentationPluginsManager.createContextBuilder(DocumentationPluginsManager.java:154)

The following method did not exist:

    org.springframework.plugin.core.PluginRegistry.getPluginOrDefaultFor(Ljava/lang/Object;Lorg/springframework/plugin/core/Plugin;)Lorg/springframework/plugin/core/Plugin;

The method's class, org.springframework.plugin.core.PluginRegistry, is available from the following locations:

    jar:file:/D:/apache-maven-3.6.3/mavenRepository/repostitory/org/springframework/plugin/spring-plugin-core/1.2.0.RELEASE/spring-plugin-core-1.2.0.RELEASE.jar!/org/springframework/plugin/core/PluginRegistry.class

It was loaded from the following location:

    file:/D:/apache-maven-3.6.3/mavenRepository/repostitory/org/springframework/plugin/spring-plugin-core/1.2.0.RELEASE/spring-plugin-core-1.2.0.RELEASE.jar


Action:

Correct the classpath of your application so that it contains a single, compatible version of org.springframework.plugin.core.PluginRegistry

2023-04-24 13:50:57.260 ERROR o.s.b.diagnostics.LoggingFailureAnalysisReporter  :40   [32m                  [0;39m 

***************************
APPLICATION FAILED TO START
***************************

Description:

An attempt was made to call a method that does not exist. The attempt was made from the following location:

    springfox.documentation.spring.web.plugins.DocumentationPluginsManager.createContextBuilder(DocumentationPluginsManager.java:154)

The following method did not exist:

    org.springframework.plugin.core.PluginRegistry.getPluginOrDefaultFor(Ljava/lang/Object;Lorg/springframework/plugin/core/Plugin;)Lorg/springframework/plugin/core/Plugin;

The method's class, org.springframework.plugin.core.PluginRegistry, is available from the following locations:

    jar:file:/D:/apache-maven-3.6.3/mavenRepository/repostitory/org/springframework/plugin/spring-plugin-core/1.2.0.RELEASE/spring-plugin-core-1.2.0.RELEASE.jar!/org/springframework/plugin/core/PluginRegistry.class

It was loaded from the following location:

    file:/D:/apache-maven-3.6.3/mavenRepository/repostitory/org/springframework/plugin/spring-plugin-core/1.2.0.RELEASE/spring-plugin-core-1.2.0.RELEASE.jar


Action:

Correct the classpath of your application so that it contains a single, compatible version of org.springframework.plugin.core.PluginRegistry

2023-04-24 13:55:53.919 ERROR o.s.b.diagnostics.LoggingFailureAnalysisReporter  :40   [32m                  [0;39m 

***************************
APPLICATION FAILED TO START
***************************

Description:

An attempt was made to call a method that does not exist. The attempt was made from the following location:

    springfox.documentation.spring.web.plugins.DocumentationPluginsManager.createContextBuilder(DocumentationPluginsManager.java:154)

The following method did not exist:

    org.springframework.plugin.core.PluginRegistry.getPluginOrDefaultFor(Ljava/lang/Object;Lorg/springframework/plugin/core/Plugin;)Lorg/springframework/plugin/core/Plugin;

The method's class, org.springframework.plugin.core.PluginRegistry, is available from the following locations:

    jar:file:/D:/apache-maven-3.6.3/mavenRepository/repostitory/org/springframework/plugin/spring-plugin-core/1.2.0.RELEASE/spring-plugin-core-1.2.0.RELEASE.jar!/org/springframework/plugin/core/PluginRegistry.class

It was loaded from the following location:

    file:/D:/apache-maven-3.6.3/mavenRepository/repostitory/org/springframework/plugin/spring-plugin-core/1.2.0.RELEASE/spring-plugin-core-1.2.0.RELEASE.jar


Action:

Correct the classpath of your application so that it contains a single, compatible version of org.springframework.plugin.core.PluginRegistry

2023-04-24 13:58:49.524 ERROR o.s.b.diagnostics.LoggingFailureAnalysisReporter  :40   [32m                  [0;39m 

***************************
APPLICATION FAILED TO START
***************************

Description:

An attempt was made to call a method that does not exist. The attempt was made from the following location:

    springfox.documentation.spring.web.plugins.DocumentationPluginsManager.createContextBuilder(DocumentationPluginsManager.java:154)

The following method did not exist:

    org.springframework.plugin.core.PluginRegistry.getPluginOrDefaultFor(Ljava/lang/Object;Lorg/springframework/plugin/core/Plugin;)Lorg/springframework/plugin/core/Plugin;

The method's class, org.springframework.plugin.core.PluginRegistry, is available from the following locations:

    jar:file:/D:/apache-maven-3.6.3/mavenRepository/repostitory/org/springframework/plugin/spring-plugin-core/1.2.0.RELEASE/spring-plugin-core-1.2.0.RELEASE.jar!/org/springframework/plugin/core/PluginRegistry.class

It was loaded from the following location:

    file:/D:/apache-maven-3.6.3/mavenRepository/repostitory/org/springframework/plugin/spring-plugin-core/1.2.0.RELEASE/spring-plugin-core-1.2.0.RELEASE.jar


Action:

Correct the classpath of your application so that it contains a single, compatible version of org.springframework.plugin.core.PluginRegistry

2023-04-24 14:01:15.049 ERROR o.s.b.diagnostics.LoggingFailureAnalysisReporter  :40   [32m                  [0;39m 

***************************
APPLICATION FAILED TO START
***************************

Description:

An attempt was made to call a method that does not exist. The attempt was made from the following location:

    springfox.documentation.spring.web.plugins.DocumentationPluginsManager.createContextBuilder(DocumentationPluginsManager.java:154)

The following method did not exist:

    org.springframework.plugin.core.PluginRegistry.getPluginOrDefaultFor(Ljava/lang/Object;Lorg/springframework/plugin/core/Plugin;)Lorg/springframework/plugin/core/Plugin;

The method's class, org.springframework.plugin.core.PluginRegistry, is available from the following locations:

    jar:file:/D:/apache-maven-3.6.3/mavenRepository/repostitory/org/springframework/plugin/spring-plugin-core/1.2.0.RELEASE/spring-plugin-core-1.2.0.RELEASE.jar!/org/springframework/plugin/core/PluginRegistry.class

It was loaded from the following location:

    file:/D:/apache-maven-3.6.3/mavenRepository/repostitory/org/springframework/plugin/spring-plugin-core/1.2.0.RELEASE/spring-plugin-core-1.2.0.RELEASE.jar


Action:

Correct the classpath of your application so that it contains a single, compatible version of org.springframework.plugin.core.PluginRegistry

2023-04-24 14:01:34.825 ERROR o.s.b.diagnostics.LoggingFailureAnalysisReporter  :40   [32m                  [0;39m 

***************************
APPLICATION FAILED TO START
***************************

Description:

An attempt was made to call a method that does not exist. The attempt was made from the following location:

    springfox.documentation.spring.web.plugins.DocumentationPluginsManager.createContextBuilder(DocumentationPluginsManager.java:154)

The following method did not exist:

    org.springframework.plugin.core.PluginRegistry.getPluginOrDefaultFor(Ljava/lang/Object;Lorg/springframework/plugin/core/Plugin;)Lorg/springframework/plugin/core/Plugin;

The method's class, org.springframework.plugin.core.PluginRegistry, is available from the following locations:

    jar:file:/D:/apache-maven-3.6.3/mavenRepository/repostitory/org/springframework/plugin/spring-plugin-core/1.2.0.RELEASE/spring-plugin-core-1.2.0.RELEASE.jar!/org/springframework/plugin/core/PluginRegistry.class

It was loaded from the following location:

    file:/D:/apache-maven-3.6.3/mavenRepository/repostitory/org/springframework/plugin/spring-plugin-core/1.2.0.RELEASE/spring-plugin-core-1.2.0.RELEASE.jar


Action:

Correct the classpath of your application so that it contains a single, compatible version of org.springframework.plugin.core.PluginRegistry

2023-04-24 14:02:37.519 ERROR o.s.b.diagnostics.LoggingFailureAnalysisReporter  :40   [32m                  [0;39m 

***************************
APPLICATION FAILED TO START
***************************

Description:

An attempt was made to call a method that does not exist. The attempt was made from the following location:

    springfox.documentation.spring.web.plugins.DocumentationPluginsManager.createContextBuilder(DocumentationPluginsManager.java:154)

The following method did not exist:

    org.springframework.plugin.core.PluginRegistry.getPluginOrDefaultFor(Ljava/lang/Object;Lorg/springframework/plugin/core/Plugin;)Lorg/springframework/plugin/core/Plugin;

The method's class, org.springframework.plugin.core.PluginRegistry, is available from the following locations:

    jar:file:/D:/apache-maven-3.6.3/mavenRepository/repostitory/org/springframework/plugin/spring-plugin-core/1.2.0.RELEASE/spring-plugin-core-1.2.0.RELEASE.jar!/org/springframework/plugin/core/PluginRegistry.class

It was loaded from the following location:

    file:/D:/apache-maven-3.6.3/mavenRepository/repostitory/org/springframework/plugin/spring-plugin-core/1.2.0.RELEASE/spring-plugin-core-1.2.0.RELEASE.jar


Action:

Correct the classpath of your application so that it contains a single, compatible version of org.springframework.plugin.core.PluginRegistry

2023-04-24 14:04:27.054 ERROR o.s.b.diagnostics.LoggingFailureAnalysisReporter  :40   [32m                  [0;39m 

***************************
APPLICATION FAILED TO START
***************************

Description:

An attempt was made to call a method that does not exist. The attempt was made from the following location:

    springfox.documentation.schema.plugins.SchemaPluginsManager.viewProvider(SchemaPluginsManager.java:95)

The following method did not exist:

    org.springframework.plugin.core.PluginRegistry.getPluginFor(Ljava/lang/Object;)Ljava/util/Optional;

The method's class, org.springframework.plugin.core.PluginRegistry, is available from the following locations:

    jar:file:/D:/apache-maven-3.6.3/mavenRepository/repostitory/org/springframework/plugin/spring-plugin-core/1.2.0.RELEASE/spring-plugin-core-1.2.0.RELEASE.jar!/org/springframework/plugin/core/PluginRegistry.class

It was loaded from the following location:

    file:/D:/apache-maven-3.6.3/mavenRepository/repostitory/org/springframework/plugin/spring-plugin-core/1.2.0.RELEASE/spring-plugin-core-1.2.0.RELEASE.jar


Action:

Correct the classpath of your application so that it contains a single, compatible version of org.springframework.plugin.core.PluginRegistry

2023-04-24 14:07:15.830 ERROR o.s.b.diagnostics.LoggingFailureAnalysisReporter  :40   [32m                  [0;39m 

***************************
APPLICATION FAILED TO START
***************************

Description:

An attempt was made to call a method that does not exist. The attempt was made from the following location:

    springfox.documentation.spring.web.plugins.DocumentationPluginsManager.createContextBuilder(DocumentationPluginsManager.java:154)

The following method did not exist:

    org.springframework.plugin.core.PluginRegistry.getPluginOrDefaultFor(Ljava/lang/Object;Lorg/springframework/plugin/core/Plugin;)Lorg/springframework/plugin/core/Plugin;

The method's class, org.springframework.plugin.core.PluginRegistry, is available from the following locations:

    jar:file:/D:/apache-maven-3.6.3/mavenRepository/repostitory/org/springframework/plugin/spring-plugin-core/1.2.0.RELEASE/spring-plugin-core-1.2.0.RELEASE.jar!/org/springframework/plugin/core/PluginRegistry.class

It was loaded from the following location:

    file:/D:/apache-maven-3.6.3/mavenRepository/repostitory/org/springframework/plugin/spring-plugin-core/1.2.0.RELEASE/spring-plugin-core-1.2.0.RELEASE.jar


Action:

Correct the classpath of your application so that it contains a single, compatible version of org.springframework.plugin.core.PluginRegistry

2023-04-24 14:07:58.942 ERROR o.s.b.diagnostics.LoggingFailureAnalysisReporter  :40   [32m                  [0;39m 

***************************
APPLICATION FAILED TO START
***************************

Description:

An attempt was made to call a method that does not exist. The attempt was made from the following location:

    springfox.documentation.spring.web.plugins.DocumentationPluginsManager.createContextBuilder(DocumentationPluginsManager.java:154)

The following method did not exist:

    org.springframework.plugin.core.PluginRegistry.getPluginOrDefaultFor(Ljava/lang/Object;Lorg/springframework/plugin/core/Plugin;)Lorg/springframework/plugin/core/Plugin;

The method's class, org.springframework.plugin.core.PluginRegistry, is available from the following locations:

    jar:file:/D:/apache-maven-3.6.3/mavenRepository/repostitory/org/springframework/plugin/spring-plugin-core/1.2.0.RELEASE/spring-plugin-core-1.2.0.RELEASE.jar!/org/springframework/plugin/core/PluginRegistry.class

It was loaded from the following location:

    file:/D:/apache-maven-3.6.3/mavenRepository/repostitory/org/springframework/plugin/spring-plugin-core/1.2.0.RELEASE/spring-plugin-core-1.2.0.RELEASE.jar


Action:

Correct the classpath of your application so that it contains a single, compatible version of org.springframework.plugin.core.PluginRegistry

2023-04-24 14:08:14.605 ERROR o.s.b.diagnostics.LoggingFailureAnalysisReporter  :40   [32m                  [0;39m 

***************************
APPLICATION FAILED TO START
***************************

Description:

An attempt was made to call a method that does not exist. The attempt was made from the following location:

    springfox.documentation.spring.web.plugins.DocumentationPluginsManager.createContextBuilder(DocumentationPluginsManager.java:154)

The following method did not exist:

    org.springframework.plugin.core.PluginRegistry.getPluginOrDefaultFor(Ljava/lang/Object;Lorg/springframework/plugin/core/Plugin;)Lorg/springframework/plugin/core/Plugin;

The method's class, org.springframework.plugin.core.PluginRegistry, is available from the following locations:

    jar:file:/D:/apache-maven-3.6.3/mavenRepository/repostitory/org/springframework/plugin/spring-plugin-core/1.2.0.RELEASE/spring-plugin-core-1.2.0.RELEASE.jar!/org/springframework/plugin/core/PluginRegistry.class

It was loaded from the following location:

    file:/D:/apache-maven-3.6.3/mavenRepository/repostitory/org/springframework/plugin/spring-plugin-core/1.2.0.RELEASE/spring-plugin-core-1.2.0.RELEASE.jar


Action:

Correct the classpath of your application so that it contains a single, compatible version of org.springframework.plugin.core.PluginRegistry

2023-04-24 14:09:37.078 ERROR o.s.b.diagnostics.LoggingFailureAnalysisReporter  :40   [32m                  [0;39m 

***************************
APPLICATION FAILED TO START
***************************

Description:

An attempt was made to call a method that does not exist. The attempt was made from the following location:

    springfox.documentation.spring.web.plugins.DocumentationPluginsManager.createContextBuilder(DocumentationPluginsManager.java:154)

The following method did not exist:

    org.springframework.plugin.core.PluginRegistry.getPluginOrDefaultFor(Ljava/lang/Object;Lorg/springframework/plugin/core/Plugin;)Lorg/springframework/plugin/core/Plugin;

The method's class, org.springframework.plugin.core.PluginRegistry, is available from the following locations:

    jar:file:/D:/apache-maven-3.6.3/mavenRepository/repostitory/org/springframework/plugin/spring-plugin-core/1.2.0.RELEASE/spring-plugin-core-1.2.0.RELEASE.jar!/org/springframework/plugin/core/PluginRegistry.class

It was loaded from the following location:

    file:/D:/apache-maven-3.6.3/mavenRepository/repostitory/org/springframework/plugin/spring-plugin-core/1.2.0.RELEASE/spring-plugin-core-1.2.0.RELEASE.jar


Action:

Correct the classpath of your application so that it contains a single, compatible version of org.springframework.plugin.core.PluginRegistry

2023-04-24 14:12:26.544 ERROR o.s.b.diagnostics.LoggingFailureAnalysisReporter  :40   [32m                  [0;39m 

***************************
APPLICATION FAILED TO START
***************************

Description:

An attempt was made to call a method that does not exist. The attempt was made from the following location:

    springfox.documentation.spring.web.plugins.DocumentationPluginsManager.createContextBuilder(DocumentationPluginsManager.java:154)

The following method did not exist:

    org.springframework.plugin.core.PluginRegistry.getPluginOrDefaultFor(Ljava/lang/Object;Lorg/springframework/plugin/core/Plugin;)Lorg/springframework/plugin/core/Plugin;

The method's class, org.springframework.plugin.core.PluginRegistry, is available from the following locations:

    jar:file:/D:/apache-maven-3.6.3/mavenRepository/repostitory/org/springframework/plugin/spring-plugin-core/1.2.0.RELEASE/spring-plugin-core-1.2.0.RELEASE.jar!/org/springframework/plugin/core/PluginRegistry.class

It was loaded from the following location:

    file:/D:/apache-maven-3.6.3/mavenRepository/repostitory/org/springframework/plugin/spring-plugin-core/1.2.0.RELEASE/spring-plugin-core-1.2.0.RELEASE.jar


Action:

Correct the classpath of your application so that it contains a single, compatible version of org.springframework.plugin.core.PluginRegistry

2023-04-24 14:16:04.971 ERROR o.s.b.diagnostics.LoggingFailureAnalysisReporter  :40   [32m                  [0;39m 

***************************
APPLICATION FAILED TO START
***************************

Description:

An attempt was made to call a method that does not exist. The attempt was made from the following location:

    springfox.documentation.spring.web.plugins.DocumentationPluginsManager.createContextBuilder(DocumentationPluginsManager.java:154)

The following method did not exist:

    org.springframework.plugin.core.PluginRegistry.getPluginOrDefaultFor(Ljava/lang/Object;Lorg/springframework/plugin/core/Plugin;)Lorg/springframework/plugin/core/Plugin;

The method's class, org.springframework.plugin.core.PluginRegistry, is available from the following locations:

    jar:file:/D:/apache-maven-3.6.3/mavenRepository/repostitory/org/springframework/plugin/spring-plugin-core/1.2.0.RELEASE/spring-plugin-core-1.2.0.RELEASE.jar!/org/springframework/plugin/core/PluginRegistry.class

It was loaded from the following location:

    file:/D:/apache-maven-3.6.3/mavenRepository/repostitory/org/springframework/plugin/spring-plugin-core/1.2.0.RELEASE/spring-plugin-core-1.2.0.RELEASE.jar


Action:

Correct the classpath of your application so that it contains a single, compatible version of org.springframework.plugin.core.PluginRegistry

2023-04-24 14:23:03.948 ERROR o.s.b.diagnostics.LoggingFailureAnalysisReporter  :40   [32m                  [0;39m 

***************************
APPLICATION FAILED TO START
***************************

Description:

An attempt was made to call a method that does not exist. The attempt was made from the following location:

    springfox.documentation.spring.web.plugins.DocumentationPluginsManager.createContextBuilder(DocumentationPluginsManager.java:154)

The following method did not exist:

    org.springframework.plugin.core.PluginRegistry.getPluginOrDefaultFor(Ljava/lang/Object;Lorg/springframework/plugin/core/Plugin;)Lorg/springframework/plugin/core/Plugin;

The method's class, org.springframework.plugin.core.PluginRegistry, is available from the following locations:

    jar:file:/D:/apache-maven-3.6.3/mavenRepository/repostitory/org/springframework/plugin/spring-plugin-core/1.2.0.RELEASE/spring-plugin-core-1.2.0.RELEASE.jar!/org/springframework/plugin/core/PluginRegistry.class

It was loaded from the following location:

    file:/D:/apache-maven-3.6.3/mavenRepository/repostitory/org/springframework/plugin/spring-plugin-core/1.2.0.RELEASE/spring-plugin-core-1.2.0.RELEASE.jar


Action:

Correct the classpath of your application so that it contains a single, compatible version of org.springframework.plugin.core.PluginRegistry

2023-04-24 14:23:51.978 ERROR o.s.b.diagnostics.LoggingFailureAnalysisReporter  :40   [32m                  [0;39m 

***************************
APPLICATION FAILED TO START
***************************

Description:

Your project setup is incompatible with our requirements due to following reasons:

- Spring Boot [2.1.18.RELEASE] is not compatible with this Spring Cloud release train


Action:

Consider applying the following actions:

- Change Spring Boot version to one of the following versions [2.6.x, 2.7.x] .
You can find the latest Spring Boot versions here [https://spring.io/projects/spring-boot#learn]. 
If you want to learn more about the Spring Cloud Release train compatibility, you can visit this page [https://spring.io/projects/spring-cloud#overview] and check the [Release Trains] section.
If you want to disable this check, just set the property [spring.cloud.compatibility-verifier.enabled=false]


2023-04-24 14:31:59.568 ERROR o.s.b.diagnostics.LoggingFailureAnalysisReporter  :40   [32m                  [0;39m 

***************************
APPLICATION FAILED TO START
***************************

Description:

An attempt was made to call a method that does not exist. The attempt was made from the following location:

    springfox.documentation.spring.web.plugins.DocumentationPluginsManager.createContextBuilder(DocumentationPluginsManager.java:154)

The following method did not exist:

    org.springframework.plugin.core.PluginRegistry.getPluginOrDefaultFor(Ljava/lang/Object;Lorg/springframework/plugin/core/Plugin;)Lorg/springframework/plugin/core/Plugin;

The method's class, org.springframework.plugin.core.PluginRegistry, is available from the following locations:

    jar:file:/D:/apache-maven-3.6.3/mavenRepository/repostitory/org/springframework/plugin/spring-plugin-core/1.2.0.RELEASE/spring-plugin-core-1.2.0.RELEASE.jar!/org/springframework/plugin/core/PluginRegistry.class

It was loaded from the following location:

    file:/D:/apache-maven-3.6.3/mavenRepository/repostitory/org/springframework/plugin/spring-plugin-core/1.2.0.RELEASE/spring-plugin-core-1.2.0.RELEASE.jar


Action:

Correct the classpath of your application so that it contains a single, compatible version of org.springframework.plugin.core.PluginRegistry

2023-04-24 14:40:35.024 ERROR o.s.b.diagnostics.LoggingFailureAnalysisReporter  :40   [32m                  [0;39m 

***************************
APPLICATION FAILED TO START
***************************

Description:

An attempt was made to call a method that does not exist. The attempt was made from the following location:

    springfox.documentation.spring.web.plugins.DocumentationPluginsManager.createContextBuilder(DocumentationPluginsManager.java:154)

The following method did not exist:

    org.springframework.plugin.core.PluginRegistry.getPluginOrDefaultFor(Ljava/lang/Object;Lorg/springframework/plugin/core/Plugin;)Lorg/springframework/plugin/core/Plugin;

The method's class, org.springframework.plugin.core.PluginRegistry, is available from the following locations:

    jar:file:/D:/apache-maven-3.6.3/mavenRepository/repostitory/org/springframework/plugin/spring-plugin-core/1.2.0.RELEASE/spring-plugin-core-1.2.0.RELEASE.jar!/org/springframework/plugin/core/PluginRegistry.class

It was loaded from the following location:

    file:/D:/apache-maven-3.6.3/mavenRepository/repostitory/org/springframework/plugin/spring-plugin-core/1.2.0.RELEASE/spring-plugin-core-1.2.0.RELEASE.jar


Action:

Correct the classpath of your application so that it contains a single, compatible version of org.springframework.plugin.core.PluginRegistry

