2023-05-01 14:13:28.288 INFO  com.train.TrainSystemManagementApplication        :50   [32m                  [0;39m Starting TrainSystemManagementApplication on DESKTOP-J1SB6R6 with PID 15032 (D:\studies\backend\train-parents\train-system-management\target\classes started by 86180 in D:\studies\backend\train-parents)
2023-05-01 14:13:28.294 INFO  com.train.TrainSystemManagementApplication        :652  [32m                  [0;39m The following profiles are active: dev
2023-05-01 14:13:29.732 INFO  o.s.boot.web.embedded.tomcat.TomcatWebServer      :90   [32m                  [0;39m Tomcat initialized with port(s): 10002 (http)
2023-05-01 14:13:29.747 INFO  org.apache.coyote.http11.Http11NioProtocol        :173  [32m                  [0;39m Initializing ProtocolHandler ["http-nio-10002"]
2023-05-01 14:13:29.757 INFO  org.apache.catalina.core.StandardService          :173  [32m                  [0;39m Starting service [Tomcat]
2023-05-01 14:13:29.758 INFO  org.apache.catalina.core.StandardEngine           :173  [32m                  [0;39m Starting Servlet engine: [Apache Tomcat/9.0.39]
2023-05-01 14:13:29.857 INFO  o.a.c.c.C.[.[localhost].[/system/management]      :173  [32m                  [0;39m Initializing Spring embedded WebApplicationContext
2023-05-01 14:13:29.858 INFO  org.springframework.web.context.ContextLoader     :284  [32m                  [0;39m Root WebApplicationContext: initialization completed in 1518 ms
2023-05-01 14:13:30.621 INFO  s.d.s.w.WebMvcPropertySourcedRequestMappingHandlerMapping:69   [32m                  [0;39m Mapped URL path [/v2/api-docs] onto method [public org.springframework.http.ResponseEntity<springfox.documentation.spring.web.json.Json> springfox.documentation.swagger2.web.Swagger2ControllerWebMvc.getDocumentation(java.lang.String,javax.servlet.http.HttpServletRequest)]
2023-05-01 14:13:30.797 INFO  o.s.scheduling.concurrent.ThreadPoolTaskExecutor  :171  [32m                  [0;39m Initializing ExecutorService 'applicationTaskExecutor'
2023-05-01 14:13:31.079 INFO  o.s.scheduling.concurrent.ThreadPoolTaskScheduler :171  [32m                  [0;39m Initializing ExecutorService 'taskScheduler'
2023-05-01 14:13:31.124 INFO  s.d.s.web.plugins.DocumentationPluginsBootstrapper:93   [32m                  [0;39m Documentation plugins bootstrapped
2023-05-01 14:13:31.126 INFO  s.d.s.web.plugins.DocumentationPluginsBootstrapper:79   [32m                  [0;39m Found 1 custom documentation plugin(s)
2023-05-01 14:13:31.156 INFO  s.d.spring.web.scanners.ApiListingReferenceScanner:44   [32m                  [0;39m Scanning for api listing references
2023-05-01 14:13:31.362 INFO  org.apache.coyote.http11.Http11NioProtocol        :173  [32m                  [0;39m Starting ProtocolHandler ["http-nio-10002"]
2023-05-01 14:13:31.384 INFO  o.s.boot.web.embedded.tomcat.TomcatWebServer      :202  [32m                  [0;39m Tomcat started on port(s): 10002 (http) with context path '/system/management'
2023-05-01 14:13:31.387 INFO  com.train.TrainSystemManagementApplication        :59   [32m                  [0;39m Started TrainSystemManagementApplication in 3.572 seconds (JVM running for 5.225)
2023-05-01 14:13:31.389 INFO  com.train.TrainSystemManagementApplication        :22   [32m                  [0;39m 启动成功！！
2023-05-01 14:13:31.389 INFO  com.train.TrainSystemManagementApplication        :23   [32m                  [0;39m 系统支撑服务地址: 	http://127.0.0.1:10002
2023-05-01 14:18:32.967 INFO  o.s.scheduling.concurrent.ThreadPoolTaskScheduler :208  [32m                  [0;39m Shutting down ExecutorService 'taskScheduler'
2023-05-01 14:18:32.968 INFO  o.s.scheduling.concurrent.ThreadPoolTaskExecutor  :208  [32m                  [0;39m Shutting down ExecutorService 'applicationTaskExecutor'
2023-05-01 14:18:37.738 DEBUG o.h.validator.internal.engine.ValidatorFactoryImpl:588  [32m                  [0;39m HV000234: Using org.hibernate.validator.internal.engine.resolver.TraverseAllTraversableResolver as ValidatorFactory-scoped traversable resolver.
2023-05-01 14:18:37.794 INFO  com.train.TrainSystemManagementApplication        :50   [32m                  [0;39m Starting TrainSystemManagementApplication on DESKTOP-J1SB6R6 with PID 14360 (D:\studies\backend\train-parents\train-system-management\target\classes started by 86180 in D:\studies\backend\train-parents)
2023-05-01 14:18:37.795 INFO  com.train.TrainSystemManagementApplication        :652  [32m                  [0;39m The following profiles are active: dev
2023-05-01 14:18:39.059 INFO  o.s.boot.web.embedded.tomcat.TomcatWebServer      :90   [32m                  [0;39m Tomcat initialized with port(s): 10002 (http)
2023-05-01 14:18:39.071 INFO  org.apache.coyote.http11.Http11NioProtocol        :173  [32m                  [0;39m Initializing ProtocolHandler ["http-nio-10002"]
2023-05-01 14:18:39.080 INFO  org.apache.catalina.core.StandardService          :173  [32m                  [0;39m Starting service [Tomcat]
2023-05-01 14:18:39.081 INFO  org.apache.catalina.core.StandardEngine           :173  [32m                  [0;39m Starting Servlet engine: [Apache Tomcat/9.0.39]
2023-05-01 14:18:39.162 INFO  o.a.c.c.C.[.[localhost].[/system/management]      :173  [32m                  [0;39m Initializing Spring embedded WebApplicationContext
2023-05-01 14:18:39.162 INFO  org.springframework.web.context.ContextLoader     :284  [32m                  [0;39m Root WebApplicationContext: initialization completed in 1328 ms
2023-05-01 14:18:39.722 INFO  s.d.s.w.WebMvcPropertySourcedRequestMappingHandlerMapping:69   [32m                  [0;39m Mapped URL path [/v2/api-docs] onto method [public org.springframework.http.ResponseEntity<springfox.documentation.spring.web.json.Json> springfox.documentation.swagger2.web.Swagger2ControllerWebMvc.getDocumentation(java.lang.String,javax.servlet.http.HttpServletRequest)]
2023-05-01 14:18:39.847 INFO  o.s.scheduling.concurrent.ThreadPoolTaskExecutor  :171  [32m                  [0;39m Initializing ExecutorService 'applicationTaskExecutor'
2023-05-01 14:18:40.072 INFO  o.s.scheduling.concurrent.ThreadPoolTaskScheduler :171  [32m                  [0;39m Initializing ExecutorService 'taskScheduler'
2023-05-01 14:18:40.131 INFO  s.d.s.web.plugins.DocumentationPluginsBootstrapper:93   [32m                  [0;39m Documentation plugins bootstrapped
2023-05-01 14:18:40.134 INFO  s.d.s.web.plugins.DocumentationPluginsBootstrapper:79   [32m                  [0;39m Found 1 custom documentation plugin(s)
2023-05-01 14:18:40.160 INFO  s.d.spring.web.scanners.ApiListingReferenceScanner:44   [32m                  [0;39m Scanning for api listing references
2023-05-01 14:18:40.316 INFO  org.apache.coyote.http11.Http11NioProtocol        :173  [32m                  [0;39m Starting ProtocolHandler ["http-nio-10002"]
2023-05-01 14:18:40.337 INFO  o.s.boot.web.embedded.tomcat.TomcatWebServer      :202  [32m                  [0;39m Tomcat started on port(s): 10002 (http) with context path '/system/management'
2023-05-01 14:18:40.340 INFO  com.train.TrainSystemManagementApplication        :59   [32m                  [0;39m Started TrainSystemManagementApplication in 2.877 seconds (JVM running for 3.961)
2023-05-01 14:18:40.342 INFO  com.train.TrainSystemManagementApplication        :22   [32m                  [0;39m 启动成功！！
2023-05-01 14:18:40.342 INFO  com.train.TrainSystemManagementApplication        :23   [32m                  [0;39m 系统支撑服务地址: 	http://127.0.0.1:10002
2023-05-01 14:18:54.589 INFO  o.a.c.c.C.[.[localhost].[/system/management]      :173  [32m                  [0;39m Initializing Spring DispatcherServlet 'dispatcherServlet'
2023-05-01 14:18:54.589 INFO  org.springframework.web.servlet.DispatcherServlet :525  [32m                  [0;39m Initializing Servlet 'dispatcherServlet'
2023-05-01 14:18:54.596 INFO  org.springframework.web.servlet.DispatcherServlet :547  [32m                  [0;39m Completed initialization in 7 ms
2023-05-01 14:18:54.688 INFO  com.train.common.aspect.LogAspect                 :50   [32m1682921934606h2l  [0;39m ------------- 开始 -------------
2023-05-01 14:18:54.689 INFO  com.train.common.aspect.LogAspect                 :51   [32m1682921934606h2l  [0;39m 请求地址: http://127.0.0.1:10002/system/management/account/login POST
2023-05-01 14:18:54.689 INFO  com.train.common.aspect.LogAspect                 :52   [32m1682921934606h2l  [0;39m 类名方法: com.train.controller.AccountController.login
2023-05-01 14:18:54.690 INFO  com.train.common.aspect.LogAspect                 :53   [32m1682921934606h2l  [0;39m 远程地址: 127.0.0.1
2023-05-01 14:18:54.745 INFO  com.train.common.aspect.LogAspect                 :74   [32m1682921934606h2l  [0;39m 请求参数: [{"code":"p4v2","mobile":"13012345671"}]
2023-05-01 14:18:54.801 INFO  com.zaxxer.hikari.HikariDataSource                :110  [32m1682921934606h2l  [0;39m HikariPool-1 - Starting...
2023-05-01 14:18:54.933 INFO  com.zaxxer.hikari.HikariDataSource                :123  [32m1682921934606h2l  [0;39m HikariPool-1 - Start completed.
2023-05-01 14:18:54.938 DEBUG com.train.mapper.AccountInfoMapper.selectByExample:181  [32m1682921934606h2l  [0;39m ==>  Preparing: select id, mobile from account_info WHERE ( mobile = ? ) 
2023-05-01 14:18:54.949 DEBUG com.train.mapper.AccountInfoMapper.selectByExample:181  [32m1682921934606h2l  [0;39m ==> Parameters: 13012345671(String)
2023-05-01 14:18:54.958 TRACE com.train.mapper.AccountInfoMapper.selectByExample:187  [32m1682921934606h2l  [0;39m <==    Columns: id, mobile
2023-05-01 14:18:54.958 TRACE com.train.mapper.AccountInfoMapper.selectByExample:187  [32m1682921934606h2l  [0;39m <==        Row: 1650458088387514368, 13012345671
2023-05-01 14:18:54.959 DEBUG com.train.mapper.AccountInfoMapper.selectByExample:181  [32m1682921934606h2l  [0;39m <==      Total: 1
2023-05-01 14:18:54.966 DEBUG com.train.mapper.SmsRecordMapper.selectByExample  :181  [32m1682921934606h2l  [0;39m ==>  Preparing: select id, mobile, code, send_time, expire_time, send_status, send_type from sms_record WHERE ( mobile = ? ) 
2023-05-01 14:18:54.966 DEBUG com.train.mapper.SmsRecordMapper.selectByExample  :181  [32m1682921934606h2l  [0;39m ==> Parameters: 13012345671(String)
2023-05-01 14:18:54.967 TRACE com.train.mapper.SmsRecordMapper.selectByExample  :187  [32m1682921934606h2l  [0;39m <==    Columns: id, mobile, code, send_time, expire_time, send_status, send_type
2023-05-01 14:18:54.970 TRACE com.train.mapper.SmsRecordMapper.selectByExample  :187  [32m1682921934606h2l  [0;39m <==        Row: 1650840945979166720, 13012345671, p4v2, 2023-04-29 12:33:05.0, 2023-04-29 12:33:07.0, 1, 1
2023-05-01 14:18:54.971 DEBUG com.train.mapper.SmsRecordMapper.selectByExample  :181  [32m1682921934606h2l  [0;39m <==      Total: 1
2023-05-01 14:18:55.519 INFO  com.train.common.util.JwtUtil                     :37   [32m1682921934606h2l  [0;39m 生成JWT token：eyJ0eXAiOiJKV1QiLCJhbGciOiJIUzI1NiJ9.eyJuYmYiOjE2ODI5MjE5MzUsIm1vYmlsZSI6IjEzMDEyMzQ1NjcxIiwiaWQiOjE2NTA0NTgwODgzODc1MTQzNjgsImV4cCI6MTY4MzAwODMzNSwiaWF0IjoxNjgyOTIxOTM1fQ.vkDaeZyBRUK-vJv6L3DnESZadXhACh7G5oTMf_zvTN0
2023-05-01 14:18:55.523 INFO  com.train.common.aspect.LogAspect                 :86   [32m1682921934606h2l  [0;39m 返回结果: {"code":200,"msg":"操作成功","result":{"accessToken":"eyJ0eXAiOiJKV1QiLCJhbGciOiJIUzI1NiJ9.eyJuYmYiOjE2ODI5MjE5MzUsIm1vYmlsZSI6IjEzMDEyMzQ1NjcxIiwiaWQiOjE2NTA0NTgwODgzODc1MTQzNjgsImV4cCI6MTY4MzAwODMzNSwiaWF0IjoxNjgyOTIxOTM1fQ.vkDaeZyBRUK-vJv6L3DnESZadXhACh7G5oTMf_zvTN0","id":1650458088387514368,"mobile":"13012345671"}}
2023-05-01 14:18:55.523 INFO  com.train.common.aspect.LogAspect                 :87   [32m1682921934606h2l  [0;39m ------------- 结束 耗时：836 ms -------------
2023-05-01 15:26:00.789 INFO  o.s.scheduling.concurrent.ThreadPoolTaskScheduler :208  [32m                  [0;39m Shutting down ExecutorService 'taskScheduler'
2023-05-01 15:26:00.791 INFO  o.s.scheduling.concurrent.ThreadPoolTaskExecutor  :208  [32m                  [0;39m Shutting down ExecutorService 'applicationTaskExecutor'
2023-05-01 15:26:00.794 INFO  com.zaxxer.hikari.HikariDataSource                :350  [32m                  [0;39m HikariPool-1 - Shutdown initiated...
2023-05-01 15:26:00.796 INFO  com.zaxxer.hikari.HikariDataSource                :352  [32m                  [0;39m HikariPool-1 - Shutdown completed.
