2023-05-07 17:13:56.748 INFO  com.train.TrainSystemManagementApplication        :50   [32m                  [0;39m Starting TrainSystemManagementApplication on DESKTOP-J1SB6R6 with PID 3944 (D:\studies\backend\train-parents\train-system-management\target\classes started by 86180 in D:\studies\backend\train-parents)
2023-05-07 17:13:56.753 INFO  com.train.TrainSystemManagementApplication        :652  [32m                  [0;39m The following profiles are active: dev
2023-05-07 17:13:58.213 INFO  o.s.boot.web.embedded.tomcat.TomcatWebServer      :90   [32m                  [0;39m Tomcat initialized with port(s): 10002 (http)
2023-05-07 17:13:58.223 INFO  org.apache.coyote.http11.Http11NioProtocol        :173  [32m                  [0;39m Initializing ProtocolHandler ["http-nio-10002"]
2023-05-07 17:13:58.231 INFO  org.apache.catalina.core.StandardService          :173  [32m                  [0;39m Starting service [Tomcat]
2023-05-07 17:13:58.231 INFO  org.apache.catalina.core.StandardEngine           :173  [32m                  [0;39m Starting Servlet engine: [Apache Tomcat/9.0.39]
2023-05-07 17:13:58.311 INFO  o.a.c.c.C.[.[localhost].[/system/management]      :173  [32m                  [0;39m Initializing Spring embedded WebApplicationContext
2023-05-07 17:13:58.311 INFO  org.springframework.web.context.ContextLoader     :284  [32m                  [0;39m Root WebApplicationContext: initialization completed in 1497 ms
2023-05-07 17:13:58.938 INFO  s.d.s.w.WebMvcPropertySourcedRequestMappingHandlerMapping:69   [32m                  [0;39m Mapped URL path [/v2/api-docs] onto method [public org.springframework.http.ResponseEntity<springfox.documentation.spring.web.json.Json> springfox.documentation.swagger2.web.Swagger2ControllerWebMvc.getDocumentation(java.lang.String,javax.servlet.http.HttpServletRequest)]
2023-05-07 17:13:59.085 INFO  o.s.scheduling.concurrent.ThreadPoolTaskExecutor  :171  [32m                  [0;39m Initializing ExecutorService 'applicationTaskExecutor'
2023-05-07 17:13:59.351 INFO  o.s.scheduling.concurrent.ThreadPoolTaskScheduler :171  [32m                  [0;39m Initializing ExecutorService 'taskScheduler'
2023-05-07 17:13:59.400 INFO  s.d.s.web.plugins.DocumentationPluginsBootstrapper:93   [32m                  [0;39m Documentation plugins bootstrapped
2023-05-07 17:13:59.403 INFO  s.d.s.web.plugins.DocumentationPluginsBootstrapper:79   [32m                  [0;39m Found 1 custom documentation plugin(s)
2023-05-07 17:13:59.431 INFO  s.d.spring.web.scanners.ApiListingReferenceScanner:44   [32m                  [0;39m Scanning for api listing references
2023-05-07 17:13:59.599 INFO  org.apache.coyote.http11.Http11NioProtocol        :173  [32m                  [0;39m Starting ProtocolHandler ["http-nio-10002"]
2023-05-07 17:13:59.617 INFO  o.s.boot.web.embedded.tomcat.TomcatWebServer      :202  [32m                  [0;39m Tomcat started on port(s): 10002 (http) with context path '/system/management'
2023-05-07 17:13:59.620 INFO  com.train.TrainSystemManagementApplication        :59   [32m                  [0;39m Started TrainSystemManagementApplication in 3.414 seconds (JVM running for 4.93)
2023-05-07 17:13:59.621 INFO  com.train.TrainSystemManagementApplication        :22   [32m                  [0;39m 启动成功！！
2023-05-07 17:13:59.622 INFO  com.train.TrainSystemManagementApplication        :23   [32m                  [0;39m 系统支撑服务地址: 	http://127.0.0.1:10002
2023-05-07 17:14:03.897 INFO  o.a.c.c.C.[.[localhost].[/system/management]      :173  [32m                  [0;39m Initializing Spring DispatcherServlet 'dispatcherServlet'
2023-05-07 17:14:03.897 INFO  org.springframework.web.servlet.DispatcherServlet :525  [32m                  [0;39m Initializing Servlet 'dispatcherServlet'
2023-05-07 17:14:03.905 INFO  org.springframework.web.servlet.DispatcherServlet :547  [32m                  [0;39m Completed initialization in 8 ms
2023-05-07 17:14:04.010 INFO  com.train.common.aspect.LogAspect                 :50   [32m1683450843920mm9  [0;39m ------------- 开始 -------------
2023-05-07 17:14:04.011 INFO  com.train.common.aspect.LogAspect                 :51   [32m1683450843920mm9  [0;39m 请求地址: http://127.0.0.1:10002/system/management/account/rendCode POST
2023-05-07 17:14:04.011 INFO  com.train.common.aspect.LogAspect                 :52   [32m1683450843920mm9  [0;39m 类名方法: com.train.controller.AccountController.rendCode
2023-05-07 17:14:04.011 INFO  com.train.common.aspect.LogAspect                 :53   [32m1683450843920mm9  [0;39m 远程地址: 127.0.0.1
2023-05-07 17:14:04.062 INFO  com.train.common.aspect.LogAspect                 :74   [32m1683450843920mm9  [0;39m 请求参数: [{"mobile":"13012345671"}]
2023-05-07 17:14:04.103 INFO  com.zaxxer.hikari.HikariDataSource                :110  [32m1683450843920mm9  [0;39m HikariPool-1 - Starting...
2023-05-07 17:14:04.230 INFO  com.zaxxer.hikari.HikariDataSource                :123  [32m1683450843920mm9  [0;39m HikariPool-1 - Start completed.
2023-05-07 17:14:04.234 DEBUG com.train.mapper.AccountInfoMapper.selectByExample:181  [32m1683450843920mm9  [0;39m ==>  Preparing: select id, mobile from account_info WHERE ( mobile = ? ) 
2023-05-07 17:14:04.245 DEBUG com.train.mapper.AccountInfoMapper.selectByExample:181  [32m1683450843920mm9  [0;39m ==> Parameters: 13012345671(String)
2023-05-07 17:14:04.258 TRACE com.train.mapper.AccountInfoMapper.selectByExample:187  [32m1683450843920mm9  [0;39m <==    Columns: id, mobile
2023-05-07 17:14:04.258 TRACE com.train.mapper.AccountInfoMapper.selectByExample:187  [32m1683450843920mm9  [0;39m <==        Row: 1650458088387514368, 13012345671
2023-05-07 17:14:04.259 DEBUG com.train.mapper.AccountInfoMapper.selectByExample:181  [32m1683450843920mm9  [0;39m <==      Total: 1
2023-05-07 17:14:04.264 INFO  com.train.service.AccountService                  :86   [32m1683450843920mm9  [0;39m 手机号存在，不需要插入数据
2023-05-07 17:14:04.267 DEBUG com.train.mapper.SmsRecordMapper.selectByExample  :181  [32m1683450843920mm9  [0;39m ==>  Preparing: select id, mobile, code, send_time, expire_time, send_status, send_type from sms_record WHERE ( mobile = ? ) 
2023-05-07 17:14:04.267 DEBUG com.train.mapper.SmsRecordMapper.selectByExample  :181  [32m1683450843920mm9  [0;39m ==> Parameters: 13012345671(String)
2023-05-07 17:14:04.274 TRACE com.train.mapper.SmsRecordMapper.selectByExample  :187  [32m1683450843920mm9  [0;39m <==    Columns: id, mobile, code, send_time, expire_time, send_status, send_type
2023-05-07 17:14:04.276 TRACE com.train.mapper.SmsRecordMapper.selectByExample  :187  [32m1683450843920mm9  [0;39m <==        Row: 1650840945979166720, 13012345671, p4v2, 2023-04-29 12:33:05.0, 2023-04-29 12:33:07.0, 1, 1
2023-05-07 17:14:04.277 DEBUG com.train.mapper.SmsRecordMapper.selectByExample  :181  [32m1683450843920mm9  [0;39m <==      Total: 1
2023-05-07 17:14:04.280 INFO  com.train.common.aspect.LogAspect                 :86   [32m1683450843920mm9  [0;39m 返回结果: {"code":200,"msg":"操作成功","result":"p4v2"}
2023-05-07 17:14:04.280 INFO  com.train.common.aspect.LogAspect                 :87   [32m1683450843920mm9  [0;39m ------------- 结束 耗时：271 ms -------------
2023-05-07 17:14:05.332 INFO  com.train.common.aspect.LogAspect                 :50   [32m1683450845329vz1  [0;39m ------------- 开始 -------------
2023-05-07 17:14:05.333 INFO  com.train.common.aspect.LogAspect                 :51   [32m1683450845329vz1  [0;39m 请求地址: http://127.0.0.1:10002/system/management/account/login POST
2023-05-07 17:14:05.333 INFO  com.train.common.aspect.LogAspect                 :52   [32m1683450845329vz1  [0;39m 类名方法: com.train.controller.AccountController.login
2023-05-07 17:14:05.333 INFO  com.train.common.aspect.LogAspect                 :53   [32m1683450845329vz1  [0;39m 远程地址: 127.0.0.1
2023-05-07 17:14:05.335 INFO  com.train.common.aspect.LogAspect                 :74   [32m1683450845329vz1  [0;39m 请求参数: [{"code":"p4v2","mobile":"13012345671"}]
2023-05-07 17:14:05.336 DEBUG com.train.mapper.AccountInfoMapper.selectByExample:181  [32m1683450845329vz1  [0;39m ==>  Preparing: select id, mobile from account_info WHERE ( mobile = ? ) 
2023-05-07 17:14:05.336 DEBUG com.train.mapper.AccountInfoMapper.selectByExample:181  [32m1683450845329vz1  [0;39m ==> Parameters: 13012345671(String)
2023-05-07 17:14:05.337 TRACE com.train.mapper.AccountInfoMapper.selectByExample:187  [32m1683450845329vz1  [0;39m <==    Columns: id, mobile
2023-05-07 17:14:05.338 TRACE com.train.mapper.AccountInfoMapper.selectByExample:187  [32m1683450845329vz1  [0;39m <==        Row: 1650458088387514368, 13012345671
2023-05-07 17:14:05.338 DEBUG com.train.mapper.AccountInfoMapper.selectByExample:181  [32m1683450845329vz1  [0;39m <==      Total: 1
2023-05-07 17:14:05.340 DEBUG com.train.mapper.SmsRecordMapper.selectByExample  :181  [32m1683450845329vz1  [0;39m ==>  Preparing: select id, mobile, code, send_time, expire_time, send_status, send_type from sms_record WHERE ( mobile = ? ) 
2023-05-07 17:14:05.340 DEBUG com.train.mapper.SmsRecordMapper.selectByExample  :181  [32m1683450845329vz1  [0;39m ==> Parameters: 13012345671(String)
2023-05-07 17:14:05.341 TRACE com.train.mapper.SmsRecordMapper.selectByExample  :187  [32m1683450845329vz1  [0;39m <==    Columns: id, mobile, code, send_time, expire_time, send_status, send_type
2023-05-07 17:14:05.341 TRACE com.train.mapper.SmsRecordMapper.selectByExample  :187  [32m1683450845329vz1  [0;39m <==        Row: 1650840945979166720, 13012345671, p4v2, 2023-04-29 12:33:05.0, 2023-04-29 12:33:07.0, 1, 1
2023-05-07 17:14:05.342 DEBUG com.train.mapper.SmsRecordMapper.selectByExample  :181  [32m1683450845329vz1  [0;39m <==      Total: 1
2023-05-07 17:14:05.961 INFO  com.train.common.util.JwtUtil                     :37   [32m1683450845329vz1  [0;39m 生成JWT token：eyJ0eXAiOiJKV1QiLCJhbGciOiJIUzI1NiJ9.eyJuYmYiOjE2ODM0NTA4NDUsIm1vYmlsZSI6IjEzMDEyMzQ1NjcxIiwiaWQiOjE2NTA0NTgwODgzODc1MTQzNjgsImV4cCI6MTY4MzUzNzI0NSwiaWF0IjoxNjgzNDUwODQ1fQ.eji-4AqyKrLw--K-AKsBJTOTLb81BZJdh69Wxjkju7g
2023-05-07 17:14:05.962 INFO  com.train.common.aspect.LogAspect                 :86   [32m1683450845329vz1  [0;39m 返回结果: {"code":200,"msg":"操作成功","result":{"accessToken":"eyJ0eXAiOiJKV1QiLCJhbGciOiJIUzI1NiJ9.eyJuYmYiOjE2ODM0NTA4NDUsIm1vYmlsZSI6IjEzMDEyMzQ1NjcxIiwiaWQiOjE2NTA0NTgwODgzODc1MTQzNjgsImV4cCI6MTY4MzUzNzI0NSwiaWF0IjoxNjgzNDUwODQ1fQ.eji-4AqyKrLw--K-AKsBJTOTLb81BZJdh69Wxjkju7g","id":1650458088387514368,"mobile":"13012345671"}}
2023-05-07 17:14:05.963 INFO  com.train.common.aspect.LogAspect                 :87   [32m1683450845329vz1  [0;39m ------------- 结束 耗时：631 ms -------------
2023-05-07 17:14:08.840 INFO  com.train.common.interceptor.AccountInterceptor   :30   [32m16834508488405mz  [0;39m 获取账号登录accessToken：eyJ0eXAiOiJKV1QiLCJhbGciOiJIUzI1NiJ9.eyJuYmYiOjE2ODM0NTA4NDUsIm1vYmlsZSI6IjEzMDEyMzQ1NjcxIiwiaWQiOjE2NTA0NTgwODgzODc1MTQzNjgsImV4cCI6MTY4MzUzNzI0NSwiaWF0IjoxNjgzNDUwODQ1fQ.eji-4AqyKrLw--K-AKsBJTOTLb81BZJdh69Wxjkju7g
2023-05-07 17:14:08.849 INFO  com.train.common.util.JwtUtil                     :55   [32m16834508488405mz  [0;39m 根据token获取原始内容：{"mobile":"13012345671","id":1650458088387514368}
2023-05-07 17:14:08.849 INFO  com.train.common.interceptor.AccountInterceptor   :32   [32m16834508488405mz  [0;39m 当前登录账号：{"mobile":"13012345671","id":1650458088387514368}
2023-05-07 17:14:08.867 INFO  com.train.common.aspect.LogAspect                 :50   [32m16834508488405mz  [0;39m ------------- 开始 -------------
2023-05-07 17:14:08.867 INFO  com.train.common.aspect.LogAspect                 :51   [32m16834508488405mz  [0;39m 请求地址: http://127.0.0.1:10002/system/management/accountPassenger/queryList GET
2023-05-07 17:14:08.867 INFO  com.train.common.aspect.LogAspect                 :52   [32m16834508488405mz  [0;39m 类名方法: com.train.controller.AccountPassengerController.queryList
2023-05-07 17:14:08.867 INFO  com.train.common.aspect.LogAspect                 :53   [32m16834508488405mz  [0;39m 远程地址: 127.0.0.1
2023-05-07 17:14:08.869 INFO  com.train.common.aspect.LogAspect                 :74   [32m16834508488405mz  [0;39m 请求参数: [{"pageNum":1,"pageSize":20}]
2023-05-07 17:14:08.906 DEBUG c.t.m.AccountPassengerMapper.selectByExample_COUNT:181  [32m16834508488405mz  [0;39m ==>  Preparing: SELECT count(0) FROM account_passenger WHERE (member_id = ?) 
2023-05-07 17:14:08.907 DEBUG c.t.m.AccountPassengerMapper.selectByExample_COUNT:181  [32m16834508488405mz  [0;39m ==> Parameters: 1650458088387514368(Long)
2023-05-07 17:14:08.911 TRACE c.t.m.AccountPassengerMapper.selectByExample_COUNT:187  [32m16834508488405mz  [0;39m <==    Columns: count(0)
2023-05-07 17:14:08.911 TRACE c.t.m.AccountPassengerMapper.selectByExample_COUNT:187  [32m16834508488405mz  [0;39m <==        Row: 4
2023-05-07 17:14:08.912 DEBUG c.t.m.AccountPassengerMapper.selectByExample_COUNT:181  [32m16834508488405mz  [0;39m <==      Total: 1
2023-05-07 17:14:08.913 DEBUG c.t.mapper.AccountPassengerMapper.selectByExample :181  [32m16834508488405mz  [0;39m ==>  Preparing: select id, member_id, `name`, id_card, phone, `type`, create_time, update_time from account_passenger WHERE ( member_id = ? ) LIMIT ? 
2023-05-07 17:14:08.914 DEBUG c.t.mapper.AccountPassengerMapper.selectByExample :181  [32m16834508488405mz  [0;39m ==> Parameters: 1650458088387514368(Long), 20(Integer)
2023-05-07 17:14:08.918 TRACE c.t.mapper.AccountPassengerMapper.selectByExample :187  [32m16834508488405mz  [0;39m <==    Columns: id, member_id, name, id_card, phone, type, create_time, update_time
2023-05-07 17:14:08.919 TRACE c.t.mapper.AccountPassengerMapper.selectByExample :187  [32m16834508488405mz  [0;39m <==        Row: 1652194811429654528, 1650458088387514368, test, 123321, 13012345671, 01, 2023-04-29 14:15:14.0, 2023-04-29 14:15:14.0
2023-05-07 17:14:08.919 TRACE c.t.mapper.AccountPassengerMapper.selectByExample :187  [32m16834508488405mz  [0;39m <==        Row: 1652216014135496704, 1650458088387514368, tes11t, 123321111, 13012345671, 01, 2023-04-29 15:39:29.0, 2023-04-29 15:41:54.0
2023-05-07 17:14:08.920 TRACE c.t.mapper.AccountPassengerMapper.selectByExample :187  [32m16834508488405mz  [0;39m <==        Row: 1652223787648815104, 1650458088387514368, 12321321, 312312, 123213, 01, 2023-04-29 16:10:22.0, 2023-04-29 16:10:22.0
2023-05-07 17:14:08.920 TRACE c.t.mapper.AccountPassengerMapper.selectByExample :187  [32m16834508488405mz  [0;39m <==        Row: 1652224002757890048, 1650458088387514368, 12阿巴巴, 312312, 123213, 01, 2023-04-29 16:11:14.0, 2023-04-29 16:11:14.0
2023-05-07 17:14:08.920 DEBUG c.t.mapper.AccountPassengerMapper.selectByExample :181  [32m16834508488405mz  [0;39m <==      Total: 4
2023-05-07 17:14:08.928 INFO  com.train.common.aspect.LogAspect                 :86   [32m16834508488405mz  [0;39m 返回结果: {"code":200,"pageNum":1,"pageSize":4,"pageTotal":1,"result":[{"createTime":1682748914000,"id":1652194811429654528,"idCard":"123321","memberId":1650458088387514368,"name":"test","phone":"13012345671","type":"01","updateTime":1682748914000},{"createTime":1682753969000,"id":1652216014135496704,"idCard":"123321111","memberId":1650458088387514368,"name":"tes11t","phone":"13012345671","type":"01","updateTime":1682754114000},{"createTime":1682755822000,"id":1652223787648815104,"idCard":"312312","memberId":1650458088387514368,"name":"12321321","phone":"123213","type":"01","updateTime":1682755822000},{"createTime":1682755874000,"id":1652224002757890048,"idCard":"312312","memberId":1650458088387514368,"name":"12阿巴巴","phone":"123213","type":"01","updateTime":1682755874000}],"total":4}
2023-05-07 17:14:08.929 INFO  com.train.common.aspect.LogAspect                 :87   [32m16834508488405mz  [0;39m ------------- 结束 耗时：62 ms -------------
2023-05-07 17:35:29.535 INFO  o.s.scheduling.concurrent.ThreadPoolTaskScheduler :208  [32m                  [0;39m Shutting down ExecutorService 'taskScheduler'
2023-05-07 17:35:29.544 INFO  o.s.scheduling.concurrent.ThreadPoolTaskExecutor  :208  [32m                  [0;39m Shutting down ExecutorService 'applicationTaskExecutor'
2023-05-07 17:35:29.551 INFO  com.zaxxer.hikari.HikariDataSource                :350  [32m                  [0;39m HikariPool-1 - Shutdown initiated...
2023-05-07 17:35:29.577 INFO  com.zaxxer.hikari.HikariDataSource                :352  [32m                  [0;39m HikariPool-1 - Shutdown completed.
2023-05-08 21:34:57.462 INFO  com.train.TrainSystemManagementApplication        :50   [32m                  [0;39m Starting TrainSystemManagementApplication on DESKTOP-J1SB6R6 with PID 10736 (D:\studies\backend\train-parents\train-system-management\target\classes started by 86180 in D:\studies\backend\train-parents)
2023-05-08 21:34:57.464 INFO  com.train.TrainSystemManagementApplication        :652  [32m                  [0;39m The following profiles are active: dev
2023-05-08 21:34:58.604 INFO  o.s.boot.web.embedded.tomcat.TomcatWebServer      :90   [32m                  [0;39m Tomcat initialized with port(s): 10002 (http)
2023-05-08 21:34:58.614 INFO  org.apache.coyote.http11.Http11NioProtocol        :173  [32m                  [0;39m Initializing ProtocolHandler ["http-nio-10002"]
2023-05-08 21:34:58.622 INFO  org.apache.catalina.core.StandardService          :173  [32m                  [0;39m Starting service [Tomcat]
2023-05-08 21:34:58.622 INFO  org.apache.catalina.core.StandardEngine           :173  [32m                  [0;39m Starting Servlet engine: [Apache Tomcat/9.0.39]
2023-05-08 21:34:58.699 INFO  o.a.c.c.C.[.[localhost].[/system/management]      :173  [32m                  [0;39m Initializing Spring embedded WebApplicationContext
2023-05-08 21:34:58.699 INFO  org.springframework.web.context.ContextLoader     :284  [32m                  [0;39m Root WebApplicationContext: initialization completed in 1208 ms
2023-05-08 21:34:59.258 INFO  s.d.s.w.WebMvcPropertySourcedRequestMappingHandlerMapping:69   [32m                  [0;39m Mapped URL path [/v2/api-docs] onto method [public org.springframework.http.ResponseEntity<springfox.documentation.spring.web.json.Json> springfox.documentation.swagger2.web.Swagger2ControllerWebMvc.getDocumentation(java.lang.String,javax.servlet.http.HttpServletRequest)]
2023-05-08 21:34:59.386 INFO  o.s.scheduling.concurrent.ThreadPoolTaskExecutor  :171  [32m                  [0;39m Initializing ExecutorService 'applicationTaskExecutor'
2023-05-08 21:34:59.606 INFO  o.s.scheduling.concurrent.ThreadPoolTaskScheduler :171  [32m                  [0;39m Initializing ExecutorService 'taskScheduler'
2023-05-08 21:34:59.651 INFO  s.d.s.web.plugins.DocumentationPluginsBootstrapper:93   [32m                  [0;39m Documentation plugins bootstrapped
2023-05-08 21:34:59.653 INFO  s.d.s.web.plugins.DocumentationPluginsBootstrapper:79   [32m                  [0;39m Found 1 custom documentation plugin(s)
2023-05-08 21:34:59.679 INFO  s.d.spring.web.scanners.ApiListingReferenceScanner:44   [32m                  [0;39m Scanning for api listing references
2023-05-08 21:34:59.812 INFO  org.apache.coyote.http11.Http11NioProtocol        :173  [32m                  [0;39m Starting ProtocolHandler ["http-nio-10002"]
2023-05-08 21:34:59.831 INFO  o.s.boot.web.embedded.tomcat.TomcatWebServer      :202  [32m                  [0;39m Tomcat started on port(s): 10002 (http) with context path '/system/management'
2023-05-08 21:34:59.834 INFO  com.train.TrainSystemManagementApplication        :59   [32m                  [0;39m Started TrainSystemManagementApplication in 2.689 seconds (JVM running for 3.773)
2023-05-08 21:34:59.835 INFO  com.train.TrainSystemManagementApplication        :22   [32m                  [0;39m 启动成功！！
2023-05-08 21:34:59.836 INFO  com.train.TrainSystemManagementApplication        :23   [32m                  [0;39m 系统支撑服务地址: 	http://127.0.0.1:10002
2023-05-08 21:35:05.562 INFO  o.s.scheduling.concurrent.ThreadPoolTaskScheduler :208  [32m                  [0;39m Shutting down ExecutorService 'taskScheduler'
2023-05-08 21:35:05.563 INFO  o.s.scheduling.concurrent.ThreadPoolTaskExecutor  :208  [32m                  [0;39m Shutting down ExecutorService 'applicationTaskExecutor'
