2023-05-06 19:34:21.651 INFO  com.train.TrainSystemManagementApplication        :50   [32m                  [0;39m Starting TrainSystemManagementApplication on DESKTOP-J1SB6R6 with PID 2708 (D:\studies\backend\train-parents\train-system-management\target\classes started by 86180 in D:\studies\backend\train-parents)
2023-05-06 19:34:21.654 INFO  com.train.TrainSystemManagementApplication        :652  [32m                  [0;39m The following profiles are active: dev
2023-05-06 19:34:22.738 INFO  o.s.boot.web.embedded.tomcat.TomcatWebServer      :90   [32m                  [0;39m Tomcat initialized with port(s): 10002 (http)
2023-05-06 19:34:22.749 INFO  org.apache.coyote.http11.Http11NioProtocol        :173  [32m                  [0;39m Initializing ProtocolHandler ["http-nio-10002"]
2023-05-06 19:34:22.758 INFO  org.apache.catalina.core.StandardService          :173  [32m                  [0;39m Starting service [Tomcat]
2023-05-06 19:34:22.758 INFO  org.apache.catalina.core.StandardEngine           :173  [32m                  [0;39m Starting Servlet engine: [Apache Tomcat/9.0.39]
2023-05-06 19:34:22.837 INFO  o.a.c.c.C.[.[localhost].[/system/management]      :173  [32m                  [0;39m Initializing Spring embedded WebApplicationContext
2023-05-06 19:34:22.837 INFO  org.springframework.web.context.ContextLoader     :284  [32m                  [0;39m Root WebApplicationContext: initialization completed in 1150 ms
2023-05-06 19:34:23.441 INFO  s.d.s.w.WebMvcPropertySourcedRequestMappingHandlerMapping:69   [32m                  [0;39m Mapped URL path [/v2/api-docs] onto method [public org.springframework.http.ResponseEntity<springfox.documentation.spring.web.json.Json> springfox.documentation.swagger2.web.Swagger2ControllerWebMvc.getDocumentation(java.lang.String,javax.servlet.http.HttpServletRequest)]
2023-05-06 19:34:23.569 INFO  o.s.scheduling.concurrent.ThreadPoolTaskExecutor  :171  [32m                  [0;39m Initializing ExecutorService 'applicationTaskExecutor'
2023-05-06 19:34:23.800 INFO  o.s.scheduling.concurrent.ThreadPoolTaskScheduler :171  [32m                  [0;39m Initializing ExecutorService 'taskScheduler'
2023-05-06 19:34:23.847 INFO  s.d.s.web.plugins.DocumentationPluginsBootstrapper:93   [32m                  [0;39m Documentation plugins bootstrapped
2023-05-06 19:34:23.850 INFO  s.d.s.web.plugins.DocumentationPluginsBootstrapper:79   [32m                  [0;39m Found 1 custom documentation plugin(s)
2023-05-06 19:34:23.876 INFO  s.d.spring.web.scanners.ApiListingReferenceScanner:44   [32m                  [0;39m Scanning for api listing references
2023-05-06 19:34:24.000 INFO  org.apache.coyote.http11.Http11NioProtocol        :173  [32m                  [0;39m Starting ProtocolHandler ["http-nio-10002"]
2023-05-06 19:34:24.040 INFO  o.s.boot.web.embedded.tomcat.TomcatWebServer      :202  [32m                  [0;39m Tomcat started on port(s): 10002 (http) with context path '/system/management'
2023-05-06 19:34:24.043 INFO  com.train.TrainSystemManagementApplication        :59   [32m                  [0;39m Started TrainSystemManagementApplication in 2.796 seconds (JVM running for 4.015)
2023-05-06 19:34:24.045 INFO  com.train.TrainSystemManagementApplication        :22   [32m                  [0;39m å¯åŠ¨æˆåŠŸï¼ï¼
2023-05-06 19:34:24.046 INFO  com.train.TrainSystemManagementApplication        :23   [32m                  [0;39m ç³»ç»Ÿæ”¯æ’‘æœåŠ¡åœ°å€: 	http://127.0.0.1:10002
2023-05-06 19:34:39.467 INFO  o.a.c.c.C.[.[localhost].[/system/management]      :173  [32m                  [0;39m Initializing Spring DispatcherServlet 'dispatcherServlet'
2023-05-06 19:34:39.467 INFO  org.springframework.web.servlet.DispatcherServlet :525  [32m                  [0;39m Initializing Servlet 'dispatcherServlet'
2023-05-06 19:34:39.475 INFO  org.springframework.web.servlet.DispatcherServlet :547  [32m                  [0;39m Completed initialization in 8 ms
2023-05-06 19:34:39.575 INFO  com.train.common.aspect.LogAspect                 :50   [32m1683372879486qr9  [0;39m ------------- å¼€å§‹ -------------
2023-05-06 19:34:39.575 INFO  com.train.common.aspect.LogAspect                 :51   [32m1683372879486qr9  [0;39m è¯·æ±‚åœ°å€: http://127.0.0.1:10002/system/management/account/login POST
2023-05-06 19:34:39.576 INFO  com.train.common.aspect.LogAspect                 :52   [32m1683372879486qr9  [0;39m ç±»åæ–¹æ³•: com.train.controller.AccountController.login
2023-05-06 19:34:39.576 INFO  com.train.common.aspect.LogAspect                 :53   [32m1683372879486qr9  [0;39m è¿œç¨‹åœ°å€: 127.0.0.1
2023-05-06 19:34:39.615 INFO  com.train.common.aspect.LogAspect                 :74   [32m1683372879486qr9  [0;39m è¯·æ±‚å‚æ•°: [{"code":"p4v2","mobile":"13012345671"}]
2023-05-06 19:34:39.656 INFO  com.zaxxer.hikari.HikariDataSource                :110  [32m1683372879486qr9  [0;39m HikariPool-1 - Starting...
2023-05-06 19:34:39.783 INFO  com.zaxxer.hikari.HikariDataSource                :123  [32m1683372879486qr9  [0;39m HikariPool-1 - Start completed.
2023-05-06 19:34:39.787 DEBUG com.train.mapper.AccountInfoMapper.selectByExample:181  [32m1683372879486qr9  [0;39m ==>  Preparing: select id, mobile from account_info WHERE ( mobile = ? ) 
2023-05-06 19:34:39.797 DEBUG com.train.mapper.AccountInfoMapper.selectByExample:181  [32m1683372879486qr9  [0;39m ==> Parameters: 13012345671(String)
2023-05-06 19:34:39.811 TRACE com.train.mapper.AccountInfoMapper.selectByExample:187  [32m1683372879486qr9  [0;39m <==    Columns: id, mobile
2023-05-06 19:34:39.811 TRACE com.train.mapper.AccountInfoMapper.selectByExample:187  [32m1683372879486qr9  [0;39m <==        Row: 1650458088387514368, 13012345671
2023-05-06 19:34:39.812 DEBUG com.train.mapper.AccountInfoMapper.selectByExample:181  [32m1683372879486qr9  [0;39m <==      Total: 1
2023-05-06 19:34:39.819 DEBUG com.train.mapper.SmsRecordMapper.selectByExample  :181  [32m1683372879486qr9  [0;39m ==>  Preparing: select id, mobile, code, send_time, expire_time, send_status, send_type from sms_record WHERE ( mobile = ? ) 
2023-05-06 19:34:39.819 DEBUG com.train.mapper.SmsRecordMapper.selectByExample  :181  [32m1683372879486qr9  [0;39m ==> Parameters: 13012345671(String)
2023-05-06 19:34:39.823 TRACE com.train.mapper.SmsRecordMapper.selectByExample  :187  [32m1683372879486qr9  [0;39m <==    Columns: id, mobile, code, send_time, expire_time, send_status, send_type
2023-05-06 19:34:39.825 TRACE com.train.mapper.SmsRecordMapper.selectByExample  :187  [32m1683372879486qr9  [0;39m <==        Row: 1650840945979166720, 13012345671, p4v2, 2023-04-29 12:33:05.0, 2023-04-29 12:33:07.0, 1, 1
2023-05-06 19:34:39.826 DEBUG com.train.mapper.SmsRecordMapper.selectByExample  :181  [32m1683372879486qr9  [0;39m <==      Total: 1
2023-05-06 19:34:40.400 INFO  com.train.common.util.JwtUtil                     :37   [32m1683372879486qr9  [0;39m ç”ŸæˆJWT tokenï¼šeyJ0eXAiOiJKV1QiLCJhbGciOiJIUzI1NiJ9.eyJuYmYiOjE2ODMzNzI4NzksIm1vYmlsZSI6IjEzMDEyMzQ1NjcxIiwiaWQiOjE2NTA0NTgwODgzODc1MTQzNjgsImV4cCI6MTY4MzQ1OTI3OSwiaWF0IjoxNjgzMzcyODc5fQ.hKSOD-B2GJEYlsx3SSXiAz61sboFnAay9XGq8OFncfQ
2023-05-06 19:34:40.403 INFO  com.train.common.aspect.LogAspect                 :86   [32m1683372879486qr9  [0;39m è¿”å›žç»“æžœ: {"code":200,"msg":"æ“ä½œæˆåŠŸ","result":{"accessToken":"eyJ0eXAiOiJKV1QiLCJhbGciOiJIUzI1NiJ9.eyJuYmYiOjE2ODMzNzI4NzksIm1vYmlsZSI6IjEzMDEyMzQ1NjcxIiwiaWQiOjE2NTA0NTgwODgzODc1MTQzNjgsImV4cCI6MTY4MzQ1OTI3OSwiaWF0IjoxNjgzMzcyODc5fQ.hKSOD-B2GJEYlsx3SSXiAz61sboFnAay9XGq8OFncfQ","id":1650458088387514368,"mobile":"13012345671"}}
2023-05-06 19:34:40.403 INFO  com.train.common.aspect.LogAspect                 :87   [32m1683372879486qr9  [0;39m ------------- ç»“æŸ è€—æ—¶ï¼š830 ms -------------
2023-05-06 20:40:16.814 INFO  o.s.scheduling.concurrent.ThreadPoolTaskScheduler :208  [32m                  [0;39m Shutting down ExecutorService 'taskScheduler'
2023-05-06 20:40:16.819 INFO  o.s.scheduling.concurrent.ThreadPoolTaskExecutor  :208  [32m                  [0;39m Shutting down ExecutorService 'applicationTaskExecutor'
2023-05-06 20:40:16.823 INFO  com.zaxxer.hikari.HikariDataSource                :350  [32m                  [0;39m HikariPool-1 - Shutdown initiated...
2023-05-06 20:40:16.826 INFO  com.zaxxer.hikari.HikariDataSource                :352  [32m                  [0;39m HikariPool-1 - Shutdown completed.
