2023-05-15 19:52:45.938 INFO  com.train.TrainSystemManagementApplication        :50   [32m                  [0;39m Starting TrainSystemManagementApplication on DESKTOP-J1SB6R6 with PID 8036 (D:\studies\backend\train-parents\train-system-management\target\classes started by 86180 in D:\studies\backend\train-parents)
2023-05-15 19:52:45.941 INFO  com.train.TrainSystemManagementApplication        :652  [32m                  [0;39m The following profiles are active: dev
2023-05-15 19:52:48.216 INFO  o.s.boot.web.embedded.tomcat.TomcatWebServer      :90   [32m                  [0;39m Tomcat initialized with port(s): 10002 (http)
2023-05-15 19:52:48.236 INFO  org.apache.coyote.http11.Http11NioProtocol        :173  [32m                  [0;39m Initializing ProtocolHandler ["http-nio-10002"]
2023-05-15 19:52:48.249 INFO  org.apache.catalina.core.StandardService          :173  [32m                  [0;39m Starting service [Tomcat]
2023-05-15 19:52:48.250 INFO  org.apache.catalina.core.StandardEngine           :173  [32m                  [0;39m Starting Servlet engine: [Apache Tomcat/9.0.39]
2023-05-15 19:52:48.348 INFO  o.a.c.c.C.[.[localhost].[/system/management]      :173  [32m                  [0;39m Initializing Spring embedded WebApplicationContext
2023-05-15 19:52:48.348 INFO  org.springframework.web.context.ContextLoader     :284  [32m                  [0;39m Root WebApplicationContext: initialization completed in 2314 ms
2023-05-15 19:52:49.003 INFO  s.d.s.w.WebMvcPropertySourcedRequestMappingHandlerMapping:69   [32m                  [0;39m Mapped URL path [/v2/api-docs] onto method [public org.springframework.http.ResponseEntity<springfox.documentation.spring.web.json.Json> springfox.documentation.swagger2.web.Swagger2ControllerWebMvc.getDocumentation(java.lang.String,javax.servlet.http.HttpServletRequest)]
2023-05-15 19:52:49.193 INFO  o.s.scheduling.concurrent.ThreadPoolTaskExecutor  :171  [32m                  [0;39m Initializing ExecutorService 'applicationTaskExecutor'
2023-05-15 19:52:49.489 INFO  o.s.scheduling.concurrent.ThreadPoolTaskScheduler :171  [32m                  [0;39m Initializing ExecutorService 'taskScheduler'
2023-05-15 19:52:49.539 INFO  s.d.s.web.plugins.DocumentationPluginsBootstrapper:93   [32m                  [0;39m Documentation plugins bootstrapped
2023-05-15 19:52:49.543 INFO  s.d.s.web.plugins.DocumentationPluginsBootstrapper:79   [32m                  [0;39m Found 1 custom documentation plugin(s)
2023-05-15 19:52:49.571 INFO  s.d.spring.web.scanners.ApiListingReferenceScanner:44   [32m                  [0;39m Scanning for api listing references
2023-05-15 19:52:49.707 INFO  org.apache.coyote.http11.Http11NioProtocol        :173  [32m                  [0;39m Starting ProtocolHandler ["http-nio-10002"]
2023-05-15 19:52:49.726 INFO  o.s.boot.web.embedded.tomcat.TomcatWebServer      :202  [32m                  [0;39m Tomcat started on port(s): 10002 (http) with context path '/system/management'
2023-05-15 19:52:49.729 INFO  com.train.TrainSystemManagementApplication        :59   [32m                  [0;39m Started TrainSystemManagementApplication in 4.35 seconds (JVM running for 6.273)
2023-05-15 19:52:49.730 INFO  com.train.TrainSystemManagementApplication        :22   [32m                  [0;39m å¯åŠ¨æˆåŠŸï¼ï¼
2023-05-15 19:52:49.731 INFO  com.train.TrainSystemManagementApplication        :23   [32m                  [0;39m ç³»ç»Ÿæ”¯æ’‘æœåŠ¡åœ°å€: 	http://127.0.0.1:10002
2023-05-15 19:56:53.771 INFO  o.a.c.c.C.[.[localhost].[/system/management]      :173  [32m                  [0;39m Initializing Spring DispatcherServlet 'dispatcherServlet'
2023-05-15 19:56:53.772 INFO  org.springframework.web.servlet.DispatcherServlet :525  [32m                  [0;39m Initializing Servlet 'dispatcherServlet'
2023-05-15 19:56:53.780 INFO  org.springframework.web.servlet.DispatcherServlet :547  [32m                  [0;39m Completed initialization in 8 ms
2023-05-15 19:56:53.927 INFO  com.train.common.aspect.LogAspect                 :50   [32m16841518137921p2  [0;39m ------------- å¼€å§‹ -------------
2023-05-15 19:56:53.928 INFO  com.train.common.aspect.LogAspect                 :51   [32m16841518137921p2  [0;39m è¯·æ±‚åœ°å€: http://127.0.0.1:10002/system/management/account/login POST
2023-05-15 19:56:53.928 INFO  com.train.common.aspect.LogAspect                 :52   [32m16841518137921p2  [0;39m ç±»åæ–¹æ³•: com.train.controller.AccountController.login
2023-05-15 19:56:53.929 INFO  com.train.common.aspect.LogAspect                 :53   [32m16841518137921p2  [0;39m è¿œç¨‹åœ°å€: 127.0.0.1
2023-05-15 19:56:53.978 INFO  com.train.common.aspect.LogAspect                 :74   [32m16841518137921p2  [0;39m è¯·æ±‚å‚æ•°: [{"code":"p4v2","mobile":"13012345671"}]
2023-05-15 19:56:54.017 INFO  com.zaxxer.hikari.HikariDataSource                :110  [32m16841518137921p2  [0;39m HikariPool-1 - Starting...
2023-05-15 19:56:54.144 INFO  com.zaxxer.hikari.HikariDataSource                :123  [32m16841518137921p2  [0;39m HikariPool-1 - Start completed.
2023-05-15 19:56:54.148 DEBUG com.train.mapper.AccountInfoMapper.selectByExample:181  [32m16841518137921p2  [0;39m ==>  Preparing: select id, mobile from account_info WHERE ( mobile = ? ) 
2023-05-15 19:56:54.158 DEBUG com.train.mapper.AccountInfoMapper.selectByExample:181  [32m16841518137921p2  [0;39m ==> Parameters: 13012345671(String)
2023-05-15 19:56:54.173 TRACE com.train.mapper.AccountInfoMapper.selectByExample:187  [32m16841518137921p2  [0;39m <==    Columns: id, mobile
2023-05-15 19:56:54.173 TRACE com.train.mapper.AccountInfoMapper.selectByExample:187  [32m16841518137921p2  [0;39m <==        Row: 1650458088387514368, 13012345671
2023-05-15 19:56:54.174 DEBUG com.train.mapper.AccountInfoMapper.selectByExample:181  [32m16841518137921p2  [0;39m <==      Total: 1
2023-05-15 19:56:54.180 DEBUG com.train.mapper.SmsRecordMapper.selectByExample  :181  [32m16841518137921p2  [0;39m ==>  Preparing: select id, mobile, code, send_time, expire_time, send_status, send_type from sms_record WHERE ( mobile = ? ) 
2023-05-15 19:56:54.180 DEBUG com.train.mapper.SmsRecordMapper.selectByExample  :181  [32m16841518137921p2  [0;39m ==> Parameters: 13012345671(String)
2023-05-15 19:56:54.182 TRACE com.train.mapper.SmsRecordMapper.selectByExample  :187  [32m16841518137921p2  [0;39m <==    Columns: id, mobile, code, send_time, expire_time, send_status, send_type
2023-05-15 19:56:54.185 TRACE com.train.mapper.SmsRecordMapper.selectByExample  :187  [32m16841518137921p2  [0;39m <==        Row: 1650840945979166720, 13012345671, p4v2, 2023-04-29 12:33:05.0, 2023-04-29 12:33:07.0, 1, 1
2023-05-15 19:56:54.185 DEBUG com.train.mapper.SmsRecordMapper.selectByExample  :181  [32m16841518137921p2  [0;39m <==      Total: 1
2023-05-15 19:56:54.788 INFO  com.train.common.util.JwtUtil                     :37   [32m16841518137921p2  [0;39m ç”ŸæˆJWT tokenï¼šeyJ0eXAiOiJKV1QiLCJhbGciOiJIUzI1NiJ9.eyJuYmYiOjE2ODQxNTE4MTQsIm1vYmlsZSI6IjEzMDEyMzQ1NjcxIiwiaWQiOjE2NTA0NTgwODgzODc1MTQzNjgsImV4cCI6MTY4NDIzODIxNCwiaWF0IjoxNjg0MTUxODE0fQ.VOvtppXmrTVSTz1t7Lz4_hN17uo7Dqxv7Ad1BFJRaNI
2023-05-15 19:56:54.792 INFO  com.train.common.aspect.LogAspect                 :86   [32m16841518137921p2  [0;39m è¿”å›žç»“æžœ: {"code":200,"msg":"æ“ä½œæˆåŠŸ","result":{"accessToken":"eyJ0eXAiOiJKV1QiLCJhbGciOiJIUzI1NiJ9.eyJuYmYiOjE2ODQxNTE4MTQsIm1vYmlsZSI6IjEzMDEyMzQ1NjcxIiwiaWQiOjE2NTA0NTgwODgzODc1MTQzNjgsImV4cCI6MTY4NDIzODIxNCwiaWF0IjoxNjg0MTUxODE0fQ.VOvtppXmrTVSTz1t7Lz4_hN17uo7Dqxv7Ad1BFJRaNI","id":1650458088387514368,"mobile":"13012345671"}}
2023-05-15 19:56:54.792 INFO  com.train.common.aspect.LogAspect                 :87   [32m16841518137921p2  [0;39m ------------- ç»“æŸ è€—æ—¶ï¼š866 ms -------------
2023-05-15 19:57:42.973 INFO  com.train.common.interceptor.AccountInterceptor   :30   [32m1684151862973bw6  [0;39m èŽ·å–è´¦å·ç™»å½•accessTokenï¼šeyJ0eXAiOiJKV1QiLCJhbGciOiJIUzI1NiJ9.eyJuYmYiOjE2ODQxNTE4MTQsIm1vYmlsZSI6IjEzMDEyMzQ1NjcxIiwiaWQiOjE2NTA0NTgwODgzODc1MTQzNjgsImV4cCI6MTY4NDIzODIxNCwiaWF0IjoxNjg0MTUxODE0fQ.VOvtppXmrTVSTz1t7Lz4_hN17uo7Dqxv7Ad1BFJRaNI
2023-05-15 19:57:42.981 INFO  com.train.common.util.JwtUtil                     :55   [32m1684151862973bw6  [0;39m æ ¹æ®tokenèŽ·å–åŽŸå§‹å†…å®¹ï¼š{"mobile":"13012345671","id":1650458088387514368}
2023-05-15 19:57:42.981 INFO  com.train.common.interceptor.AccountInterceptor   :32   [32m1684151862973bw6  [0;39m å½“å‰ç™»å½•è´¦å·ï¼š{"mobile":"13012345671","id":1650458088387514368}
2023-05-15 19:57:42.985 INFO  com.train.common.aspect.LogAspect                 :50   [32m1684151862973bw6  [0;39m ------------- å¼€å§‹ -------------
2023-05-15 19:57:42.985 INFO  com.train.common.aspect.LogAspect                 :51   [32m1684151862973bw6  [0;39m è¯·æ±‚åœ°å€: http://127.0.0.1:10002/system/management/accountPassenger/queryMine GET
2023-05-15 19:57:42.986 INFO  com.train.common.aspect.LogAspect                 :52   [32m1684151862973bw6  [0;39m ç±»åæ–¹æ³•: com.train.controller.AccountPassengerController.queryMine
2023-05-15 19:57:42.986 INFO  com.train.common.aspect.LogAspect                 :53   [32m1684151862973bw6  [0;39m è¿œç¨‹åœ°å€: 127.0.0.1
2023-05-15 19:57:42.986 INFO  com.train.common.aspect.LogAspect                 :74   [32m1684151862973bw6  [0;39m è¯·æ±‚å‚æ•°: []
2023-05-15 19:57:42.991 DEBUG c.t.mapper.AccountPassengerMapper.selectByExample :181  [32m1684151862973bw6  [0;39m ==>  Preparing: select id, member_id, `name`, id_card, phone, `type`, create_time, update_time from account_passenger WHERE ( member_id = ? ) order by name desc 
2023-05-15 19:57:42.992 DEBUG c.t.mapper.AccountPassengerMapper.selectByExample :181  [32m1684151862973bw6  [0;39m ==> Parameters: 1650458088387514368(Long)
2023-05-15 19:57:42.993 TRACE c.t.mapper.AccountPassengerMapper.selectByExample :187  [32m1684151862973bw6  [0;39m <==    Columns: id, member_id, name, id_card, phone, type, create_time, update_time
2023-05-15 19:57:42.993 TRACE c.t.mapper.AccountPassengerMapper.selectByExample :187  [32m1684151862973bw6  [0;39m <==        Row: 1652194811429654528, 1650458088387514368, test, 123321, 13012345671, 01, 2023-04-29 14:15:14.0, 2023-04-29 14:15:14.0
2023-05-15 19:57:42.994 TRACE c.t.mapper.AccountPassengerMapper.selectByExample :187  [32m1684151862973bw6  [0;39m <==        Row: 1652216014135496704, 1650458088387514368, tes11t, 123321111, 13012345671, 01, 2023-04-29 15:39:29.0, 2023-04-29 15:41:54.0
2023-05-15 19:57:42.994 TRACE c.t.mapper.AccountPassengerMapper.selectByExample :187  [32m1684151862973bw6  [0;39m <==        Row: 1652224002757890048, 1650458088387514368, 12é˜¿å·´å·´, 312312, 123213, 01, 2023-04-29 16:11:14.0, 2023-04-29 16:11:14.0
2023-05-15 19:57:42.995 TRACE c.t.mapper.AccountPassengerMapper.selectByExample :187  [32m1684151862973bw6  [0;39m <==        Row: 1652223787648815104, 1650458088387514368, 12321321, 312312, 123213, 01, 2023-04-29 16:10:22.0, 2023-04-29 16:10:22.0
2023-05-15 19:57:42.995 DEBUG c.t.mapper.AccountPassengerMapper.selectByExample :181  [32m1684151862973bw6  [0;39m <==      Total: 4
2023-05-15 19:57:43.001 INFO  com.train.common.aspect.LogAspect                 :86   [32m1684151862973bw6  [0;39m è¿”å›žç»“æžœ: {"code":200,"msg":"æ“ä½œæˆåŠŸ","result":[{"createTime":1682748914000,"id":1652194811429654528,"idCard":"123321","memberId":1650458088387514368,"name":"test","phone":"13012345671","type":"01","updateTime":1682748914000},{"createTime":1682753969000,"id":1652216014135496704,"idCard":"123321111","memberId":1650458088387514368,"name":"tes11t","phone":"13012345671","type":"01","updateTime":1682754114000},{"createTime":1682755874000,"id":1652224002757890048,"idCard":"312312","memberId":1650458088387514368,"name":"12é˜¿å·´å·´","phone":"123213","type":"01","updateTime":1682755874000},{"createTime":1682755822000,"id":1652223787648815104,"idCard":"312312","memberId":1650458088387514368,"name":"12321321","phone":"123213","type":"01","updateTime":1682755822000}]}
2023-05-15 19:57:43.001 INFO  com.train.common.aspect.LogAspect                 :87   [32m1684151862973bw6  [0;39m ------------- ç»“æŸ è€—æ—¶ï¼š16 ms -------------
