2023-05-07 11:40:16.888 INFO  com.train.TrainBatchApplication                   :50   [32m                  [0;39m Starting TrainBatchApplication on DESKTOP-J1SB6R6 with PID 7388 (D:\studies\backend\train-parents\train-batch\target\classes started by 86180 in D:\studies\backend\train-parents)
2023-05-07 11:40:16.891 INFO  com.train.TrainBatchApplication                   :652  [32m                  [0;39m The following profiles are active: dev
2023-05-07 11:40:17.610 WARN  org.mybatis.spring.mapper.ClassPathMapperScanner  :166  [32m                  [0;39m No MyBatis mapper was found in '[com.train]' package. Please check your configuration.
2023-05-07 11:40:18.193 INFO  o.s.boot.web.embedded.tomcat.TomcatWebServer      :90   [32m                  [0;39m Tomcat initialized with port(s): 10006 (http)
2023-05-07 11:40:18.205 INFO  org.apache.coyote.http11.Http11NioProtocol        :173  [32m                  [0;39m Initializing ProtocolHandler ["http-nio-10006"]
2023-05-07 11:40:18.212 INFO  org.apache.catalina.core.StandardService          :173  [32m                  [0;39m Starting service [Tomcat]
2023-05-07 11:40:18.213 INFO  org.apache.catalina.core.StandardEngine           :173  [32m                  [0;39m Starting Servlet engine: [Apache Tomcat/9.0.39]
2023-05-07 11:40:18.298 INFO  o.a.c.c.C.[Tomcat].[localhost].[/batch]           :173  [32m                  [0;39m Initializing Spring embedded WebApplicationContext
2023-05-07 11:40:18.299 INFO  org.springframework.web.context.ContextLoader     :284  [32m                  [0;39m Root WebApplicationContext: initialization completed in 1342 ms
2023-05-07 11:40:18.705 INFO  s.d.s.w.WebMvcPropertySourcedRequestMappingHandlerMapping:69   [32m                  [0;39m Mapped URL path [/v2/api-docs] onto method [public org.springframework.http.ResponseEntity<springfox.documentation.spring.web.json.Json> springfox.documentation.swagger2.web.Swagger2ControllerWebMvc.getDocumentation(java.lang.String,javax.servlet.http.HttpServletRequest)]
2023-05-07 11:40:18.847 INFO  o.s.scheduling.concurrent.ThreadPoolTaskExecutor  :171  [32m                  [0;39m Initializing ExecutorService 'applicationTaskExecutor'
2023-05-07 11:40:19.271 INFO  org.quartz.impl.StdSchedulerFactory               :1208 [32m                  [0;39m Using default implementation for ThreadExecutor
2023-05-07 11:40:19.283 INFO  org.quartz.core.SchedulerSignalerImpl             :61   [32m                  [0;39m Initialized Scheduler Signaller of type: class org.quartz.core.SchedulerSignalerImpl
2023-05-07 11:40:19.283 INFO  org.quartz.core.QuartzScheduler                   :229  [32m                  [0;39m Quartz Scheduler v.2.3.1 created.
2023-05-07 11:40:19.284 INFO  org.quartz.simpl.RAMJobStore                      :155  [32m                  [0;39m RAMJobStore initialized.
2023-05-07 11:40:19.284 INFO  org.quartz.core.QuartzScheduler                   :294  [32m                  [0;39m Scheduler meta-data: Quartz Scheduler (v2.3.1) 'quartzScheduler' with instanceId 'NON_CLUSTERED'
  Scheduler class: 'org.quartz.core.QuartzScheduler' - running locally.
  NOT STARTED.
  Currently in standby mode.
  Number of jobs executed: 0
  Using thread pool 'org.quartz.simpl.SimpleThreadPool' - with 10 threads.
  Using job-store 'org.quartz.simpl.RAMJobStore' - which does not support persistence. and is not clustered.

2023-05-07 11:40:19.284 INFO  org.quartz.impl.StdSchedulerFactory               :1362 [32m                  [0;39m Quartz scheduler 'quartzScheduler' initialized from an externally provided properties instance.
2023-05-07 11:40:19.285 INFO  org.quartz.impl.StdSchedulerFactory               :1366 [32m                  [0;39m Quartz scheduler version: 2.3.1
2023-05-07 11:40:19.285 INFO  org.quartz.core.QuartzScheduler                   :2293 [32m                  [0;39m JobFactory set to: org.springframework.scheduling.quartz.SpringBeanJobFactory@12365bd8
2023-05-07 11:40:19.295 INFO  o.s.scheduling.concurrent.ThreadPoolTaskScheduler :171  [32m                  [0;39m Initializing ExecutorService 'taskScheduler'
2023-05-07 11:40:19.341 INFO  s.d.s.web.plugins.DocumentationPluginsBootstrapper:93   [32m                  [0;39m Documentation plugins bootstrapped
2023-05-07 11:40:19.344 INFO  s.d.s.web.plugins.DocumentationPluginsBootstrapper:79   [32m                  [0;39m Found 1 custom documentation plugin(s)
2023-05-07 11:40:19.367 INFO  s.d.spring.web.scanners.ApiListingReferenceScanner:44   [32m                  [0;39m Scanning for api listing references
2023-05-07 11:40:19.404 INFO  o.s.scheduling.quartz.SchedulerFactoryBean        :727  [32m                  [0;39m Starting Quartz Scheduler now
2023-05-07 11:40:19.404 INFO  org.quartz.core.QuartzScheduler                   :547  [32m                  [0;39m Scheduler quartzScheduler_$_NON_CLUSTERED started.
2023-05-07 11:40:19.413 INFO  org.apache.coyote.http11.Http11NioProtocol        :173  [32m                  [0;39m Starting ProtocolHandler ["http-nio-10006"]
2023-05-07 11:40:19.430 INFO  o.s.boot.web.embedded.tomcat.TomcatWebServer      :202  [32m                  [0;39m Tomcat started on port(s): 10006 (http) with context path '/batch'
2023-05-07 11:40:19.432 INFO  com.train.TrainBatchApplication                   :59   [32m                  [0;39m Started TrainBatchApplication in 3.003 seconds (JVM running for 4.57)
2023-05-07 11:40:56.962 INFO  org.quartz.core.QuartzScheduler                   :585  [32m                  [0;39m Scheduler quartzScheduler_$_NON_CLUSTERED paused.
2023-05-07 11:40:56.963 INFO  o.s.scheduling.concurrent.ThreadPoolTaskScheduler :208  [32m                  [0;39m Shutting down ExecutorService 'taskScheduler'
2023-05-07 11:40:56.963 INFO  o.s.scheduling.quartz.SchedulerFactoryBean        :845  [32m                  [0;39m Shutting down Quartz Scheduler
2023-05-07 11:40:56.963 INFO  org.quartz.core.QuartzScheduler                   :666  [32m                  [0;39m Scheduler quartzScheduler_$_NON_CLUSTERED shutting down.
2023-05-07 11:40:56.963 INFO  org.quartz.core.QuartzScheduler                   :585  [32m                  [0;39m Scheduler quartzScheduler_$_NON_CLUSTERED paused.
2023-05-07 11:40:56.963 INFO  org.quartz.core.QuartzScheduler                   :740  [32m                  [0;39m Scheduler quartzScheduler_$_NON_CLUSTERED shutdown complete.
2023-05-07 11:40:56.964 INFO  o.s.scheduling.concurrent.ThreadPoolTaskExecutor  :208  [32m                  [0;39m Shutting down ExecutorService 'applicationTaskExecutor'
2023-05-07 11:44:25.591 INFO  com.train.TrainBatchApplication                   :50   [32m                  [0;39m Starting TrainBatchApplication on DESKTOP-J1SB6R6 with PID 14408 (D:\studies\backend\train-parents\train-batch\target\classes started by 86180 in D:\studies\backend\train-parents)
2023-05-07 11:44:25.593 INFO  com.train.TrainBatchApplication                   :652  [32m                  [0;39m The following profiles are active: dev
2023-05-07 11:44:26.173 WARN  org.mybatis.spring.mapper.ClassPathMapperScanner  :166  [32m                  [0;39m No MyBatis mapper was found in '[com.train]' package. Please check your configuration.
2023-05-07 11:44:26.688 INFO  o.s.boot.web.embedded.tomcat.TomcatWebServer      :90   [32m                  [0;39m Tomcat initialized with port(s): 10006 (http)
2023-05-07 11:44:26.700 INFO  org.apache.coyote.http11.Http11NioProtocol        :173  [32m                  [0;39m Initializing ProtocolHandler ["http-nio-10006"]
2023-05-07 11:44:26.708 INFO  org.apache.catalina.core.StandardService          :173  [32m                  [0;39m Starting service [Tomcat]
2023-05-07 11:44:26.709 INFO  org.apache.catalina.core.StandardEngine           :173  [32m                  [0;39m Starting Servlet engine: [Apache Tomcat/9.0.39]
2023-05-07 11:44:26.790 INFO  o.a.c.c.C.[Tomcat].[localhost].[/batch]           :173  [32m                  [0;39m Initializing Spring embedded WebApplicationContext
2023-05-07 11:44:26.790 INFO  org.springframework.web.context.ContextLoader     :284  [32m                  [0;39m Root WebApplicationContext: initialization completed in 1163 ms
2023-05-07 11:44:27.200 INFO  s.d.s.w.WebMvcPropertySourcedRequestMappingHandlerMapping:69   [32m                  [0;39m Mapped URL path [/v2/api-docs] onto method [public org.springframework.http.ResponseEntity<springfox.documentation.spring.web.json.Json> springfox.documentation.swagger2.web.Swagger2ControllerWebMvc.getDocumentation(java.lang.String,javax.servlet.http.HttpServletRequest)]
2023-05-07 11:44:27.326 INFO  o.s.scheduling.concurrent.ThreadPoolTaskExecutor  :171  [32m                  [0;39m Initializing ExecutorService 'applicationTaskExecutor'
2023-05-07 11:44:27.702 INFO  org.quartz.impl.StdSchedulerFactory               :1208 [32m                  [0;39m Using default implementation for ThreadExecutor
2023-05-07 11:44:27.709 INFO  org.quartz.core.SchedulerSignalerImpl             :61   [32m                  [0;39m Initialized Scheduler Signaller of type: class org.quartz.core.SchedulerSignalerImpl
2023-05-07 11:44:27.709 INFO  org.quartz.core.QuartzScheduler                   :229  [32m                  [0;39m Quartz Scheduler v.2.3.1 created.
2023-05-07 11:44:27.710 INFO  org.quartz.simpl.RAMJobStore                      :155  [32m                  [0;39m RAMJobStore initialized.
2023-05-07 11:44:27.711 INFO  org.quartz.core.QuartzScheduler                   :294  [32m                  [0;39m Scheduler meta-data: Quartz Scheduler (v2.3.1) 'quartzScheduler' with instanceId 'NON_CLUSTERED'
  Scheduler class: 'org.quartz.core.QuartzScheduler' - running locally.
  NOT STARTED.
  Currently in standby mode.
  Number of jobs executed: 0
  Using thread pool 'org.quartz.simpl.SimpleThreadPool' - with 10 threads.
  Using job-store 'org.quartz.simpl.RAMJobStore' - which does not support persistence. and is not clustered.

2023-05-07 11:44:27.711 INFO  org.quartz.impl.StdSchedulerFactory               :1362 [32m                  [0;39m Quartz scheduler 'quartzScheduler' initialized from an externally provided properties instance.
2023-05-07 11:44:27.711 INFO  org.quartz.impl.StdSchedulerFactory               :1366 [32m                  [0;39m Quartz scheduler version: 2.3.1
2023-05-07 11:44:27.711 INFO  org.quartz.core.QuartzScheduler                   :2293 [32m                  [0;39m JobFactory set to: org.springframework.scheduling.quartz.SpringBeanJobFactory@349312d5
2023-05-07 11:44:27.722 INFO  o.s.scheduling.concurrent.ThreadPoolTaskScheduler :171  [32m                  [0;39m Initializing ExecutorService 'taskScheduler'
2023-05-07 11:44:27.763 INFO  s.d.s.web.plugins.DocumentationPluginsBootstrapper:93   [32m                  [0;39m Documentation plugins bootstrapped
2023-05-07 11:44:27.766 INFO  s.d.s.web.plugins.DocumentationPluginsBootstrapper:79   [32m                  [0;39m Found 1 custom documentation plugin(s)
2023-05-07 11:44:27.787 INFO  s.d.spring.web.scanners.ApiListingReferenceScanner:44   [32m                  [0;39m Scanning for api listing references
2023-05-07 11:44:27.820 INFO  o.s.scheduling.quartz.SchedulerFactoryBean        :727  [32m                  [0;39m Starting Quartz Scheduler now
2023-05-07 11:44:27.821 INFO  org.quartz.core.QuartzScheduler                   :547  [32m                  [0;39m Scheduler quartzScheduler_$_NON_CLUSTERED started.
2023-05-07 11:44:27.829 INFO  org.apache.coyote.http11.Http11NioProtocol        :173  [32m                  [0;39m Starting ProtocolHandler ["http-nio-10006"]
2023-05-07 11:44:27.845 INFO  o.s.boot.web.embedded.tomcat.TomcatWebServer      :202  [32m                  [0;39m Tomcat started on port(s): 10006 (http) with context path '/batch'
2023-05-07 11:44:27.847 INFO  com.train.TrainBatchApplication                   :59   [32m                  [0;39m Started TrainBatchApplication in 2.645 seconds (JVM running for 3.746)
2023-05-07 11:44:37.276 INFO  org.quartz.core.QuartzScheduler                   :585  [32m                  [0;39m Scheduler quartzScheduler_$_NON_CLUSTERED paused.
2023-05-07 11:44:37.276 INFO  o.s.scheduling.concurrent.ThreadPoolTaskScheduler :208  [32m                  [0;39m Shutting down ExecutorService 'taskScheduler'
2023-05-07 11:44:37.277 INFO  o.s.scheduling.quartz.SchedulerFactoryBean        :845  [32m                  [0;39m Shutting down Quartz Scheduler
2023-05-07 11:44:37.277 INFO  org.quartz.core.QuartzScheduler                   :666  [32m                  [0;39m Scheduler quartzScheduler_$_NON_CLUSTERED shutting down.
2023-05-07 11:44:37.277 INFO  org.quartz.core.QuartzScheduler                   :585  [32m                  [0;39m Scheduler quartzScheduler_$_NON_CLUSTERED paused.
2023-05-07 11:44:37.277 INFO  org.quartz.core.QuartzScheduler                   :740  [32m                  [0;39m Scheduler quartzScheduler_$_NON_CLUSTERED shutdown complete.
2023-05-07 11:44:37.278 INFO  o.s.scheduling.concurrent.ThreadPoolTaskExecutor  :208  [32m                  [0;39m Shutting down ExecutorService 'applicationTaskExecutor'
2023-05-07 14:08:07.232 INFO  com.train.TrainBatchApplication                   :50   [32m                  [0;39m Starting TrainBatchApplication on DESKTOP-J1SB6R6 with PID 11608 (D:\studies\backend\train-parents\train-batch\target\classes started by 86180 in D:\studies\backend\train-parents)
2023-05-07 14:08:07.235 INFO  com.train.TrainBatchApplication                   :652  [32m                  [0;39m The following profiles are active: dev
2023-05-07 14:08:07.886 WARN  org.mybatis.spring.mapper.ClassPathMapperScanner  :166  [32m                  [0;39m No MyBatis mapper was found in '[com.train]' package. Please check your configuration.
2023-05-07 14:08:08.418 INFO  o.s.boot.web.embedded.tomcat.TomcatWebServer      :90   [32m                  [0;39m Tomcat initialized with port(s): 10006 (http)
2023-05-07 14:08:08.431 INFO  org.apache.coyote.http11.Http11NioProtocol        :173  [32m                  [0;39m Initializing ProtocolHandler ["http-nio-10006"]
2023-05-07 14:08:08.443 INFO  org.apache.catalina.core.StandardService          :173  [32m                  [0;39m Starting service [Tomcat]
2023-05-07 14:08:08.443 INFO  org.apache.catalina.core.StandardEngine           :173  [32m                  [0;39m Starting Servlet engine: [Apache Tomcat/9.0.39]
2023-05-07 14:08:08.536 INFO  o.a.c.c.C.[Tomcat].[localhost].[/batch]           :173  [32m                  [0;39m Initializing Spring embedded WebApplicationContext
2023-05-07 14:08:08.536 INFO  org.springframework.web.context.ContextLoader     :284  [32m                  [0;39m Root WebApplicationContext: initialization completed in 1233 ms
2023-05-07 14:08:08.671 INFO  org.quartz.impl.StdSchedulerFactory               :1208 [32m                  [0;39m Using default implementation for ThreadExecutor
2023-05-07 14:08:08.679 INFO  org.quartz.core.SchedulerSignalerImpl             :61   [32m                  [0;39m Initialized Scheduler Signaller of type: class org.quartz.core.SchedulerSignalerImpl
2023-05-07 14:08:08.679 INFO  org.quartz.core.QuartzScheduler                   :229  [32m                  [0;39m Quartz Scheduler v.2.3.1 created.
2023-05-07 14:08:08.738 INFO  com.zaxxer.hikari.HikariDataSource                :110  [32m                  [0;39m HikariPool-1 - Starting...
2023-05-07 14:08:08.877 INFO  com.zaxxer.hikari.HikariDataSource                :123  [32m                  [0;39m HikariPool-1 - Start completed.
2023-05-07 14:08:08.882 INFO  o.s.scheduling.quartz.LocalDataSourceJobStore     :672  [32m                  [0;39m Using db table-based data access locking (synchronization).
2023-05-07 14:08:08.884 INFO  o.s.scheduling.quartz.LocalDataSourceJobStore     :145  [32m                  [0;39m JobStoreCMT initialized.
2023-05-07 14:08:08.885 INFO  org.quartz.core.QuartzScheduler                   :294  [32m                  [0;39m Scheduler meta-data: Quartz Scheduler (v2.3.1) 'schedulerFactoryBean' with instanceId 'NON_CLUSTERED'
  Scheduler class: 'org.quartz.core.QuartzScheduler' - running locally.
  NOT STARTED.
  Currently in standby mode.
  Number of jobs executed: 0
  Using thread pool 'org.quartz.simpl.SimpleThreadPool' - with 10 threads.
  Using job-store 'org.springframework.scheduling.quartz.LocalDataSourceJobStore' - which supports persistence. and is not clustered.

2023-05-07 14:08:08.885 INFO  org.quartz.impl.StdSchedulerFactory               :1362 [32m                  [0;39m Quartz scheduler 'schedulerFactoryBean' initialized from an externally provided properties instance.
2023-05-07 14:08:08.885 INFO  org.quartz.impl.StdSchedulerFactory               :1366 [32m                  [0;39m Quartz scheduler version: 2.3.1
2023-05-07 14:08:08.885 INFO  org.quartz.core.QuartzScheduler                   :2293 [32m                  [0;39m JobFactory set to: com.train.config.MyJobFactory@24c685e7
2023-05-07 14:08:09.171 INFO  s.d.s.w.WebMvcPropertySourcedRequestMappingHandlerMapping:69   [32m                  [0;39m Mapped URL path [/v2/api-docs] onto method [public org.springframework.http.ResponseEntity<springfox.documentation.spring.web.json.Json> springfox.documentation.swagger2.web.Swagger2ControllerWebMvc.getDocumentation(java.lang.String,javax.servlet.http.HttpServletRequest)]
2023-05-07 14:08:09.297 INFO  o.s.scheduling.concurrent.ThreadPoolTaskExecutor  :171  [32m                  [0;39m Initializing ExecutorService 'applicationTaskExecutor'
2023-05-07 14:08:09.709 INFO  s.d.s.web.plugins.DocumentationPluginsBootstrapper:93   [32m                  [0;39m Documentation plugins bootstrapped
2023-05-07 14:08:09.712 INFO  s.d.s.web.plugins.DocumentationPluginsBootstrapper:79   [32m                  [0;39m Found 1 custom documentation plugin(s)
2023-05-07 14:08:09.738 INFO  s.d.spring.web.scanners.ApiListingReferenceScanner:44   [32m                  [0;39m Scanning for api listing references
2023-05-07 14:08:09.862 INFO  o.s.scheduling.quartz.SchedulerFactoryBean        :732  [32m                  [0;39m Will start Quartz Scheduler [schedulerFactoryBean] in 2 seconds
2023-05-07 14:08:09.868 INFO  org.apache.coyote.http11.Http11NioProtocol        :173  [32m                  [0;39m Starting ProtocolHandler ["http-nio-10006"]
2023-05-07 14:08:09.885 INFO  o.s.boot.web.embedded.tomcat.TomcatWebServer      :202  [32m                  [0;39m Tomcat started on port(s): 10006 (http) with context path '/batch'
2023-05-07 14:08:09.888 INFO  com.train.TrainBatchApplication                   :59   [32m                  [0;39m Started TrainBatchApplication in 3.328 seconds (JVM running for 4.488)
2023-05-07 14:08:11.864 INFO  o.s.scheduling.quartz.SchedulerFactoryBean        :748  [32m                  [0;39m Starting Quartz Scheduler now, after delay of 2 seconds
2023-05-07 14:08:11.891 INFO  o.s.scheduling.quartz.LocalDataSourceJobStore     :866  [32m                  [0;39m Freed 0 triggers from 'acquired' / 'blocked' state.
2023-05-07 14:08:11.894 INFO  o.s.scheduling.quartz.LocalDataSourceJobStore     :876  [32m                  [0;39m Recovering 0 jobs that were in-progress at the time of the last shut-down.
2023-05-07 14:08:11.895 INFO  o.s.scheduling.quartz.LocalDataSourceJobStore     :889  [32m                  [0;39m Recovery complete.
2023-05-07 14:08:11.895 INFO  o.s.scheduling.quartz.LocalDataSourceJobStore     :896  [32m                  [0;39m Removed 0 'complete' triggers.
2023-05-07 14:08:11.896 INFO  o.s.scheduling.quartz.LocalDataSourceJobStore     :901  [32m                  [0;39m Removed 0 stale fired job entries.
2023-05-07 14:08:11.897 INFO  org.quartz.core.QuartzScheduler                   :547  [32m                  [0;39m Scheduler schedulerFactoryBean_$_NON_CLUSTERED started.
2023-05-07 14:08:55.352 INFO  o.a.c.c.C.[Tomcat].[localhost].[/batch]           :173  [32m                  [0;39m Initializing Spring DispatcherServlet 'dispatcherServlet'
2023-05-07 14:08:55.353 INFO  org.springframework.web.servlet.DispatcherServlet :525  [32m                  [0;39m Initializing Servlet 'dispatcherServlet'
2023-05-07 14:08:55.359 INFO  org.springframework.web.servlet.DispatcherServlet :547  [32m                  [0;39m Completed initialization in 6 ms
2023-05-07 14:08:55.409 INFO  com.train.common.aspect.LogAspect                 :50   [32m1683439735368tbu  [0;39m ------------- å¼€å§‹ -------------
2023-05-07 14:08:55.410 INFO  com.train.common.aspect.LogAspect                 :51   [32m1683439735368tbu  [0;39m è¯·æ±‚åœ°å€: http://127.0.0.1:10006/batch/admin/job/add POST
2023-05-07 14:08:55.410 INFO  com.train.common.aspect.LogAspect                 :52   [32m1683439735368tbu  [0;39m ç±»åæ–¹æ³•: com.train.controller.JobController.add
2023-05-07 14:08:55.410 INFO  com.train.common.aspect.LogAspect                 :53   [32m1683439735368tbu  [0;39m è¿œç¨‹åœ°å€: 127.0.0.1
2023-05-07 14:08:55.463 INFO  com.train.common.aspect.LogAspect                 :74   [32m1683439735368tbu  [0;39m è¯·æ±‚å‚æ•°: [{"cronExpression":"*/2 * * * * ?","name":"com.train.job.TestJob"}]
2023-05-07 14:08:55.465 INFO  com.train.controller.JobController                :48   [32m1683439735368tbu  [0;39m åˆ›å»ºå®šæ—¶ä»»åŠ¡å¼€å§‹ï¼šcom.train.job.TestJobï¼Œnullï¼Œ*/2 * * * * ?ï¼Œnull
2023-05-07 14:08:55.466 INFO  org.quartz.core.QuartzScheduler                   :547  [32m1683439735368tbu  [0;39m Scheduler schedulerFactoryBean_$_NON_CLUSTERED started.
2023-05-07 14:08:55.486 INFO  com.train.controller.JobController                :78   [32m1683439735368tbu  [0;39m åˆ›å»ºå®šæ—¶ä»»åŠ¡ç»“æŸï¼šDBResult(code=200, msg=null, result=null)
2023-05-07 14:08:55.489 INFO  com.train.common.aspect.LogAspect                 :86   [32m1683439735368tbu  [0;39m è¿”å›ç»“æœ: {"code":200}
2023-05-07 14:08:55.490 INFO  com.train.common.aspect.LogAspect                 :87   [32m1683439735368tbu  [0;39m ------------- ç»“æŸ è€—æ—¶ï¼š82 ms -------------
2023-05-07 14:09:11.210 INFO  com.train.common.aspect.LogAspect                 :50   [32m16834397512108f9  [0;39m ------------- å¼€å§‹ -------------
2023-05-07 14:09:11.211 INFO  com.train.common.aspect.LogAspect                 :51   [32m16834397512108f9  [0;39m è¯·æ±‚åœ°å€: http://127.0.0.1:10006/batch/admin/job/query GET
2023-05-07 14:09:11.211 INFO  com.train.common.aspect.LogAspect                 :52   [32m16834397512108f9  [0;39m ç±»åæ–¹æ³•: com.train.controller.JobController.query
2023-05-07 14:09:11.211 INFO  com.train.common.aspect.LogAspect                 :53   [32m16834397512108f9  [0;39m è¿œç¨‹åœ°å€: 127.0.0.1
2023-05-07 14:09:11.211 INFO  com.train.common.aspect.LogAspect                 :74   [32m16834397512108f9  [0;39m è¯·æ±‚å‚æ•°: []
2023-05-07 14:09:11.211 INFO  com.train.controller.JobController                :171  [32m16834397512108f9  [0;39m æŸ¥çœ‹æ‰€æœ‰å®šæ—¶ä»»åŠ¡å¼€å§‹
2023-05-07 14:09:11.218 INFO  com.train.controller.JobController                :202  [32m16834397512108f9  [0;39m æŸ¥çœ‹å®šæ—¶ä»»åŠ¡ç»“æŸï¼šDBResult(code=200, msg=null, result=[CronJobRes(group=DEFAULT, name=com.train.job.TestJob, description=null, state=NORMAL, cronExpression=*/2 * * * * ?, nextFireTime=Sun May 07 14:09:12 CST 2023, preFireTime=Sun May 07 14:09:10 CST 2023)])
2023-05-07 14:09:11.224 INFO  com.train.common.aspect.LogAspect                 :86   [32m16834397512108f9  [0;39m è¿”å›ç»“æœ: {"code":200,"result":[{"cronExpression":"*/2 * * * * ?","group":"DEFAULT","name":"com.train.job.TestJob","nextFireTime":1683439752000,"preFireTime":1683439750000,"state":"NORMAL"}]}
2023-05-07 14:09:11.225 INFO  com.train.common.aspect.LogAspect                 :87   [32m16834397512108f9  [0;39m ------------- ç»“æŸ è€—æ—¶ï¼š15 ms -------------
2023-05-07 14:09:18.090 INFO  com.train.common.aspect.LogAspect                 :50   [32m1683439758089ts0  [0;39m ------------- å¼€å§‹ -------------
2023-05-07 14:09:18.090 INFO  com.train.common.aspect.LogAspect                 :51   [32m1683439758089ts0  [0;39m è¯·æ±‚åœ°å€: http://127.0.0.1:10006/batch/admin/job/resume POST
2023-05-07 14:09:18.091 INFO  com.train.common.aspect.LogAspect                 :52   [32m1683439758089ts0  [0;39m ç±»åæ–¹æ³•: com.train.controller.JobController.resume
2023-05-07 14:09:18.091 INFO  com.train.common.aspect.LogAspect                 :53   [32m1683439758089ts0  [0;39m è¿œç¨‹åœ°å€: 127.0.0.1
2023-05-07 14:09:18.091 INFO  com.train.common.aspect.LogAspect                 :74   [32m1683439758089ts0  [0;39m è¯·æ±‚å‚æ•°: [{"name":"com.train.job.TestJob"}]
2023-05-07 14:09:18.092 INFO  com.train.controller.JobController                :104  [32m1683439758089ts0  [0;39m é‡å¯å®šæ—¶ä»»åŠ¡å¼€å§‹ï¼šcom.train.job.TestJobï¼Œnull
2023-05-07 14:09:18.095 INFO  com.train.controller.JobController                :114  [32m1683439758089ts0  [0;39m é‡å¯å®šæ—¶ä»»åŠ¡ç»“æŸï¼šDBResult(code=200, msg=null, result=null)
2023-05-07 14:09:18.096 INFO  com.train.common.aspect.LogAspect                 :86   [32m1683439758089ts0  [0;39m è¿”å›ç»“æœ: {"code":200}
2023-05-07 14:09:18.096 INFO  com.train.common.aspect.LogAspect                 :87   [32m1683439758089ts0  [0;39m ------------- ç»“æŸ è€—æ—¶ï¼š6 ms -------------
2023-05-07 14:15:28.997 INFO  org.quartz.core.QuartzScheduler                   :585  [32m                  [0;39m Scheduler schedulerFactoryBean_$_NON_CLUSTERED paused.
2023-05-07 14:15:28.998 INFO  o.s.scheduling.concurrent.ThreadPoolTaskExecutor  :208  [32m                  [0;39m Shutting down ExecutorService 'applicationTaskExecutor'
2023-05-07 14:15:28.999 INFO  o.s.scheduling.quartz.SchedulerFactoryBean        :845  [32m                  [0;39m Shutting down Quartz Scheduler
2023-05-07 14:15:28.999 INFO  org.quartz.core.QuartzScheduler                   :666  [32m                  [0;39m Scheduler schedulerFactoryBean_$_NON_CLUSTERED shutting down.
2023-05-07 14:15:28.999 INFO  org.quartz.core.QuartzScheduler                   :585  [32m                  [0;39m Scheduler schedulerFactoryBean_$_NON_CLUSTERED paused.
2023-05-07 14:15:29.000 INFO  org.quartz.core.QuartzScheduler                   :740  [32m                  [0;39m Scheduler schedulerFactoryBean_$_NON_CLUSTERED shutdown complete.
2023-05-07 14:15:29.000 INFO  com.zaxxer.hikari.HikariDataSource                :350  [32m                  [0;39m HikariPool-1 - Shutdown initiated...
2023-05-07 14:15:29.002 INFO  com.zaxxer.hikari.HikariDataSource                :352  [32m                  [0;39m HikariPool-1 - Shutdown completed.
2023-05-07 14:15:35.614 INFO  com.train.TrainBatchApplication                   :50   [32m                  [0;39m Starting TrainBatchApplication on DESKTOP-J1SB6R6 with PID 6736 (D:\studies\backend\train-parents\train-batch\target\classes started by 86180 in D:\studies\backend\train-parents)
2023-05-07 14:15:35.617 INFO  com.train.TrainBatchApplication                   :652  [32m                  [0;39m The following profiles are active: dev
2023-05-07 14:15:36.243 WARN  org.mybatis.spring.mapper.ClassPathMapperScanner  :166  [32m                  [0;39m No MyBatis mapper was found in '[com.train]' package. Please check your configuration.
2023-05-07 14:15:36.801 INFO  o.s.boot.web.embedded.tomcat.TomcatWebServer      :90   [32m                  [0;39m Tomcat initialized with port(s): 10006 (http)
2023-05-07 14:15:36.811 INFO  org.apache.coyote.http11.Http11NioProtocol        :173  [32m                  [0;39m Initializing ProtocolHandler ["http-nio-10006"]
2023-05-07 14:15:36.824 INFO  org.apache.catalina.core.StandardService          :173  [32m                  [0;39m Starting service [Tomcat]
2023-05-07 14:15:36.824 INFO  org.apache.catalina.core.StandardEngine           :173  [32m                  [0;39m Starting Servlet engine: [Apache Tomcat/9.0.39]
2023-05-07 14:15:36.912 INFO  o.a.c.c.C.[Tomcat].[localhost].[/batch]           :173  [32m                  [0;39m Initializing Spring embedded WebApplicationContext
2023-05-07 14:15:36.913 INFO  org.springframework.web.context.ContextLoader     :284  [32m                  [0;39m Root WebApplicationContext: initialization completed in 1258 ms
2023-05-07 14:15:37.044 INFO  org.quartz.impl.StdSchedulerFactory               :1208 [32m                  [0;39m Using default implementation for ThreadExecutor
2023-05-07 14:15:37.052 INFO  org.quartz.core.SchedulerSignalerImpl             :61   [32m                  [0;39m Initialized Scheduler Signaller of type: class org.quartz.core.SchedulerSignalerImpl
2023-05-07 14:15:37.052 INFO  org.quartz.core.QuartzScheduler                   :229  [32m                  [0;39m Quartz Scheduler v.2.3.1 created.
2023-05-07 14:15:37.107 INFO  com.zaxxer.hikari.HikariDataSource                :110  [32m                  [0;39m HikariPool-1 - Starting...
2023-05-07 14:15:37.223 INFO  com.zaxxer.hikari.HikariDataSource                :123  [32m                  [0;39m HikariPool-1 - Start completed.
2023-05-07 14:15:37.229 INFO  o.s.scheduling.quartz.LocalDataSourceJobStore     :672  [32m                  [0;39m Using db table-based data access locking (synchronization).
2023-05-07 14:15:37.231 INFO  o.s.scheduling.quartz.LocalDataSourceJobStore     :145  [32m                  [0;39m JobStoreCMT initialized.
2023-05-07 14:15:37.231 INFO  org.quartz.core.QuartzScheduler                   :294  [32m                  [0;39m Scheduler meta-data: Quartz Scheduler (v2.3.1) 'schedulerFactoryBean' with instanceId 'NON_CLUSTERED'
  Scheduler class: 'org.quartz.core.QuartzScheduler' - running locally.
  NOT STARTED.
  Currently in standby mode.
  Number of jobs executed: 0
  Using thread pool 'org.quartz.simpl.SimpleThreadPool' - with 10 threads.
  Using job-store 'org.springframework.scheduling.quartz.LocalDataSourceJobStore' - which supports persistence. and is not clustered.

2023-05-07 14:15:37.232 INFO  org.quartz.impl.StdSchedulerFactory               :1362 [32m                  [0;39m Quartz scheduler 'schedulerFactoryBean' initialized from an externally provided properties instance.
2023-05-07 14:15:37.232 INFO  org.quartz.impl.StdSchedulerFactory               :1366 [32m                  [0;39m Quartz scheduler version: 2.3.1
2023-05-07 14:15:37.232 INFO  org.quartz.core.QuartzScheduler                   :2293 [32m                  [0;39m JobFactory set to: com.train.config.MyJobFactory@182e7eda
2023-05-07 14:15:37.565 INFO  s.d.s.w.WebMvcPropertySourcedRequestMappingHandlerMapping:69   [32m                  [0;39m Mapped URL path [/v2/api-docs] onto method [public org.springframework.http.ResponseEntity<springfox.documentation.spring.web.json.Json> springfox.documentation.swagger2.web.Swagger2ControllerWebMvc.getDocumentation(java.lang.String,javax.servlet.http.HttpServletRequest)]
2023-05-07 14:15:37.687 INFO  o.s.scheduling.concurrent.ThreadPoolTaskExecutor  :171  [32m                  [0;39m Initializing ExecutorService 'applicationTaskExecutor'
2023-05-07 14:15:38.060 INFO  s.d.s.web.plugins.DocumentationPluginsBootstrapper:93   [32m                  [0;39m Documentation plugins bootstrapped
2023-05-07 14:15:38.063 INFO  s.d.s.web.plugins.DocumentationPluginsBootstrapper:79   [32m                  [0;39m Found 1 custom documentation plugin(s)
2023-05-07 14:15:38.089 INFO  s.d.spring.web.scanners.ApiListingReferenceScanner:44   [32m                  [0;39m Scanning for api listing references
2023-05-07 14:15:38.212 INFO  o.s.scheduling.quartz.SchedulerFactoryBean        :732  [32m                  [0;39m Will start Quartz Scheduler [schedulerFactoryBean] in 2 seconds
2023-05-07 14:15:38.218 INFO  org.apache.coyote.http11.Http11NioProtocol        :173  [32m                  [0;39m Starting ProtocolHandler ["http-nio-10006"]
2023-05-07 14:15:38.235 INFO  o.s.boot.web.embedded.tomcat.TomcatWebServer      :202  [32m                  [0;39m Tomcat started on port(s): 10006 (http) with context path '/batch'
2023-05-07 14:15:38.238 INFO  com.train.TrainBatchApplication                   :59   [32m                  [0;39m Started TrainBatchApplication in 2.991 seconds (JVM running for 4.097)
2023-05-07 14:15:40.212 INFO  o.s.scheduling.quartz.SchedulerFactoryBean        :748  [32m                  [0;39m Starting Quartz Scheduler now, after delay of 2 seconds
2023-05-07 14:15:40.230 INFO  o.s.scheduling.quartz.LocalDataSourceJobStore     :866  [32m                  [0;39m Freed 0 triggers from 'acquired' / 'blocked' state.
2023-05-07 14:15:40.236 INFO  o.s.scheduling.quartz.LocalDataSourceJobStore     :876  [32m                  [0;39m Recovering 0 jobs that were in-progress at the time of the last shut-down.
2023-05-07 14:15:40.236 INFO  o.s.scheduling.quartz.LocalDataSourceJobStore     :889  [32m                  [0;39m Recovery complete.
2023-05-07 14:15:40.237 INFO  o.s.scheduling.quartz.LocalDataSourceJobStore     :896  [32m                  [0;39m Removed 0 'complete' triggers.
2023-05-07 14:15:40.238 INFO  o.s.scheduling.quartz.LocalDataSourceJobStore     :901  [32m                  [0;39m Removed 0 stale fired job entries.
2023-05-07 14:15:40.238 INFO  org.quartz.core.QuartzScheduler                   :547  [32m                  [0;39m Scheduler schedulerFactoryBean_$_NON_CLUSTERED started.
2023-05-07 14:15:53.264 INFO  o.a.c.c.C.[Tomcat].[localhost].[/batch]           :173  [32m                  [0;39m Initializing Spring DispatcherServlet 'dispatcherServlet'
2023-05-07 14:15:53.264 INFO  org.springframework.web.servlet.DispatcherServlet :525  [32m                  [0;39m Initializing Servlet 'dispatcherServlet'
2023-05-07 14:15:53.274 INFO  org.springframework.web.servlet.DispatcherServlet :547  [32m                  [0;39m Completed initialization in 10 ms
2023-05-07 14:15:53.300 INFO  com.train.common.aspect.LogAspect                 :50   [32m1683440153288uvv  [0;39m ------------- å¼€å§‹ -------------
2023-05-07 14:15:53.301 INFO  com.train.common.aspect.LogAspect                 :51   [32m1683440153288uvv  [0;39m è¯·æ±‚åœ°å€: http://127.0.0.1:10006/batch/admin/job/query GET
2023-05-07 14:15:53.301 INFO  com.train.common.aspect.LogAspect                 :52   [32m1683440153288uvv  [0;39m ç±»åæ–¹æ³•: com.train.controller.JobController.query
2023-05-07 14:15:53.302 INFO  com.train.common.aspect.LogAspect                 :53   [32m1683440153288uvv  [0;39m è¿œç¨‹åœ°å€: 127.0.0.1
2023-05-07 14:15:53.347 INFO  com.train.common.aspect.LogAspect                 :74   [32m1683440153288uvv  [0;39m è¯·æ±‚å‚æ•°: []
2023-05-07 14:15:53.352 INFO  com.train.controller.JobController                :175  [32m1683440153288uvv  [0;39m æŸ¥çœ‹æ‰€æœ‰å®šæ—¶ä»»åŠ¡å¼€å§‹
2023-05-07 14:15:53.364 INFO  com.train.controller.JobController                :206  [32m1683440153288uvv  [0;39m æŸ¥çœ‹å®šæ—¶ä»»åŠ¡ç»“æŸï¼šDBResult(code=200, msg=æ“ä½œæˆåŠŸ, result=[CronJobRes(group=DEFAULT, name=com.train.job.TestJob, description=null, state=NORMAL, cronExpression=*/2 * * * * ?, nextFireTime=Sun May 07 14:15:54 CST 2023, preFireTime=Sun May 07 14:15:52 CST 2023)])
2023-05-07 14:15:53.391 INFO  com.train.common.aspect.LogAspect                 :86   [32m1683440153288uvv  [0;39m è¿”å›ç»“æœ: {"code":200,"msg":"æ“ä½œæˆåŠŸ","result":[{"cronExpression":"*/2 * * * * ?","group":"DEFAULT","name":"com.train.job.TestJob","nextFireTime":1683440154000,"preFireTime":1683440152000,"state":"NORMAL"}]}
2023-05-07 14:15:53.392 INFO  com.train.common.aspect.LogAspect                 :87   [32m1683440153288uvv  [0;39m ------------- ç»“æŸ è€—æ—¶ï¼š93 ms -------------
2023-05-07 14:16:06.573 INFO  com.train.common.aspect.LogAspect                 :50   [32m1683440166547vki  [0;39m ------------- å¼€å§‹ -------------
2023-05-07 14:16:06.573 INFO  com.train.common.aspect.LogAspect                 :51   [32m1683440166547vki  [0;39m è¯·æ±‚åœ°å€: http://127.0.0.1:10006/batch/admin/job/pause POST
2023-05-07 14:16:06.573 INFO  com.train.common.aspect.LogAspect                 :52   [32m1683440166547vki  [0;39m ç±»åæ–¹æ³•: com.train.controller.JobController.pause
2023-05-07 14:16:06.573 INFO  com.train.common.aspect.LogAspect                 :53   [32m1683440166547vki  [0;39m è¿œç¨‹åœ°å€: 127.0.0.1
2023-05-07 14:16:06.576 INFO  com.train.common.aspect.LogAspect                 :74   [32m1683440166547vki  [0;39m è¯·æ±‚å‚æ•°: [{"name":"com.train.job.TestJob"}]
2023-05-07 14:16:06.576 INFO  com.train.controller.JobController                :86   [32m1683440166547vki  [0;39m æš‚åœå®šæ—¶ä»»åŠ¡å¼€å§‹ï¼šcom.train.job.TestJobï¼Œnull
2023-05-07 14:16:06.580 INFO  com.train.controller.JobController                :97   [32m1683440166547vki  [0;39m æš‚åœå®šæ—¶ä»»åŠ¡ç»“æŸï¼šDBResult(code=200, msg=æš‚åœå®šæ—¶ä»»åŠ¡æˆåŠŸ, result=null)
2023-05-07 14:16:06.580 INFO  com.train.common.aspect.LogAspect                 :86   [32m1683440166547vki  [0;39m è¿”å›ç»“æœ: {"code":200,"msg":"æš‚åœå®šæ—¶ä»»åŠ¡æˆåŠŸ"}
2023-05-07 14:16:06.580 INFO  com.train.common.aspect.LogAspect                 :87   [32m1683440166547vki  [0;39m ------------- ç»“æŸ è€—æ—¶ï¼š7 ms -------------
2023-05-07 14:16:33.343 INFO  com.train.common.aspect.LogAspect                 :50   [32m16834401933426a7  [0;39m ------------- å¼€å§‹ -------------
2023-05-07 14:16:33.344 INFO  com.train.common.aspect.LogAspect                 :51   [32m16834401933426a7  [0;39m è¯·æ±‚åœ°å€: http://127.0.0.1:10006/batch/admin/job/resume POST
2023-05-07 14:16:33.344 INFO  com.train.common.aspect.LogAspect                 :52   [32m16834401933426a7  [0;39m ç±»åæ–¹æ³•: com.train.controller.JobController.resume
2023-05-07 14:16:33.344 INFO  com.train.common.aspect.LogAspect                 :53   [32m16834401933426a7  [0;39m è¿œç¨‹åœ°å€: 127.0.0.1
2023-05-07 14:16:33.344 INFO  com.train.common.aspect.LogAspect                 :74   [32m16834401933426a7  [0;39m è¯·æ±‚å‚æ•°: [{"name":"com.train.job.TestJob"}]
2023-05-07 14:16:33.344 INFO  com.train.controller.JobController                :105  [32m16834401933426a7  [0;39m é‡å¯å®šæ—¶ä»»åŠ¡å¼€å§‹ï¼šcom.train.job.TestJobï¼Œnull
2023-05-07 14:16:33.349 INFO  com.train.controller.JobController                :116  [32m16834401933426a7  [0;39m é‡å¯å®šæ—¶ä»»åŠ¡ç»“æŸï¼šDBResult(code=200, msg=é‡å¯å®šæ—¶ä»»åŠ¡æˆåŠŸ, result=null)
2023-05-07 14:16:33.350 INFO  com.train.common.aspect.LogAspect                 :86   [32m16834401933426a7  [0;39m è¿”å›ç»“æœ: {"code":200,"msg":"é‡å¯å®šæ—¶ä»»åŠ¡æˆåŠŸ"}
2023-05-07 14:16:33.350 INFO  com.train.common.aspect.LogAspect                 :87   [32m16834401933426a7  [0;39m ------------- ç»“æŸ è€—æ—¶ï¼š7 ms -------------
2023-05-07 14:16:47.556 INFO  com.train.common.aspect.LogAspect                 :50   [32m1683440207555v1b  [0;39m ------------- å¼€å§‹ -------------
2023-05-07 14:16:47.556 INFO  com.train.common.aspect.LogAspect                 :51   [32m1683440207555v1b  [0;39m è¯·æ±‚åœ°å€: http://127.0.0.1:10006/batch/admin/job/reschedule POST
2023-05-07 14:16:47.556 INFO  com.train.common.aspect.LogAspect                 :52   [32m1683440207555v1b  [0;39m ç±»åæ–¹æ³•: com.train.controller.JobController.reschedule
2023-05-07 14:16:47.557 INFO  com.train.common.aspect.LogAspect                 :53   [32m1683440207555v1b  [0;39m è¿œç¨‹åœ°å€: 127.0.0.1
2023-05-07 14:16:47.557 INFO  com.train.common.aspect.LogAspect                 :74   [32m1683440207555v1b  [0;39m è¯·æ±‚å‚æ•°: [{"cronExpression":"*/5 * * * * ?","name":"com.train.job.TestJob"}]
2023-05-07 14:16:47.557 INFO  com.train.controller.JobController                :126  [32m1683440207555v1b  [0;39m æ›´æ–°å®šæ—¶ä»»åŠ¡å¼€å§‹ï¼šcom.train.job.TestJobï¼Œnullï¼Œ*/5 * * * * ?ï¼Œnull
2023-05-07 14:16:47.566 INFO  com.train.controller.JobController                :148  [32m1683440207555v1b  [0;39m æ›´æ–°å®šæ—¶ä»»åŠ¡ç»“æŸï¼šDBResult(code=200, msg=æ›´æ–°å®šæ—¶ä»»åŠ¡æˆåŠŸ, result=null)
2023-05-07 14:16:47.566 INFO  com.train.common.aspect.LogAspect                 :86   [32m1683440207555v1b  [0;39m è¿”å›ç»“æœ: {"code":200,"msg":"æ›´æ–°å®šæ—¶ä»»åŠ¡æˆåŠŸ"}
2023-05-07 14:16:47.566 INFO  com.train.common.aspect.LogAspect                 :87   [32m1683440207555v1b  [0;39m ------------- ç»“æŸ è€—æ—¶ï¼š10 ms -------------
2023-05-07 14:16:59.599 INFO  com.train.common.aspect.LogAspect                 :50   [32m1683440219598ach  [0;39m ------------- å¼€å§‹ -------------
2023-05-07 14:16:59.600 INFO  com.train.common.aspect.LogAspect                 :51   [32m1683440219598ach  [0;39m è¯·æ±‚åœ°å€: http://127.0.0.1:10006/batch/admin/job/delete POST
2023-05-07 14:16:59.600 INFO  com.train.common.aspect.LogAspect                 :52   [32m1683440219598ach  [0;39m ç±»åæ–¹æ³•: com.train.controller.JobController.delete
2023-05-07 14:16:59.600 INFO  com.train.common.aspect.LogAspect                 :53   [32m1683440219598ach  [0;39m è¿œç¨‹åœ°å€: 127.0.0.1
2023-05-07 14:16:59.600 INFO  com.train.common.aspect.LogAspect                 :74   [32m1683440219598ach  [0;39m è¯·æ±‚å‚æ•°: [{"name":"com.train.job.TestJob"}]
2023-05-07 14:16:59.601 INFO  com.train.controller.JobController                :156  [32m1683440219598ach  [0;39m åˆ é™¤å®šæ—¶ä»»åŠ¡å¼€å§‹ï¼šcom.train.job.TestJobï¼Œnull
2023-05-07 14:16:59.610 INFO  com.train.controller.JobController                :169  [32m1683440219598ach  [0;39m åˆ é™¤å®šæ—¶ä»»åŠ¡ç»“æŸï¼šDBResult(code=200, msg=åˆ é™¤å®šæ—¶ä»»åŠ¡æˆåŠŸ, result=null)
2023-05-07 14:16:59.610 INFO  com.train.common.aspect.LogAspect                 :86   [32m1683440219598ach  [0;39m è¿”å›ç»“æœ: {"code":200,"msg":"åˆ é™¤å®šæ—¶ä»»åŠ¡æˆåŠŸ"}
2023-05-07 14:16:59.610 INFO  com.train.common.aspect.LogAspect                 :87   [32m1683440219598ach  [0;39m ------------- ç»“æŸ è€—æ—¶ï¼š11 ms -------------
2023-05-07 14:34:11.626 INFO  com.train.common.aspect.LogAspect                 :50   [32m16834412516250mz  [0;39m ------------- å¼€å§‹ -------------
2023-05-07 14:34:11.627 INFO  com.train.common.aspect.LogAspect                 :51   [32m16834412516250mz  [0;39m è¯·æ±‚åœ°å€: http://127.0.0.1:10006/batch/admin/job/add POST
2023-05-07 14:34:11.627 INFO  com.train.common.aspect.LogAspect                 :52   [32m16834412516250mz  [0;39m ç±»åæ–¹æ³•: com.train.controller.JobController.add
2023-05-07 14:34:11.627 INFO  com.train.common.aspect.LogAspect                 :53   [32m16834412516250mz  [0;39m è¿œç¨‹åœ°å€: 127.0.0.1
2023-05-07 14:34:11.627 INFO  com.train.common.aspect.LogAspect                 :74   [32m16834412516250mz  [0;39m è¯·æ±‚å‚æ•°: [{"cronExpression":"*/10 * * * * ?","name":"com.train.job.TestJob"}]
2023-05-07 14:34:11.628 INFO  com.train.controller.JobController                :48   [32m16834412516250mz  [0;39m åˆ›å»ºå®šæ—¶ä»»åŠ¡å¼€å§‹ï¼šcom.train.job.TestJobï¼Œnullï¼Œ*/10 * * * * ?ï¼Œnull
2023-05-07 14:34:11.628 INFO  org.quartz.core.QuartzScheduler                   :547  [32m16834412516250mz  [0;39m Scheduler schedulerFactoryBean_$_NON_CLUSTERED started.
2023-05-07 14:34:11.635 INFO  com.train.controller.JobController                :78   [32m16834412516250mz  [0;39m åˆ›å»ºå®šæ—¶ä»»åŠ¡ç»“æŸï¼šDBResult(code=200, msg=åˆ›å»ºå®šæ—¶ä»»åŠ¡æˆåŠŸ, result=null)
2023-05-07 14:34:11.636 INFO  com.train.common.aspect.LogAspect                 :86   [32m16834412516250mz  [0;39m è¿”å›ç»“æœ: {"code":200,"msg":"åˆ›å»ºå®šæ—¶ä»»åŠ¡æˆåŠŸ"}
2023-05-07 14:34:11.636 INFO  com.train.common.aspect.LogAspect                 :87   [32m16834412516250mz  [0;39m ------------- ç»“æŸ è€—æ—¶ï¼š10 ms -------------
2023-05-07 14:34:37.040 INFO  com.train.common.aspect.LogAspect                 :50   [32m16834412770404o5  [0;39m ------------- å¼€å§‹ -------------
2023-05-07 14:34:37.040 INFO  com.train.common.aspect.LogAspect                 :51   [32m16834412770404o5  [0;39m è¯·æ±‚åœ°å€: http://127.0.0.1:10006/batch/admin/job/pause POST
2023-05-07 14:34:37.041 INFO  com.train.common.aspect.LogAspect                 :52   [32m16834412770404o5  [0;39m ç±»åæ–¹æ³•: com.train.controller.JobController.pause
2023-05-07 14:34:37.041 INFO  com.train.common.aspect.LogAspect                 :53   [32m16834412770404o5  [0;39m è¿œç¨‹åœ°å€: 127.0.0.1
2023-05-07 14:34:37.041 INFO  com.train.common.aspect.LogAspect                 :74   [32m16834412770404o5  [0;39m è¯·æ±‚å‚æ•°: [{"name":"com.train.job.TestJob"}]
2023-05-07 14:34:37.041 INFO  com.train.controller.JobController                :86   [32m16834412770404o5  [0;39m æš‚åœå®šæ—¶ä»»åŠ¡å¼€å§‹ï¼šcom.train.job.TestJobï¼Œnull
2023-05-07 14:34:37.043 INFO  com.train.controller.JobController                :97   [32m16834412770404o5  [0;39m æš‚åœå®šæ—¶ä»»åŠ¡ç»“æŸï¼šDBResult(code=200, msg=æš‚åœå®šæ—¶ä»»åŠ¡æˆåŠŸ, result=null)
2023-05-07 14:34:37.044 INFO  com.train.common.aspect.LogAspect                 :86   [32m16834412770404o5  [0;39m è¿”å›ç»“æœ: {"code":200,"msg":"æš‚åœå®šæ—¶ä»»åŠ¡æˆåŠŸ"}
2023-05-07 14:34:37.044 INFO  com.train.common.aspect.LogAspect                 :87   [32m16834412770404o5  [0;39m ------------- ç»“æŸ è€—æ—¶ï¼š4 ms -------------
2023-05-07 14:34:48.529 INFO  com.train.common.aspect.LogAspect                 :50   [32m1683441288528bua  [0;39m ------------- å¼€å§‹ -------------
2023-05-07 14:34:48.529 INFO  com.train.common.aspect.LogAspect                 :51   [32m1683441288528bua  [0;39m è¯·æ±‚åœ°å€: http://127.0.0.1:10006/batch/admin/job/run POST
2023-05-07 14:34:48.529 INFO  com.train.common.aspect.LogAspect                 :52   [32m1683441288528bua  [0;39m ç±»åæ–¹æ³•: com.train.controller.JobController.run
2023-05-07 14:34:48.529 INFO  com.train.common.aspect.LogAspect                 :53   [32m1683441288528bua  [0;39m è¿œç¨‹åœ°å€: 127.0.0.1
2023-05-07 14:34:48.529 INFO  com.train.common.aspect.LogAspect                 :74   [32m1683441288528bua  [0;39m è¯·æ±‚å‚æ•°: [{"name":"com.train.job.TestJob"}]
2023-05-07 14:34:48.530 INFO  com.train.controller.JobController                :37   [32m1683441288528bua  [0;39m æ‰‹åŠ¨æ‰§è¡Œä»»åŠ¡å¼€å§‹ï¼šcom.train.job.TestJob, null
2023-05-07 14:34:48.534 INFO  com.train.common.aspect.LogAspect                 :86   [32m1683441288528bua  [0;39m è¿”å›ç»“æœ: {"code":200}
2023-05-07 14:34:48.535 INFO  com.train.common.aspect.LogAspect                 :87   [32m1683441288528bua  [0;39m ------------- ç»“æŸ è€—æ—¶ï¼š6 ms -------------
2023-05-07 14:35:00.843 INFO  com.train.common.aspect.LogAspect                 :50   [32m1683441300842clw  [0;39m ------------- å¼€å§‹ -------------
2023-05-07 14:35:00.843 INFO  com.train.common.aspect.LogAspect                 :51   [32m1683441300842clw  [0;39m è¯·æ±‚åœ°å€: http://127.0.0.1:10006/batch/admin/job/delete POST
2023-05-07 14:35:00.843 INFO  com.train.common.aspect.LogAspect                 :52   [32m1683441300842clw  [0;39m ç±»åæ–¹æ³•: com.train.controller.JobController.delete
2023-05-07 14:35:00.843 INFO  com.train.common.aspect.LogAspect                 :53   [32m1683441300842clw  [0;39m è¿œç¨‹åœ°å€: 127.0.0.1
2023-05-07 14:35:00.844 INFO  com.train.common.aspect.LogAspect                 :74   [32m1683441300842clw  [0;39m è¯·æ±‚å‚æ•°: [{"name":"com.train.job.TestJob"}]
2023-05-07 14:35:00.844 INFO  com.train.controller.JobController                :156  [32m1683441300842clw  [0;39m åˆ é™¤å®šæ—¶ä»»åŠ¡å¼€å§‹ï¼šcom.train.job.TestJobï¼Œnull
2023-05-07 14:35:00.850 INFO  com.train.controller.JobController                :169  [32m1683441300842clw  [0;39m åˆ é™¤å®šæ—¶ä»»åŠ¡ç»“æŸï¼šDBResult(code=200, msg=åˆ é™¤å®šæ—¶ä»»åŠ¡æˆåŠŸ, result=null)
2023-05-07 14:35:00.850 INFO  com.train.common.aspect.LogAspect                 :86   [32m1683441300842clw  [0;39m è¿”å›ç»“æœ: {"code":200,"msg":"åˆ é™¤å®šæ—¶ä»»åŠ¡æˆåŠŸ"}
2023-05-07 14:35:00.851 INFO  com.train.common.aspect.LogAspect                 :87   [32m1683441300842clw  [0;39m ------------- ç»“æŸ è€—æ—¶ï¼š8 ms -------------
2023-05-07 14:37:27.324 INFO  org.quartz.core.QuartzScheduler                   :585  [32m                  [0;39m Scheduler schedulerFactoryBean_$_NON_CLUSTERED paused.
2023-05-07 14:37:27.324 INFO  o.s.scheduling.concurrent.ThreadPoolTaskExecutor  :208  [32m                  [0;39m Shutting down ExecutorService 'applicationTaskExecutor'
2023-05-07 14:37:27.325 INFO  o.s.scheduling.quartz.SchedulerFactoryBean        :845  [32m                  [0;39m Shutting down Quartz Scheduler
2023-05-07 14:37:27.326 INFO  org.quartz.core.QuartzScheduler                   :666  [32m                  [0;39m Scheduler schedulerFactoryBean_$_NON_CLUSTERED shutting down.
2023-05-07 14:37:27.326 INFO  org.quartz.core.QuartzScheduler                   :585  [32m                  [0;39m Scheduler schedulerFactoryBean_$_NON_CLUSTERED paused.
2023-05-07 14:37:27.326 INFO  org.quartz.core.QuartzScheduler                   :740  [32m                  [0;39m Scheduler schedulerFactoryBean_$_NON_CLUSTERED shutdown complete.
2023-05-07 14:37:27.326 INFO  com.zaxxer.hikari.HikariDataSource                :350  [32m                  [0;39m HikariPool-1 - Shutdown initiated...
2023-05-07 14:37:27.328 INFO  com.zaxxer.hikari.HikariDataSource                :352  [32m                  [0;39m HikariPool-1 - Shutdown completed.
2023-05-07 14:37:34.715 INFO  com.train.TrainBatchApplication                   :50   [32m                  [0;39m Starting TrainBatchApplication on DESKTOP-J1SB6R6 with PID 10648 (D:\studies\backend\train-parents\train-batch\target\classes started by 86180 in D:\studies\backend\train-parents)
2023-05-07 14:37:34.718 INFO  com.train.TrainBatchApplication                   :652  [32m                  [0;39m The following profiles are active: dev
2023-05-07 14:37:35.324 WARN  org.mybatis.spring.mapper.ClassPathMapperScanner  :166  [32m                  [0;39m No MyBatis mapper was found in '[com.train]' package. Please check your configuration.
2023-05-07 14:37:35.851 INFO  o.s.boot.web.embedded.tomcat.TomcatWebServer      :90   [32m                  [0;39m Tomcat initialized with port(s): 10006 (http)
2023-05-07 14:37:35.861 INFO  org.apache.coyote.http11.Http11NioProtocol        :173  [32m                  [0;39m Initializing ProtocolHandler ["http-nio-10006"]
2023-05-07 14:37:35.869 INFO  org.apache.catalina.core.StandardService          :173  [32m                  [0;39m Starting service [Tomcat]
2023-05-07 14:37:35.870 INFO  org.apache.catalina.core.StandardEngine           :173  [32m                  [0;39m Starting Servlet engine: [Apache Tomcat/9.0.39]
2023-05-07 14:37:35.955 INFO  o.a.c.c.C.[Tomcat].[localhost].[/batch]           :173  [32m                  [0;39m Initializing Spring embedded WebApplicationContext
2023-05-07 14:37:35.955 INFO  org.springframework.web.context.ContextLoader     :284  [32m                  [0;39m Root WebApplicationContext: initialization completed in 1197 ms
2023-05-07 14:37:36.083 INFO  org.quartz.impl.StdSchedulerFactory               :1208 [32m                  [0;39m Using default implementation for ThreadExecutor
2023-05-07 14:37:36.092 INFO  org.quartz.core.SchedulerSignalerImpl             :61   [32m                  [0;39m Initialized Scheduler Signaller of type: class org.quartz.core.SchedulerSignalerImpl
2023-05-07 14:37:36.092 INFO  org.quartz.core.QuartzScheduler                   :229  [32m                  [0;39m Quartz Scheduler v.2.3.1 created.
2023-05-07 14:37:36.149 INFO  com.zaxxer.hikari.HikariDataSource                :110  [32m                  [0;39m HikariPool-1 - Starting...
2023-05-07 14:37:36.262 INFO  com.zaxxer.hikari.HikariDataSource                :123  [32m                  [0;39m HikariPool-1 - Start completed.
2023-05-07 14:37:36.267 INFO  o.s.scheduling.quartz.LocalDataSourceJobStore     :672  [32m                  [0;39m Using db table-based data access locking (synchronization).
2023-05-07 14:37:36.268 INFO  o.s.scheduling.quartz.LocalDataSourceJobStore     :145  [32m                  [0;39m JobStoreCMT initialized.
2023-05-07 14:37:36.269 INFO  org.quartz.core.QuartzScheduler                   :294  [32m                  [0;39m Scheduler meta-data: Quartz Scheduler (v2.3.1) 'schedulerFactoryBean' with instanceId 'NON_CLUSTERED'
  Scheduler class: 'org.quartz.core.QuartzScheduler' - running locally.
  NOT STARTED.
  Currently in standby mode.
  Number of jobs executed: 0
  Using thread pool 'org.quartz.simpl.SimpleThreadPool' - with 10 threads.
  Using job-store 'org.springframework.scheduling.quartz.LocalDataSourceJobStore' - which supports persistence. and is not clustered.

2023-05-07 14:37:36.269 INFO  org.quartz.impl.StdSchedulerFactory               :1362 [32m                  [0;39m Quartz scheduler 'schedulerFactoryBean' initialized from an externally provided properties instance.
2023-05-07 14:37:36.269 INFO  org.quartz.impl.StdSchedulerFactory               :1366 [32m                  [0;39m Quartz scheduler version: 2.3.1
2023-05-07 14:37:36.270 INFO  org.quartz.core.QuartzScheduler                   :2293 [32m                  [0;39m JobFactory set to: com.train.config.MyJobFactory@481b2f10
2023-05-07 14:37:36.571 INFO  s.d.s.w.WebMvcPropertySourcedRequestMappingHandlerMapping:69   [32m                  [0;39m Mapped URL path [/v2/api-docs] onto method [public org.springframework.http.ResponseEntity<springfox.documentation.spring.web.json.Json> springfox.documentation.swagger2.web.Swagger2ControllerWebMvc.getDocumentation(java.lang.String,javax.servlet.http.HttpServletRequest)]
2023-05-07 14:37:36.694 INFO  o.s.scheduling.concurrent.ThreadPoolTaskExecutor  :171  [32m                  [0;39m Initializing ExecutorService 'applicationTaskExecutor'
2023-05-07 14:37:37.069 INFO  s.d.s.web.plugins.DocumentationPluginsBootstrapper:93   [32m                  [0;39m Documentation plugins bootstrapped
2023-05-07 14:37:37.071 INFO  s.d.s.web.plugins.DocumentationPluginsBootstrapper:79   [32m                  [0;39m Found 1 custom documentation plugin(s)
2023-05-07 14:37:37.096 INFO  s.d.spring.web.scanners.ApiListingReferenceScanner:44   [32m                  [0;39m Scanning for api listing references
2023-05-07 14:37:37.207 INFO  o.s.scheduling.quartz.SchedulerFactoryBean        :732  [32m                  [0;39m Will start Quartz Scheduler [schedulerFactoryBean] in 2 seconds
2023-05-07 14:37:37.212 INFO  org.apache.coyote.http11.Http11NioProtocol        :173  [32m                  [0;39m Starting ProtocolHandler ["http-nio-10006"]
2023-05-07 14:37:37.230 INFO  o.s.boot.web.embedded.tomcat.TomcatWebServer      :202  [32m                  [0;39m Tomcat started on port(s): 10006 (http) with context path '/batch'
2023-05-07 14:37:37.233 INFO  com.train.TrainBatchApplication                   :59   [32m                  [0;39m Started TrainBatchApplication in 2.915 seconds (JVM running for 3.999)
2023-05-07 14:37:39.207 INFO  o.s.scheduling.quartz.SchedulerFactoryBean        :748  [32m                  [0;39m Starting Quartz Scheduler now, after delay of 2 seconds
2023-05-07 14:37:39.223 INFO  o.s.scheduling.quartz.LocalDataSourceJobStore     :866  [32m                  [0;39m Freed 0 triggers from 'acquired' / 'blocked' state.
2023-05-07 14:37:39.229 INFO  o.s.scheduling.quartz.LocalDataSourceJobStore     :876  [32m                  [0;39m Recovering 0 jobs that were in-progress at the time of the last shut-down.
2023-05-07 14:37:39.229 INFO  o.s.scheduling.quartz.LocalDataSourceJobStore     :889  [32m                  [0;39m Recovery complete.
2023-05-07 14:37:39.230 INFO  o.s.scheduling.quartz.LocalDataSourceJobStore     :896  [32m                  [0;39m Removed 0 'complete' triggers.
2023-05-07 14:37:39.231 INFO  o.s.scheduling.quartz.LocalDataSourceJobStore     :901  [32m                  [0;39m Removed 0 stale fired job entries.
2023-05-07 14:37:39.232 INFO  org.quartz.core.QuartzScheduler                   :547  [32m                  [0;39m Scheduler schedulerFactoryBean_$_NON_CLUSTERED started.
2023-05-07 14:43:39.239 WARN  com.zaxxer.hikari.pool.PoolBase                   :176  [32m                  [0;39m HikariPool-1 - Failed to validate connection com.mysql.jdbc.JDBC4Connection@7ee8dd5b (No operations allowed after connection closed.). Possibly consider using a shorter maxLifetime value.
2023-05-07 14:43:39.240 WARN  com.zaxxer.hikari.pool.PoolBase                   :176  [32m                  [0;39m HikariPool-1 - Failed to validate connection com.mysql.jdbc.JDBC4Connection@43dcf57c (No operations allowed after connection closed.). Possibly consider using a shorter maxLifetime value.
2023-05-07 14:43:39.241 WARN  com.zaxxer.hikari.pool.PoolBase                   :176  [32m                  [0;39m HikariPool-1 - Failed to validate connection com.mysql.jdbc.JDBC4Connection@7be6fa59 (No operations allowed after connection closed.). Possibly consider using a shorter maxLifetime value.
2023-05-07 14:43:39.241 WARN  com.zaxxer.hikari.pool.PoolBase                   :176  [32m                  [0;39m HikariPool-1 - Failed to validate connection com.mysql.jdbc.JDBC4Connection@37da7b0a (No operations allowed after connection closed.). Possibly consider using a shorter maxLifetime value.
2023-05-07 14:43:39.242 WARN  com.zaxxer.hikari.pool.PoolBase                   :176  [32m                  [0;39m HikariPool-1 - Failed to validate connection com.mysql.jdbc.JDBC4Connection@6b9a62b9 (No operations allowed after connection closed.). Possibly consider using a shorter maxLifetime value.
2023-05-07 14:43:39.242 WARN  com.zaxxer.hikari.pool.PoolBase                   :176  [32m                  [0;39m HikariPool-1 - Failed to validate connection com.mysql.jdbc.JDBC4Connection@4f491da3 (No operations allowed after connection closed.). Possibly consider using a shorter maxLifetime value.
2023-05-07 14:43:39.242 WARN  com.zaxxer.hikari.pool.PoolBase                   :176  [32m                  [0;39m HikariPool-1 - Failed to validate connection com.mysql.jdbc.JDBC4Connection@3311221 (No operations allowed after connection closed.). Possibly consider using a shorter maxLifetime value.
2023-05-07 14:43:39.243 WARN  com.zaxxer.hikari.pool.PoolBase                   :176  [32m                  [0;39m HikariPool-1 - Failed to validate connection com.mysql.jdbc.JDBC4Connection@67d73b66 (No operations allowed after connection closed.). Possibly consider using a shorter maxLifetime value.
2023-05-07 14:43:39.244 WARN  com.zaxxer.hikari.pool.PoolBase                   :176  [32m                  [0;39m HikariPool-1 - Failed to validate connection com.mysql.jdbc.JDBC4Connection@5f60028f (No operations allowed after connection closed.). Possibly consider using a shorter maxLifetime value.
2023-05-07 14:43:39.245 WARN  com.zaxxer.hikari.pool.PoolBase                   :176  [32m                  [0;39m HikariPool-1 - Failed to validate connection com.mysql.jdbc.JDBC4Connection@58c3b8c5 (No operations allowed after connection closed.). Possibly consider using a shorter maxLifetime value.
2023-05-07 14:44:09.240 ERROR o.s.scheduling.quartz.LocalDataSourceJobStore     :4017 [32m                  [0;39m MisfireHandler: Error handling misfires: Failed to obtain DB connection from data source 'springNonTxDataSource.schedulerFactoryBean': java.sql.SQLTransientConnectionException: HikariPool-1 - Connection is not available, request timed out after 30002ms.
org.quartz.JobPersistenceException: Failed to obtain DB connection from data source 'springNonTxDataSource.schedulerFactoryBean': java.sql.SQLTransientConnectionException: HikariPool-1 - Connection is not available, request timed out after 30002ms.
	at org.quartz.impl.jdbcjobstore.JobStoreCMT.getNonManagedTXConnection(JobStoreCMT.java:168)
	at org.quartz.impl.jdbcjobstore.JobStoreSupport.doRecoverMisfires(JobStoreSupport.java:3246)
	at org.quartz.impl.jdbcjobstore.JobStoreSupport$MisfireHandler.manage(JobStoreSupport.java:4012)
	at org.quartz.impl.jdbcjobstore.JobStoreSupport$MisfireHandler.run(JobStoreSupport.java:4033)
Caused by: java.sql.SQLTransientConnectionException: HikariPool-1 - Connection is not available, request timed out after 30002ms.
	at com.zaxxer.hikari.pool.HikariPool.createTimeoutException(HikariPool.java:676)
	at com.zaxxer.hikari.pool.HikariPool.getConnection(HikariPool.java:190)
	at com.zaxxer.hikari.pool.HikariPool.getConnection(HikariPool.java:155)
	at com.zaxxer.hikari.HikariDataSource.getConnection(HikariDataSource.java:128)
	at org.springframework.scheduling.quartz.LocalDataSourceJobStore$2.getConnection(LocalDataSourceJobStore.java:135)
	at org.quartz.utils.DBConnectionManager.getConnection(DBConnectionManager.java:108)
	at org.quartz.impl.jdbcjobstore.JobStoreCMT.getNonManagedTXConnection(JobStoreCMT.java:165)
	... 3 common frames omitted
Caused by: com.mysql.jdbc.exceptions.jdbc4.MySQLNonTransientConnectionException: Could not create connection to database server. Attempted reconnect 3 times. Giving up.
	at sun.reflect.NativeConstructorAccessorImpl.newInstance0(Native Method)
	at sun.reflect.NativeConstructorAccessorImpl.newInstance(NativeConstructorAccessorImpl.java:62)
	at sun.reflect.DelegatingConstructorAccessorImpl.newInstance(DelegatingConstructorAccessorImpl.java:45)
	at java.lang.reflect.Constructor.newInstance(Constructor.java:423)
	at com.mysql.jdbc.Util.handleNewInstance(Util.java:409)
	at com.mysql.jdbc.Util.getInstance(Util.java:384)
	at com.mysql.jdbc.SQLError.createSQLException(SQLError.java:1013)
	at com.mysql.jdbc.SQLError.createSQLException(SQLError.java:987)
	at com.mysql.jdbc.SQLError.createSQLException(SQLError.java:973)
	at com.mysql.jdbc.SQLError.createSQLException(SQLError.java:918)
	at com.mysql.jdbc.ConnectionImpl.connectWithRetries(ConnectionImpl.java:2405)
	at com.mysql.jdbc.ConnectionImpl.createNewIO(ConnectionImpl.java:2326)
	at com.mysql.jdbc.ConnectionImpl.<init>(ConnectionImpl.java:832)
	at com.mysql.jdbc.JDBC4Connection.<init>(JDBC4Connection.java:46)
	at sun.reflect.NativeConstructorAccessorImpl.newInstance0(Native Method)
	at sun.reflect.NativeConstructorAccessorImpl.newInstance(NativeConstructorAccessorImpl.java:62)
	at sun.reflect.DelegatingConstructorAccessorImpl.newInstance(DelegatingConstructorAccessorImpl.java:45)
	at java.lang.reflect.Constructor.newInstance(Constructor.java:423)
	at com.mysql.jdbc.Util.handleNewInstance(Util.java:409)
	at com.mysql.jdbc.ConnectionImpl.getInstance(ConnectionImpl.java:417)
	at com.mysql.jdbc.NonRegisteringDriver.connect(NonRegisteringDriver.java:344)
	at com.zaxxer.hikari.util.DriverDataSource.getConnection(DriverDataSource.java:136)
	at com.zaxxer.hikari.pool.PoolBase.newConnection(PoolBase.java:369)
	at com.zaxxer.hikari.pool.PoolBase.newPoolEntry(PoolBase.java:198)
	at com.zaxxer.hikari.pool.HikariPool.createPoolEntry(HikariPool.java:467)
	at com.zaxxer.hikari.pool.HikariPool.access$100(HikariPool.java:71)
	at com.zaxxer.hikari.pool.HikariPool$PoolEntryCreator.call(HikariPool.java:706)
	at com.zaxxer.hikari.pool.HikariPool$PoolEntryCreator.call(HikariPool.java:692)
	at java.util.concurrent.FutureTask.run$$$capture(FutureTask.java:266)
	at java.util.concurrent.FutureTask.run(FutureTask.java)
	at java.util.concurrent.ThreadPoolExecutor.runWorker(ThreadPoolExecutor.java:1149)
	at java.util.concurrent.ThreadPoolExecutor$Worker.run(ThreadPoolExecutor.java:624)
	at java.lang.Thread.run(Thread.java:748)
Caused by: com.mysql.jdbc.exceptions.jdbc4.CommunicationsException: Communications link failure

The last packet sent successfully to the server was 0 milliseconds ago. The driver has not received any packets from the server.
	at sun.reflect.NativeConstructorAccessorImpl.newInstance0(Native Method)
	at sun.reflect.NativeConstructorAccessorImpl.newInstance(NativeConstructorAccessorImpl.java:62)
	at sun.reflect.DelegatingConstructorAccessorImpl.newInstance(DelegatingConstructorAccessorImpl.java:45)
	at java.lang.reflect.Constructor.newInstance(Constructor.java:423)
	at com.mysql.jdbc.Util.handleNewInstance(Util.java:409)
	at com.mysql.jdbc.SQLError.createCommunicationsException(SQLError.java:1127)
	at com.mysql.jdbc.MysqlIO.<init>(MysqlIO.java:356)
	at com.mysql.jdbc.ConnectionImpl.coreConnect(ConnectionImpl.java:2502)
	at com.mysql.jdbc.ConnectionImpl.connectWithRetries(ConnectionImpl.java:2344)
	... 22 common frames omitted
Caused by: java.net.ConnectException: Connection refused: connect
	at java.net.DualStackPlainSocketImpl.waitForConnect(Native Method)
	at java.net.DualStackPlainSocketImpl.socketConnect(DualStackPlainSocketImpl.java:85)
	at java.net.AbstractPlainSocketImpl.doConnect(AbstractPlainSocketImpl.java:350)
	at java.net.AbstractPlainSocketImpl.connectToAddress(AbstractPlainSocketImpl.java:206)
	at java.net.AbstractPlainSocketImpl.connect(AbstractPlainSocketImpl.java:188)
	at java.net.PlainSocketImpl.connect(PlainSocketImpl.java:172)
	at java.net.SocksSocketImpl.connect(SocksSocketImpl.java:392)
	at java.net.Socket.connect(Socket.java:589)
	at sun.reflect.NativeMethodAccessorImpl.invoke0(Native Method)
	at sun.reflect.NativeMethodAccessorImpl.invoke(NativeMethodAccessorImpl.java:62)
	at sun.reflect.DelegatingMethodAccessorImpl.invoke(DelegatingMethodAccessorImpl.java:43)
	at java.lang.reflect.Method.invoke(Method.java:498)
	at com.mysql.jdbc.StandardSocketFactory.connect(StandardSocketFactory.java:315)
	at com.mysql.jdbc.MysqlIO.<init>(MysqlIO.java:306)
	... 24 common frames omitted
2023-05-07 14:44:20.916 ERROR org.quartz.core.ErrorLogger                       :2407 [32m                  [0;39m An error occurred while scanning for the next triggers to fire.
org.quartz.JobPersistenceException: Failed to obtain DB connection from data source 'springNonTxDataSource.schedulerFactoryBean': java.sql.SQLTransientConnectionException: HikariPool-1 - Connection is not available, request timed out after 30001ms.
	at org.quartz.impl.jdbcjobstore.JobStoreCMT.getNonManagedTXConnection(JobStoreCMT.java:168)
	at org.quartz.impl.jdbcjobstore.JobStoreSupport.executeInNonManagedTXLock(JobStoreSupport.java:3861)
	at org.quartz.impl.jdbcjobstore.JobStoreSupport.acquireNextTriggers(JobStoreSupport.java:2802)
	at org.quartz.core.QuartzSchedulerThread.run(QuartzSchedulerThread.java:287)
Caused by: java.sql.SQLTransientConnectionException: HikariPool-1 - Connection is not available, request timed out after 30001ms.
	at com.zaxxer.hikari.pool.HikariPool.createTimeoutException(HikariPool.java:676)
	at com.zaxxer.hikari.pool.HikariPool.getConnection(HikariPool.java:190)
	at com.zaxxer.hikari.pool.HikariPool.getConnection(HikariPool.java:155)
	at com.zaxxer.hikari.HikariDataSource.getConnection(HikariDataSource.java:128)
	at org.springframework.scheduling.quartz.LocalDataSourceJobStore$2.getConnection(LocalDataSourceJobStore.java:135)
	at org.quartz.utils.DBConnectionManager.getConnection(DBConnectionManager.java:108)
	at org.quartz.impl.jdbcjobstore.JobStoreCMT.getNonManagedTXConnection(JobStoreCMT.java:165)
	... 3 common frames omitted
Caused by: com.mysql.jdbc.exceptions.jdbc4.MySQLNonTransientConnectionException: Could not create connection to database server. Attempted reconnect 3 times. Giving up.
	at sun.reflect.NativeConstructorAccessorImpl.newInstance0(Native Method)
	at sun.reflect.NativeConstructorAccessorImpl.newInstance(NativeConstructorAccessorImpl.java:62)
	at sun.reflect.DelegatingConstructorAccessorImpl.newInstance(DelegatingConstructorAccessorImpl.java:45)
	at java.lang.reflect.Constructor.newInstance(Constructor.java:423)
	at com.mysql.jdbc.Util.handleNewInstance(Util.java:409)
	at com.mysql.jdbc.Util.getInstance(Util.java:384)
	at com.mysql.jdbc.SQLError.createSQLException(SQLError.java:1013)
	at com.mysql.jdbc.SQLError.createSQLException(SQLError.java:987)
	at com.mysql.jdbc.SQLError.createSQLException(SQLError.java:973)
	at com.mysql.jdbc.SQLError.createSQLException(SQLError.java:918)
	at com.mysql.jdbc.ConnectionImpl.connectWithRetries(ConnectionImpl.java:2405)
	at com.mysql.jdbc.ConnectionImpl.createNewIO(ConnectionImpl.java:2326)
	at com.mysql.jdbc.ConnectionImpl.<init>(ConnectionImpl.java:832)
	at com.mysql.jdbc.JDBC4Connection.<init>(JDBC4Connection.java:46)
	at sun.reflect.NativeConstructorAccessorImpl.newInstance0(Native Method)
	at sun.reflect.NativeConstructorAccessorImpl.newInstance(NativeConstructorAccessorImpl.java:62)
	at sun.reflect.DelegatingConstructorAccessorImpl.newInstance(DelegatingConstructorAccessorImpl.java:45)
	at java.lang.reflect.Constructor.newInstance(Constructor.java:423)
	at com.mysql.jdbc.Util.handleNewInstance(Util.java:409)
	at com.mysql.jdbc.ConnectionImpl.getInstance(ConnectionImpl.java:417)
	at com.mysql.jdbc.NonRegisteringDriver.connect(NonRegisteringDriver.java:344)
	at com.zaxxer.hikari.util.DriverDataSource.getConnection(DriverDataSource.java:136)
	at com.zaxxer.hikari.pool.PoolBase.newConnection(PoolBase.java:369)
	at com.zaxxer.hikari.pool.PoolBase.newPoolEntry(PoolBase.java:198)
	at com.zaxxer.hikari.pool.HikariPool.createPoolEntry(HikariPool.java:467)
	at com.zaxxer.hikari.pool.HikariPool.access$100(HikariPool.java:71)
	at com.zaxxer.hikari.pool.HikariPool$PoolEntryCreator.call(HikariPool.java:706)
	at com.zaxxer.hikari.pool.HikariPool$PoolEntryCreator.call(HikariPool.java:692)
	at java.util.concurrent.FutureTask.run$$$capture(FutureTask.java:266)
	at java.util.concurrent.FutureTask.run(FutureTask.java)
	at java.util.concurrent.ThreadPoolExecutor.runWorker(ThreadPoolExecutor.java:1149)
	at java.util.concurrent.ThreadPoolExecutor$Worker.run(ThreadPoolExecutor.java:624)
	at java.lang.Thread.run(Thread.java:748)
Caused by: com.mysql.jdbc.exceptions.jdbc4.CommunicationsException: Communications link failure

The last packet sent successfully to the server was 0 milliseconds ago. The driver has not received any packets from the server.
	at sun.reflect.NativeConstructorAccessorImpl.newInstance0(Native Method)
	at sun.reflect.NativeConstructorAccessorImpl.newInstance(NativeConstructorAccessorImpl.java:62)
	at sun.reflect.DelegatingConstructorAccessorImpl.newInstance(DelegatingConstructorAccessorImpl.java:45)
	at java.lang.reflect.Constructor.newInstance(Constructor.java:423)
	at com.mysql.jdbc.Util.handleNewInstance(Util.java:409)
	at com.mysql.jdbc.SQLError.createCommunicationsException(SQLError.java:1127)
	at com.mysql.jdbc.MysqlIO.<init>(MysqlIO.java:356)
	at com.mysql.jdbc.ConnectionImpl.coreConnect(ConnectionImpl.java:2502)
	at com.mysql.jdbc.ConnectionImpl.connectWithRetries(ConnectionImpl.java:2344)
	... 22 common frames omitted
Caused by: java.net.ConnectException: Connection refused: connect
	at java.net.DualStackPlainSocketImpl.waitForConnect(Native Method)
	at java.net.DualStackPlainSocketImpl.socketConnect(DualStackPlainSocketImpl.java:85)
	at java.net.AbstractPlainSocketImpl.doConnect(AbstractPlainSocketImpl.java:350)
	at java.net.AbstractPlainSocketImpl.connectToAddress(AbstractPlainSocketImpl.java:206)
	at java.net.AbstractPlainSocketImpl.connect(AbstractPlainSocketImpl.java:188)
	at java.net.PlainSocketImpl.connect(PlainSocketImpl.java:172)
	at java.net.SocksSocketImpl.connect(SocksSocketImpl.java:392)
	at java.net.Socket.connect(Socket.java:589)
	at sun.reflect.GeneratedMethodAccessor50.invoke(Unknown Source)
	at sun.reflect.DelegatingMethodAccessorImpl.invoke(DelegatingMethodAccessorImpl.java:43)
	at java.lang.reflect.Method.invoke(Method.java:498)
	at com.mysql.jdbc.StandardSocketFactory.connect(StandardSocketFactory.java:315)
	at com.mysql.jdbc.MysqlIO.<init>(MysqlIO.java:306)
	... 24 common frames omitted
2023-05-07 14:45:33.496 INFO  org.quartz.core.QuartzScheduler                   :585  [32m                  [0;39m Scheduler schedulerFactoryBean_$_NON_CLUSTERED paused.
2023-05-07 14:45:33.497 INFO  o.s.scheduling.concurrent.ThreadPoolTaskExecutor  :208  [32m                  [0;39m Shutting down ExecutorService 'applicationTaskExecutor'
2023-05-07 14:45:33.498 INFO  o.s.scheduling.quartz.SchedulerFactoryBean        :845  [32m                  [0;39m Shutting down Quartz Scheduler
2023-05-07 14:45:33.499 INFO  org.quartz.core.QuartzScheduler                   :666  [32m                  [0;39m Scheduler schedulerFactoryBean_$_NON_CLUSTERED shutting down.
2023-05-07 14:45:33.499 INFO  org.quartz.core.QuartzScheduler                   :585  [32m                  [0;39m Scheduler schedulerFactoryBean_$_NON_CLUSTERED paused.
2023-05-07 14:45:33.499 INFO  org.quartz.core.QuartzScheduler                   :740  [32m                  [0;39m Scheduler schedulerFactoryBean_$_NON_CLUSTERED shutdown complete.
2023-05-07 14:45:33.499 INFO  com.zaxxer.hikari.HikariDataSource                :350  [32m                  [0;39m HikariPool-1 - Shutdown initiated...
2023-05-07 14:45:39.505 INFO  com.zaxxer.hikari.HikariDataSource                :352  [32m                  [0;39m HikariPool-1 - Shutdown completed.
2023-05-07 17:13:41.477 INFO  com.train.TrainBatchApplication                   :50   [32m                  [0;39m Starting TrainBatchApplication on DESKTOP-J1SB6R6 with PID 1448 (D:\studies\backend\train-parents\train-batch\target\classes started by 86180 in D:\studies\backend\train-parents)
2023-05-07 17:13:41.484 INFO  com.train.TrainBatchApplication                   :652  [32m                  [0;39m The following profiles are active: dev
2023-05-07 17:13:43.790 WARN  org.mybatis.spring.mapper.ClassPathMapperScanner  :166  [32m                  [0;39m No MyBatis mapper was found in '[com.train]' package. Please check your configuration.
2023-05-07 17:13:45.940 INFO  o.s.boot.web.embedded.tomcat.TomcatWebServer      :90   [32m                  [0;39m Tomcat initialized with port(s): 10006 (http)
2023-05-07 17:13:45.970 INFO  org.apache.coyote.http11.Http11NioProtocol        :173  [32m                  [0;39m Initializing ProtocolHandler ["http-nio-10006"]
2023-05-07 17:13:45.996 INFO  org.apache.catalina.core.StandardService          :173  [32m                  [0;39m Starting service [Tomcat]
2023-05-07 17:13:45.997 INFO  org.apache.catalina.core.StandardEngine           :173  [32m                  [0;39m Starting Servlet engine: [Apache Tomcat/9.0.39]
2023-05-07 17:13:46.334 INFO  o.a.c.c.C.[Tomcat].[localhost].[/batch]           :173  [32m                  [0;39m Initializing Spring embedded WebApplicationContext
2023-05-07 17:13:46.335 INFO  org.springframework.web.context.ContextLoader     :284  [32m                  [0;39m Root WebApplicationContext: initialization completed in 4761 ms
2023-05-07 17:13:46.638 INFO  org.quartz.impl.StdSchedulerFactory               :1208 [32m                  [0;39m Using default implementation for ThreadExecutor
2023-05-07 17:13:46.664 INFO  org.quartz.core.SchedulerSignalerImpl             :61   [32m                  [0;39m Initialized Scheduler Signaller of type: class org.quartz.core.SchedulerSignalerImpl
2023-05-07 17:13:46.664 INFO  org.quartz.core.QuartzScheduler                   :229  [32m                  [0;39m Quartz Scheduler v.2.3.1 created.
2023-05-07 17:13:46.769 INFO  com.zaxxer.hikari.HikariDataSource                :110  [32m                  [0;39m HikariPool-1 - Starting...
2023-05-07 17:13:47.178 INFO  com.zaxxer.hikari.HikariDataSource                :123  [32m                  [0;39m HikariPool-1 - Start completed.
2023-05-07 17:13:47.189 INFO  o.s.scheduling.quartz.LocalDataSourceJobStore     :672  [32m                  [0;39m Using db table-based data access locking (synchronization).
2023-05-07 17:13:47.191 INFO  o.s.scheduling.quartz.LocalDataSourceJobStore     :145  [32m                  [0;39m JobStoreCMT initialized.
2023-05-07 17:13:47.192 INFO  org.quartz.core.QuartzScheduler                   :294  [32m                  [0;39m Scheduler meta-data: Quartz Scheduler (v2.3.1) 'schedulerFactoryBean' with instanceId 'NON_CLUSTERED'
  Scheduler class: 'org.quartz.core.QuartzScheduler' - running locally.
  NOT STARTED.
  Currently in standby mode.
  Number of jobs executed: 0
  Using thread pool 'org.quartz.simpl.SimpleThreadPool' - with 10 threads.
  Using job-store 'org.springframework.scheduling.quartz.LocalDataSourceJobStore' - which supports persistence. and is not clustered.

2023-05-07 17:13:47.193 INFO  org.quartz.impl.StdSchedulerFactory               :1362 [32m                  [0;39m Quartz scheduler 'schedulerFactoryBean' initialized from an externally provided properties instance.
2023-05-07 17:13:47.193 INFO  org.quartz.impl.StdSchedulerFactory               :1366 [32m                  [0;39m Quartz scheduler version: 2.3.1
2023-05-07 17:13:47.193 INFO  org.quartz.core.QuartzScheduler                   :2293 [32m                  [0;39m JobFactory set to: com.train.config.MyJobFactory@5ff6dd3c
2023-05-07 17:13:48.033 INFO  s.d.s.w.WebMvcPropertySourcedRequestMappingHandlerMapping:69   [32m                  [0;39m Mapped URL path [/v2/api-docs] onto method [public org.springframework.http.ResponseEntity<springfox.documentation.spring.web.json.Json> springfox.documentation.swagger2.web.Swagger2ControllerWebMvc.getDocumentation(java.lang.String,javax.servlet.http.HttpServletRequest)]
2023-05-07 17:13:48.483 INFO  o.s.scheduling.concurrent.ThreadPoolTaskExecutor  :171  [32m                  [0;39m Initializing ExecutorService 'applicationTaskExecutor'
2023-05-07 17:13:49.579 INFO  s.d.s.web.plugins.DocumentationPluginsBootstrapper:93   [32m                  [0;39m Documentation plugins bootstrapped
2023-05-07 17:13:49.584 INFO  s.d.s.web.plugins.DocumentationPluginsBootstrapper:79   [32m                  [0;39m Found 1 custom documentation plugin(s)
2023-05-07 17:13:49.638 INFO  s.d.spring.web.scanners.ApiListingReferenceScanner:44   [32m                  [0;39m Scanning for api listing references
2023-05-07 17:13:49.887 INFO  o.s.scheduling.quartz.SchedulerFactoryBean        :732  [32m                  [0;39m Will start Quartz Scheduler [schedulerFactoryBean] in 2 seconds
2023-05-07 17:13:49.898 INFO  org.apache.coyote.http11.Http11NioProtocol        :173  [32m                  [0;39m Starting ProtocolHandler ["http-nio-10006"]
2023-05-07 17:13:49.972 INFO  o.s.boot.web.embedded.tomcat.TomcatWebServer      :202  [32m                  [0;39m Tomcat started on port(s): 10006 (http) with context path '/batch'
2023-05-07 17:13:49.978 INFO  com.train.TrainBatchApplication                   :59   [32m                  [0;39m Started TrainBatchApplication in 9.293 seconds (JVM running for 10.831)
2023-05-07 17:13:51.893 INFO  o.s.scheduling.quartz.SchedulerFactoryBean        :748  [32m                  [0;39m Starting Quartz Scheduler now, after delay of 2 seconds
2023-05-07 17:13:51.962 INFO  o.s.scheduling.quartz.LocalDataSourceJobStore     :866  [32m                  [0;39m Freed 0 triggers from 'acquired' / 'blocked' state.
2023-05-07 17:13:51.985 INFO  o.s.scheduling.quartz.LocalDataSourceJobStore     :876  [32m                  [0;39m Recovering 0 jobs that were in-progress at the time of the last shut-down.
2023-05-07 17:13:51.987 INFO  o.s.scheduling.quartz.LocalDataSourceJobStore     :889  [32m                  [0;39m Recovery complete.
2023-05-07 17:13:51.989 INFO  o.s.scheduling.quartz.LocalDataSourceJobStore     :896  [32m                  [0;39m Removed 0 'complete' triggers.
2023-05-07 17:13:51.993 INFO  o.s.scheduling.quartz.LocalDataSourceJobStore     :901  [32m                  [0;39m Removed 0 stale fired job entries.
2023-05-07 17:13:52.001 INFO  org.quartz.core.QuartzScheduler                   :547  [32m                  [0;39m Scheduler schedulerFactoryBean_$_NON_CLUSTERED started.
2023-05-07 17:35:27.937 WARN  com.zaxxer.hikari.pool.PoolBase                   :176  [32m                  [0;39m HikariPool-1 - Failed to validate connection com.mysql.jdbc.JDBC4Connection@48d9a6fb (No operations allowed after connection closed.). Possibly consider using a shorter maxLifetime value.
2023-05-07 17:35:27.948 WARN  com.zaxxer.hikari.pool.PoolBase                   :176  [32m                  [0;39m HikariPool-1 - Failed to validate connection com.mysql.jdbc.JDBC4Connection@3f8cf4b9 (No operations allowed after connection closed.). Possibly consider using a shorter maxLifetime value.
2023-05-07 17:35:27.950 WARN  com.zaxxer.hikari.pool.PoolBase                   :176  [32m                  [0;39m HikariPool-1 - Failed to validate connection com.mysql.jdbc.JDBC4Connection@3a6763cd (No operations allowed after connection closed.). Possibly consider using a shorter maxLifetime value.
2023-05-07 17:35:27.951 WARN  com.zaxxer.hikari.pool.PoolBase                   :176  [32m                  [0;39m HikariPool-1 - Failed to validate connection com.mysql.jdbc.JDBC4Connection@7809b02d (No operations allowed after connection closed.). Possibly consider using a shorter maxLifetime value.
2023-05-07 17:35:27.953 WARN  com.zaxxer.hikari.pool.PoolBase                   :176  [32m                  [0;39m HikariPool-1 - Failed to validate connection com.mysql.jdbc.JDBC4Connection@a1bb440 (No operations allowed after connection closed.). Possibly consider using a shorter maxLifetime value.
2023-05-07 17:35:27.954 WARN  com.zaxxer.hikari.pool.PoolBase                   :176  [32m                  [0;39m HikariPool-1 - Failed to validate connection com.mysql.jdbc.JDBC4Connection@526aa086 (No operations allowed after connection closed.). Possibly consider using a shorter maxLifetime value.
2023-05-07 17:35:27.955 WARN  com.zaxxer.hikari.pool.PoolBase                   :176  [32m                  [0;39m HikariPool-1 - Failed to validate connection com.mysql.jdbc.JDBC4Connection@5312d80d (No operations allowed after connection closed.). Possibly consider using a shorter maxLifetime value.
2023-05-07 17:35:27.956 WARN  com.zaxxer.hikari.pool.PoolBase                   :176  [32m                  [0;39m HikariPool-1 - Failed to validate connection com.mysql.jdbc.JDBC4Connection@66af829a (No operations allowed after connection closed.). Possibly consider using a shorter maxLifetime value.
2023-05-07 17:35:27.958 WARN  com.zaxxer.hikari.pool.PoolBase                   :176  [32m                  [0;39m HikariPool-1 - Failed to validate connection com.mysql.jdbc.JDBC4Connection@31c183bb (No operations allowed after connection closed.). Possibly consider using a shorter maxLifetime value.
2023-05-07 17:35:27.959 WARN  com.zaxxer.hikari.pool.PoolBase                   :176  [32m                  [0;39m HikariPool-1 - Failed to validate connection com.mysql.jdbc.JDBC4Connection@36a86b95 (No operations allowed after connection closed.). Possibly consider using a shorter maxLifetime value.
2023-05-07 17:35:29.391 INFO  org.quartz.core.QuartzScheduler                   :585  [32m                  [0;39m Scheduler schedulerFactoryBean_$_NON_CLUSTERED paused.
2023-05-07 17:35:29.396 INFO  o.s.scheduling.concurrent.ThreadPoolTaskExecutor  :208  [32m                  [0;39m Shutting down ExecutorService 'applicationTaskExecutor'
2023-05-07 17:35:29.400 INFO  o.s.scheduling.quartz.SchedulerFactoryBean        :845  [32m                  [0;39m Shutting down Quartz Scheduler
2023-05-07 17:35:29.400 INFO  org.quartz.core.QuartzScheduler                   :666  [32m                  [0;39m Scheduler schedulerFactoryBean_$_NON_CLUSTERED shutting down.
2023-05-07 17:35:29.400 INFO  org.quartz.core.QuartzScheduler                   :585  [32m                  [0;39m Scheduler schedulerFactoryBean_$_NON_CLUSTERED paused.
2023-05-07 17:35:29.401 INFO  org.quartz.core.QuartzScheduler                   :740  [32m                  [0;39m Scheduler schedulerFactoryBean_$_NON_CLUSTERED shutdown complete.
2023-05-07 17:35:29.402 INFO  com.zaxxer.hikari.HikariDataSource                :350  [32m                  [0;39m HikariPool-1 - Shutdown initiated...
