2023-05-06 19:29:00.160 INFO  com.train.TrainBatchApplication                   :50   [32m                  [0;39m Starting TrainBatchApplication on DESKTOP-J1SB6R6 with PID 1064 (D:\studies\backend\train-parents\train-batch\target\classes started by 86180 in D:\studies\backend\train-parents)
2023-05-06 19:29:00.163 INFO  com.train.TrainBatchApplication                   :652  [32m                  [0;39m The following profiles are active: dev
2023-05-06 19:29:00.806 WARN  org.mybatis.spring.mapper.ClassPathMapperScanner  :166  [32m                  [0;39m No MyBatis mapper was found in '[com.train]' package. Please check your configuration.
2023-05-06 19:29:01.376 INFO  o.s.boot.web.embedded.tomcat.TomcatWebServer      :90   [32m                  [0;39m Tomcat initialized with port(s): 10006 (http)
2023-05-06 19:29:01.389 INFO  org.apache.coyote.http11.Http11NioProtocol        :173  [32m                  [0;39m Initializing ProtocolHandler ["http-nio-10006"]
2023-05-06 19:29:01.397 INFO  org.apache.catalina.core.StandardService          :173  [32m                  [0;39m Starting service [Tomcat]
2023-05-06 19:29:01.397 INFO  org.apache.catalina.core.StandardEngine           :173  [32m                  [0;39m Starting Servlet engine: [Apache Tomcat/9.0.39]
2023-05-06 19:29:01.491 INFO  o.a.c.c.C.[Tomcat].[localhost].[/batch]           :173  [32m                  [0;39m Initializing Spring embedded WebApplicationContext
2023-05-06 19:29:01.492 INFO  org.springframework.web.context.ContextLoader     :284  [32m                  [0;39m Root WebApplicationContext: initialization completed in 1299 ms
2023-05-06 19:29:01.882 INFO  s.d.s.w.WebMvcPropertySourcedRequestMappingHandlerMapping:69   [32m                  [0;39m Mapped URL path [/v2/api-docs] onto method [public org.springframework.http.ResponseEntity<springfox.documentation.spring.web.json.Json> springfox.documentation.swagger2.web.Swagger2ControllerWebMvc.getDocumentation(java.lang.String,javax.servlet.http.HttpServletRequest)]
2023-05-06 19:29:02.014 INFO  o.s.scheduling.concurrent.ThreadPoolTaskExecutor  :171  [32m                  [0;39m Initializing ExecutorService 'applicationTaskExecutor'
2023-05-06 19:29:02.370 INFO  s.d.s.web.plugins.DocumentationPluginsBootstrapper:93   [32m                  [0;39m Documentation plugins bootstrapped
2023-05-06 19:29:02.373 INFO  s.d.s.web.plugins.DocumentationPluginsBootstrapper:79   [32m                  [0;39m Found 1 custom documentation plugin(s)
2023-05-06 19:29:02.395 INFO  s.d.spring.web.scanners.ApiListingReferenceScanner:44   [32m                  [0;39m Scanning for api listing references
2023-05-06 19:29:02.436 INFO  org.apache.coyote.http11.Http11NioProtocol        :173  [32m                  [0;39m Starting ProtocolHandler ["http-nio-10006"]
2023-05-06 19:29:02.453 INFO  o.s.boot.web.embedded.tomcat.TomcatWebServer      :202  [32m                  [0;39m Tomcat started on port(s): 10006 (http) with context path '/batch'
2023-05-06 19:29:02.455 INFO  com.train.TrainBatchApplication                   :59   [32m                  [0;39m Started TrainBatchApplication in 2.705 seconds (JVM running for 4.222)
2023-05-06 19:33:08.091 INFO  o.s.scheduling.concurrent.ThreadPoolTaskExecutor  :208  [32m                  [0;39m Shutting down ExecutorService 'applicationTaskExecutor'
2023-05-06 19:33:17.530 INFO  com.train.TrainBatchApplication                   :50   [32m                  [0;39m Starting TrainBatchApplication on DESKTOP-J1SB6R6 with PID 6824 (D:\studies\backend\train-parents\train-batch\target\classes started by 86180 in D:\studies\backend\train-parents)
2023-05-06 19:33:17.533 INFO  com.train.TrainBatchApplication                   :652  [32m                  [0;39m The following profiles are active: dev
2023-05-06 19:33:18.173 WARN  org.mybatis.spring.mapper.ClassPathMapperScanner  :166  [32m                  [0;39m No MyBatis mapper was found in '[com.train]' package. Please check your configuration.
2023-05-06 19:33:18.721 INFO  o.s.boot.web.embedded.tomcat.TomcatWebServer      :90   [32m                  [0;39m Tomcat initialized with port(s): 10006 (http)
2023-05-06 19:33:18.734 INFO  org.apache.coyote.http11.Http11NioProtocol        :173  [32m                  [0;39m Initializing ProtocolHandler ["http-nio-10006"]
2023-05-06 19:33:18.744 INFO  org.apache.catalina.core.StandardService          :173  [32m                  [0;39m Starting service [Tomcat]
2023-05-06 19:33:18.745 INFO  org.apache.catalina.core.StandardEngine           :173  [32m                  [0;39m Starting Servlet engine: [Apache Tomcat/9.0.39]
2023-05-06 19:33:18.838 INFO  o.a.c.c.C.[Tomcat].[localhost].[/batch]           :173  [32m                  [0;39m Initializing Spring embedded WebApplicationContext
2023-05-06 19:33:18.838 INFO  org.springframework.web.context.ContextLoader     :284  [32m                  [0;39m Root WebApplicationContext: initialization completed in 1245 ms
2023-05-06 19:33:19.285 INFO  s.d.s.w.WebMvcPropertySourcedRequestMappingHandlerMapping:69   [32m                  [0;39m Mapped URL path [/v2/api-docs] onto method [public org.springframework.http.ResponseEntity<springfox.documentation.spring.web.json.Json> springfox.documentation.swagger2.web.Swagger2ControllerWebMvc.getDocumentation(java.lang.String,javax.servlet.http.HttpServletRequest)]
2023-05-06 19:33:19.425 INFO  o.s.scheduling.concurrent.ThreadPoolTaskExecutor  :171  [32m                  [0;39m Initializing ExecutorService 'applicationTaskExecutor'
2023-05-06 19:33:19.757 INFO  s.d.s.web.plugins.DocumentationPluginsBootstrapper:93   [32m                  [0;39m Documentation plugins bootstrapped
2023-05-06 19:33:19.759 INFO  s.d.s.web.plugins.DocumentationPluginsBootstrapper:79   [32m                  [0;39m Found 1 custom documentation plugin(s)
2023-05-06 19:33:19.781 INFO  s.d.spring.web.scanners.ApiListingReferenceScanner:44   [32m                  [0;39m Scanning for api listing references
2023-05-06 19:33:19.821 INFO  org.apache.coyote.http11.Http11NioProtocol        :173  [32m                  [0;39m Starting ProtocolHandler ["http-nio-10006"]
2023-05-06 19:33:19.837 INFO  o.s.boot.web.embedded.tomcat.TomcatWebServer      :202  [32m                  [0;39m Tomcat started on port(s): 10006 (http) with context path '/batch'
2023-05-06 19:33:19.839 INFO  com.train.TrainBatchApplication                   :59   [32m                  [0;39m Started TrainBatchApplication in 2.918 seconds (JVM running for 4.183)
2023-05-06 19:33:41.354 INFO  o.a.c.c.C.[Tomcat].[localhost].[/batch]           :173  [32m                  [0;39m Initializing Spring DispatcherServlet 'dispatcherServlet'
2023-05-06 19:33:41.355 INFO  org.springframework.web.servlet.DispatcherServlet :525  [32m                  [0;39m Initializing Servlet 'dispatcherServlet'
2023-05-06 19:33:41.363 INFO  org.springframework.web.servlet.DispatcherServlet :547  [32m                  [0;39m Completed initialization in 8 ms
2023-05-06 19:33:41.395 INFO  com.train.common.aspect.LogAspect                 :50   [32m1683372821379koo  [0;39m ------------- 开始 -------------
2023-05-06 19:33:41.397 INFO  com.train.common.aspect.LogAspect                 :51   [32m1683372821379koo  [0;39m 请求地址: http://localhost:10006/batch/batch/test GET
2023-05-06 19:33:41.397 INFO  com.train.common.aspect.LogAspect                 :52   [32m1683372821379koo  [0;39m 类名方法: com.train.controller.TestController.test
2023-05-06 19:33:41.397 INFO  com.train.common.aspect.LogAspect                 :53   [32m1683372821379koo  [0;39m 远程地址: 127.0.0.1
2023-05-06 19:33:41.447 INFO  com.train.common.aspect.LogAspect                 :74   [32m1683372821379koo  [0;39m 请求参数: []
2023-05-06 19:33:41.451 INFO  com.train.common.aspect.LogAspect                 :86   [32m1683372821379koo  [0;39m 返回结果: "Holle World batch"
2023-05-06 19:33:41.452 INFO  com.train.common.aspect.LogAspect                 :87   [32m1683372821379koo  [0;39m ------------- 结束 耗时：58 ms -------------
2023-05-06 19:35:16.508 INFO  com.train.common.interceptor.AccountInterceptor   :30   [32m16833729165076ge  [0;39m 获取账号登录accessToken：eyJ0eXAiOiJKV1QiLCJhbGciOiJIUzI1NiJ9.eyJuYmYiOjE2ODMzNzI4NzksIm1vYmlsZSI6IjEzMDEyMzQ1NjcxIiwiaWQiOjE2NTA0NTgwODgzODc1MTQzNjgsImV4cCI6MTY4MzQ1OTI3OSwiaWF0IjoxNjgzMzcyODc5fQ.hKSOD-B2GJEYlsx3SSXiAz61sboFnAay9XGq8OFncfQ
2023-05-06 19:35:17.038 INFO  com.train.common.util.JwtUtil                     :55   [32m16833729165076ge  [0;39m 根据token获取原始内容：{"mobile":"13012345671","id":1650458088387514368}
2023-05-06 19:35:17.040 INFO  com.train.common.interceptor.AccountInterceptor   :32   [32m16833729165076ge  [0;39m 当前登录账号：{"mobile":"13012345671","id":1650458088387514368}
2023-05-06 19:35:17.076 INFO  com.train.common.aspect.LogAspect                 :50   [32m16833729165076ge  [0;39m ------------- 开始 -------------
2023-05-06 19:35:17.076 INFO  com.train.common.aspect.LogAspect                 :51   [32m16833729165076ge  [0;39m 请求地址: http://127.0.0.1:10006/batch/batch/test GET
2023-05-06 19:35:17.076 INFO  com.train.common.aspect.LogAspect                 :52   [32m16833729165076ge  [0;39m 类名方法: com.train.controller.TestController.test
2023-05-06 19:35:17.076 INFO  com.train.common.aspect.LogAspect                 :53   [32m16833729165076ge  [0;39m 远程地址: 127.0.0.1
2023-05-06 19:35:17.076 INFO  com.train.common.aspect.LogAspect                 :74   [32m16833729165076ge  [0;39m 请求参数: []
2023-05-06 19:35:17.077 INFO  com.train.common.aspect.LogAspect                 :86   [32m16833729165076ge  [0;39m 返回结果: "Holle World batch"
2023-05-06 19:35:17.077 INFO  com.train.common.aspect.LogAspect                 :87   [32m16833729165076ge  [0;39m ------------- 结束 耗时：2 ms -------------
2023-05-06 20:40:16.760 INFO  o.s.scheduling.concurrent.ThreadPoolTaskExecutor  :208  [32m                  [0;39m Shutting down ExecutorService 'applicationTaskExecutor'
