2023-04-29 12:26:38.085 INFO  com.train.gateway.GatewayApplication              :652  [32m                  [0;39m The following profiles are active: dev
2023-04-29 12:26:38.393 INFO  o.springframework.cloud.context.scope.GenericScope:295  [32m                  [0;39m BeanFactory id=eae98208-2433-3b75-a517-236a36fb1455
2023-04-29 12:26:40.376 INFO  o.s.c.gateway.route.RouteDefinitionRouteLocator   :120  [32m                  [0;39m Loaded RoutePredicateFactory [After]
2023-04-29 12:26:40.377 INFO  o.s.c.gateway.route.RouteDefinitionRouteLocator   :120  [32m                  [0;39m Loaded RoutePredicateFactory [Before]
2023-04-29 12:26:40.377 INFO  o.s.c.gateway.route.RouteDefinitionRouteLocator   :120  [32m                  [0;39m Loaded RoutePredicateFactory [Between]
2023-04-29 12:26:40.377 INFO  o.s.c.gateway.route.RouteDefinitionRouteLocator   :120  [32m                  [0;39m Loaded RoutePredicateFactory [Cookie]
2023-04-29 12:26:40.377 INFO  o.s.c.gateway.route.RouteDefinitionRouteLocator   :120  [32m                  [0;39m Loaded RoutePredicateFactory [Header]
2023-04-29 12:26:40.378 INFO  o.s.c.gateway.route.RouteDefinitionRouteLocator   :120  [32m                  [0;39m Loaded RoutePredicateFactory [Host]
2023-04-29 12:26:40.378 INFO  o.s.c.gateway.route.RouteDefinitionRouteLocator   :120  [32m                  [0;39m Loaded RoutePredicateFactory [Method]
2023-04-29 12:26:40.378 INFO  o.s.c.gateway.route.RouteDefinitionRouteLocator   :120  [32m                  [0;39m Loaded RoutePredicateFactory [Path]
2023-04-29 12:26:40.378 INFO  o.s.c.gateway.route.RouteDefinitionRouteLocator   :120  [32m                  [0;39m Loaded RoutePredicateFactory [Query]
2023-04-29 12:26:40.378 INFO  o.s.c.gateway.route.RouteDefinitionRouteLocator   :120  [32m                  [0;39m Loaded RoutePredicateFactory [ReadBodyPredicateFactory]
2023-04-29 12:26:40.379 INFO  o.s.c.gateway.route.RouteDefinitionRouteLocator   :120  [32m                  [0;39m Loaded RoutePredicateFactory [RemoteAddr]
2023-04-29 12:26:40.379 INFO  o.s.c.gateway.route.RouteDefinitionRouteLocator   :120  [32m                  [0;39m Loaded RoutePredicateFactory [Weight]
2023-04-29 12:26:40.379 INFO  o.s.c.gateway.route.RouteDefinitionRouteLocator   :120  [32m                  [0;39m Loaded RoutePredicateFactory [CloudFoundryRouteService]
2023-04-29 12:26:41.870 INFO  o.s.boot.web.embedded.netty.NettyWebServer        :82   [32m                  [0;39m Netty started on port(s): 10001
2023-04-29 12:26:43.082 INFO  com.train.gateway.GatewayApplication              :59   [32m                  [0;39m Started GatewayApplication in 7.871 seconds (JVM running for 9.37)
2023-04-29 12:26:43.083 INFO  com.train.gateway.GatewayApplication              :18   [32m                  [0;39m å¯åŠ¨æˆåŠŸï¼ï¼
2023-04-29 12:26:43.084 INFO  com.train.gateway.GatewayApplication              :19   [32m                  [0;39m ç½‘å…³åœ°å€: 	http://127.0.0.1:10001
2023-04-29 12:36:07.715 INFO  com.train.gateway.file.LoginAccountFilter         :27   [32m                  [0;39m ä¸éœ€è¦ç™»å½•éªŒè¯ï¼š/system/management/account/login
2023-04-29 12:37:07.021 INFO  com.train.gateway.file.LoginAccountFilter         :27   [32m                  [0;39m ä¸éœ€è¦ç™»å½•éªŒè¯ï¼š/system/management/account/rendCode
2023-04-29 12:42:07.349 INFO  com.train.gateway.file.LoginAccountFilter         :27   [32m                  [0;39m ä¸éœ€è¦ç™»å½•éªŒè¯ï¼š/system/management/account/rendCode
2023-04-29 12:42:17.561 INFO  com.train.gateway.file.LoginAccountFilter         :27   [32m                  [0;39m ä¸éœ€è¦ç™»å½•éªŒè¯ï¼š/system/management/account/rendCode
2023-04-29 12:42:25.443 INFO  com.train.gateway.file.LoginAccountFilter         :30   [32m                  [0;39m éœ€è¦ç™»å½•éªŒè¯ï¼š/system/management/account/name
2023-04-29 12:42:25.443 INFO  com.train.gateway.file.LoginAccountFilter         :34   [32m                  [0;39m è´¦å·ç™»å½•éªŒè¯å¼€å§‹ï¼ŒaccessTokenï¼šnull
2023-04-29 12:42:25.444 INFO  com.train.gateway.file.LoginAccountFilter         :36   [32m                  [0;39m accessTokenä¸ºç©ºï¼Œè¯·æ±‚è¢«æ‹¦æˆª
2023-04-29 12:42:42.668 INFO  com.train.gateway.file.LoginAccountFilter         :27   [32m                  [0;39m ä¸éœ€è¦ç™»å½•éªŒè¯ï¼š/system/management/account/rendCode
2023-04-29 12:47:08.505 INFO  com.train.gateway.file.LoginAccountFilter         :27   [32m                  [0;39m ä¸éœ€è¦ç™»å½•éªŒè¯ï¼š/system/management/account/rendCode
2023-04-29 12:48:40.861 INFO  com.train.gateway.file.LoginAccountFilter         :27   [32m                  [0;39m ä¸éœ€è¦ç™»å½•éªŒè¯ï¼š/system/management/account/rendCode
2023-04-29 12:52:59.818 INFO  com.train.gateway.file.LoginAccountFilter         :27   [32m                  [0;39m ä¸éœ€è¦ç™»å½•éªŒè¯ï¼š/system/management/account/rendCode
2023-04-29 12:53:40.497 INFO  com.train.gateway.file.LoginAccountFilter         :27   [32m                  [0;39m ä¸éœ€è¦ç™»å½•éªŒè¯ï¼š/system/management/account/rendCode
2023-04-29 12:54:26.397 INFO  com.train.gateway.file.LoginAccountFilter         :27   [32m                  [0;39m ä¸éœ€è¦ç™»å½•éªŒè¯ï¼š/system/management/account/rendCode
2023-04-29 12:55:44.057 INFO  com.train.gateway.file.LoginAccountFilter         :27   [32m                  [0;39m ä¸éœ€è¦ç™»å½•éªŒè¯ï¼š/system/management/account/rendCode
2023-04-29 13:00:04.184 INFO  com.train.gateway.file.LoginAccountFilter         :27   [32m                  [0;39m ä¸éœ€è¦ç™»å½•éªŒè¯ï¼š/system/management/account/rendCode
2023-04-29 13:03:06.822 INFO  com.train.gateway.file.LoginAccountFilter         :27   [32m                  [0;39m ä¸éœ€è¦ç™»å½•éªŒè¯ï¼š/system/management/account/rendCode
