2023-04-20 20:03:30.427 INFO  o.s.b.d.env.DevToolsPropertyDefaultsPostProcessor :225  [32m                  [0;39m Devtools property defaults active! Set 'spring.devtools.add-properties' to 'false' to disable
2023-04-20 20:03:31.555 INFO  com.train.gateway.GatewayApplication              :648  [32m                  [0;39m No active profile set, falling back to default profiles: default
2023-04-20 20:03:32.021 INFO  o.springframework.cloud.context.scope.GenericScope:295  [32m                  [0;39m BeanFactory id=f4e02d53-0909-3203-8b86-9325877c07fb
2023-04-20 20:03:33.692 INFO  o.s.c.gateway.route.RouteDefinitionRouteLocator   :120  [32m                  [0;39m Loaded RoutePredicateFactory [After]
2023-04-20 20:03:33.693 INFO  o.s.c.gateway.route.RouteDefinitionRouteLocator   :120  [32m                  [0;39m Loaded RoutePredicateFactory [Before]
2023-04-20 20:03:33.693 INFO  o.s.c.gateway.route.RouteDefinitionRouteLocator   :120  [32m                  [0;39m Loaded RoutePredicateFactory [Between]
2023-04-20 20:03:33.693 INFO  o.s.c.gateway.route.RouteDefinitionRouteLocator   :120  [32m                  [0;39m Loaded RoutePredicateFactory [Cookie]
2023-04-20 20:03:33.693 INFO  o.s.c.gateway.route.RouteDefinitionRouteLocator   :120  [32m                  [0;39m Loaded RoutePredicateFactory [Header]
2023-04-20 20:03:33.693 INFO  o.s.c.gateway.route.RouteDefinitionRouteLocator   :120  [32m                  [0;39m Loaded RoutePredicateFactory [Host]
2023-04-20 20:03:33.694 INFO  o.s.c.gateway.route.RouteDefinitionRouteLocator   :120  [32m                  [0;39m Loaded RoutePredicateFactory [Method]
2023-04-20 20:03:33.694 INFO  o.s.c.gateway.route.RouteDefinitionRouteLocator   :120  [32m                  [0;39m Loaded RoutePredicateFactory [Path]
2023-04-20 20:03:33.694 INFO  o.s.c.gateway.route.RouteDefinitionRouteLocator   :120  [32m                  [0;39m Loaded RoutePredicateFactory [Query]
2023-04-20 20:03:33.694 INFO  o.s.c.gateway.route.RouteDefinitionRouteLocator   :120  [32m                  [0;39m Loaded RoutePredicateFactory [ReadBodyPredicateFactory]
2023-04-20 20:03:33.694 INFO  o.s.c.gateway.route.RouteDefinitionRouteLocator   :120  [32m                  [0;39m Loaded RoutePredicateFactory [RemoteAddr]
2023-04-20 20:03:33.694 INFO  o.s.c.gateway.route.RouteDefinitionRouteLocator   :120  [32m                  [0;39m Loaded RoutePredicateFactory [Weight]
2023-04-20 20:03:33.694 INFO  o.s.c.gateway.route.RouteDefinitionRouteLocator   :120  [32m                  [0;39m Loaded RoutePredicateFactory [CloudFoundryRouteService]
2023-04-20 20:03:33.875 INFO  o.s.b.d.autoconfigure.OptionalLiveReloadServer    :57   [32m                  [0;39m LiveReload server is running on port 35729
2023-04-20 20:03:34.555 INFO  o.s.b.a.l.ConditionEvaluationReportLoggingListener:136  [32m                  [0;39m 

Error starting ApplicationContext. To display the conditions report re-run your application with 'debug' enabled.
2023-04-20 20:03:36.583 ERROR o.s.b.diagnostics.LoggingFailureAnalysisReporter  :40   [32m                  [0;39m 

***************************
APPLICATION FAILED TO START
***************************

Description:

Web server failed to start. Port 10001 was already in use.

Action:

Identify and stop the process that's listening on port 10001 or configure this application to listen on another port.

2023-04-20 20:04:00.233 INFO  o.s.b.d.env.DevToolsPropertyDefaultsPostProcessor :225  [32m                  [0;39m Devtools property defaults active! Set 'spring.devtools.add-properties' to 'false' to disable
2023-04-20 20:04:01.256 INFO  com.train.gateway.GatewayApplication              :648  [32m                  [0;39m No active profile set, falling back to default profiles: default
2023-04-20 20:04:01.628 INFO  o.springframework.cloud.context.scope.GenericScope:295  [32m                  [0;39m BeanFactory id=f4e02d53-0909-3203-8b86-9325877c07fb
2023-04-20 20:04:03.182 INFO  o.s.c.gateway.route.RouteDefinitionRouteLocator   :120  [32m                  [0;39m Loaded RoutePredicateFactory [After]
2023-04-20 20:04:03.182 INFO  o.s.c.gateway.route.RouteDefinitionRouteLocator   :120  [32m                  [0;39m Loaded RoutePredicateFactory [Before]
2023-04-20 20:04:03.182 INFO  o.s.c.gateway.route.RouteDefinitionRouteLocator   :120  [32m                  [0;39m Loaded RoutePredicateFactory [Between]
2023-04-20 20:04:03.182 INFO  o.s.c.gateway.route.RouteDefinitionRouteLocator   :120  [32m                  [0;39m Loaded RoutePredicateFactory [Cookie]
2023-04-20 20:04:03.183 INFO  o.s.c.gateway.route.RouteDefinitionRouteLocator   :120  [32m                  [0;39m Loaded RoutePredicateFactory [Header]
2023-04-20 20:04:03.183 INFO  o.s.c.gateway.route.RouteDefinitionRouteLocator   :120  [32m                  [0;39m Loaded RoutePredicateFactory [Host]
2023-04-20 20:04:03.183 INFO  o.s.c.gateway.route.RouteDefinitionRouteLocator   :120  [32m                  [0;39m Loaded RoutePredicateFactory [Method]
2023-04-20 20:04:03.183 INFO  o.s.c.gateway.route.RouteDefinitionRouteLocator   :120  [32m                  [0;39m Loaded RoutePredicateFactory [Path]
2023-04-20 20:04:03.183 INFO  o.s.c.gateway.route.RouteDefinitionRouteLocator   :120  [32m                  [0;39m Loaded RoutePredicateFactory [Query]
2023-04-20 20:04:03.183 INFO  o.s.c.gateway.route.RouteDefinitionRouteLocator   :120  [32m                  [0;39m Loaded RoutePredicateFactory [ReadBodyPredicateFactory]
2023-04-20 20:04:03.183 INFO  o.s.c.gateway.route.RouteDefinitionRouteLocator   :120  [32m                  [0;39m Loaded RoutePredicateFactory [RemoteAddr]
2023-04-20 20:04:03.183 INFO  o.s.c.gateway.route.RouteDefinitionRouteLocator   :120  [32m                  [0;39m Loaded RoutePredicateFactory [Weight]
2023-04-20 20:04:03.184 INFO  o.s.c.gateway.route.RouteDefinitionRouteLocator   :120  [32m                  [0;39m Loaded RoutePredicateFactory [CloudFoundryRouteService]
2023-04-20 20:04:03.342 INFO  o.s.b.d.autoconfigure.OptionalLiveReloadServer    :57   [32m                  [0;39m LiveReload server is running on port 35729
2023-04-20 20:04:04.086 INFO  o.s.boot.web.embedded.netty.NettyWebServer        :82   [32m                  [0;39m Netty started on port(s): 10001
2023-04-20 20:04:04.871 INFO  com.train.gateway.GatewayApplication              :59   [32m                  [0;39m Started GatewayApplication in 5.919 seconds (JVM running for 7.039)
2023-04-20 20:04:04.872 INFO  com.train.gateway.GatewayApplication              :18   [32m                  [0;39m 启动成功！！
2023-04-20 20:04:04.872 INFO  com.train.gateway.GatewayApplication              :19   [32m                  [0;39m 网关地址: 	http://127.0.0.1:10001
2023-04-20 20:06:03.016 INFO  o.s.b.d.env.DevToolsPropertyDefaultsPostProcessor :225  [32m                  [0;39m Devtools property defaults active! Set 'spring.devtools.add-properties' to 'false' to disable
2023-04-20 20:06:04.016 INFO  com.train.gateway.GatewayApplication              :648  [32m                  [0;39m No active profile set, falling back to default profiles: default
2023-04-20 20:06:04.387 INFO  o.springframework.cloud.context.scope.GenericScope:295  [32m                  [0;39m BeanFactory id=f4e02d53-0909-3203-8b86-9325877c07fb
2023-04-20 20:06:05.998 INFO  o.s.c.gateway.route.RouteDefinitionRouteLocator   :120  [32m                  [0;39m Loaded RoutePredicateFactory [After]
2023-04-20 20:06:05.999 INFO  o.s.c.gateway.route.RouteDefinitionRouteLocator   :120  [32m                  [0;39m Loaded RoutePredicateFactory [Before]
2023-04-20 20:06:05.999 INFO  o.s.c.gateway.route.RouteDefinitionRouteLocator   :120  [32m                  [0;39m Loaded RoutePredicateFactory [Between]
2023-04-20 20:06:05.999 INFO  o.s.c.gateway.route.RouteDefinitionRouteLocator   :120  [32m                  [0;39m Loaded RoutePredicateFactory [Cookie]
2023-04-20 20:06:05.999 INFO  o.s.c.gateway.route.RouteDefinitionRouteLocator   :120  [32m                  [0;39m Loaded RoutePredicateFactory [Header]
2023-04-20 20:06:05.999 INFO  o.s.c.gateway.route.RouteDefinitionRouteLocator   :120  [32m                  [0;39m Loaded RoutePredicateFactory [Host]
2023-04-20 20:06:06.000 INFO  o.s.c.gateway.route.RouteDefinitionRouteLocator   :120  [32m                  [0;39m Loaded RoutePredicateFactory [Method]
2023-04-20 20:06:06.000 INFO  o.s.c.gateway.route.RouteDefinitionRouteLocator   :120  [32m                  [0;39m Loaded RoutePredicateFactory [Path]
2023-04-20 20:06:06.000 INFO  o.s.c.gateway.route.RouteDefinitionRouteLocator   :120  [32m                  [0;39m Loaded RoutePredicateFactory [Query]
2023-04-20 20:06:06.000 INFO  o.s.c.gateway.route.RouteDefinitionRouteLocator   :120  [32m                  [0;39m Loaded RoutePredicateFactory [ReadBodyPredicateFactory]
2023-04-20 20:06:06.000 INFO  o.s.c.gateway.route.RouteDefinitionRouteLocator   :120  [32m                  [0;39m Loaded RoutePredicateFactory [RemoteAddr]
2023-04-20 20:06:06.000 INFO  o.s.c.gateway.route.RouteDefinitionRouteLocator   :120  [32m                  [0;39m Loaded RoutePredicateFactory [Weight]
2023-04-20 20:06:06.000 INFO  o.s.c.gateway.route.RouteDefinitionRouteLocator   :120  [32m                  [0;39m Loaded RoutePredicateFactory [CloudFoundryRouteService]
2023-04-20 20:06:06.180 INFO  o.s.b.d.autoconfigure.OptionalLiveReloadServer    :57   [32m                  [0;39m LiveReload server is running on port 35729
2023-04-20 20:06:06.955 INFO  o.s.boot.web.embedded.netty.NettyWebServer        :82   [32m                  [0;39m Netty started on port(s): 10001
2023-04-20 20:06:07.740 INFO  com.train.gateway.GatewayApplication              :59   [32m                  [0;39m Started GatewayApplication in 5.995 seconds (JVM running for 7.063)
2023-04-20 20:06:07.741 INFO  com.train.gateway.GatewayApplication              :18   [32m                  [0;39m 启动成功！！
2023-04-20 20:06:07.741 INFO  com.train.gateway.GatewayApplication              :19   [32m                  [0;39m 网关地址: 	http://127.0.0.1:10001
2023-04-20 20:07:43.798 INFO  o.s.b.d.env.DevToolsPropertyDefaultsPostProcessor :225  [32m                  [0;39m Devtools property defaults active! Set 'spring.devtools.add-properties' to 'false' to disable
2023-04-20 20:07:44.827 INFO  com.train.gateway.GatewayApplication              :648  [32m                  [0;39m No active profile set, falling back to default profiles: default
2023-04-20 20:07:45.189 INFO  o.springframework.cloud.context.scope.GenericScope:295  [32m                  [0;39m BeanFactory id=770ae577-e107-319c-9b4b-a267a156ab47
2023-04-20 20:07:46.741 INFO  o.s.c.gateway.route.RouteDefinitionRouteLocator   :120  [32m                  [0;39m Loaded RoutePredicateFactory [After]
2023-04-20 20:07:46.741 INFO  o.s.c.gateway.route.RouteDefinitionRouteLocator   :120  [32m                  [0;39m Loaded RoutePredicateFactory [Before]
2023-04-20 20:07:46.741 INFO  o.s.c.gateway.route.RouteDefinitionRouteLocator   :120  [32m                  [0;39m Loaded RoutePredicateFactory [Between]
2023-04-20 20:07:46.742 INFO  o.s.c.gateway.route.RouteDefinitionRouteLocator   :120  [32m                  [0;39m Loaded RoutePredicateFactory [Cookie]
2023-04-20 20:07:46.742 INFO  o.s.c.gateway.route.RouteDefinitionRouteLocator   :120  [32m                  [0;39m Loaded RoutePredicateFactory [Header]
2023-04-20 20:07:46.742 INFO  o.s.c.gateway.route.RouteDefinitionRouteLocator   :120  [32m                  [0;39m Loaded RoutePredicateFactory [Host]
2023-04-20 20:07:46.742 INFO  o.s.c.gateway.route.RouteDefinitionRouteLocator   :120  [32m                  [0;39m Loaded RoutePredicateFactory [Method]
2023-04-20 20:07:46.742 INFO  o.s.c.gateway.route.RouteDefinitionRouteLocator   :120  [32m                  [0;39m Loaded RoutePredicateFactory [Path]
2023-04-20 20:07:46.742 INFO  o.s.c.gateway.route.RouteDefinitionRouteLocator   :120  [32m                  [0;39m Loaded RoutePredicateFactory [Query]
2023-04-20 20:07:46.742 INFO  o.s.c.gateway.route.RouteDefinitionRouteLocator   :120  [32m                  [0;39m Loaded RoutePredicateFactory [ReadBodyPredicateFactory]
2023-04-20 20:07:46.742 INFO  o.s.c.gateway.route.RouteDefinitionRouteLocator   :120  [32m                  [0;39m Loaded RoutePredicateFactory [RemoteAddr]
2023-04-20 20:07:46.743 INFO  o.s.c.gateway.route.RouteDefinitionRouteLocator   :120  [32m                  [0;39m Loaded RoutePredicateFactory [Weight]
2023-04-20 20:07:46.743 INFO  o.s.c.gateway.route.RouteDefinitionRouteLocator   :120  [32m                  [0;39m Loaded RoutePredicateFactory [CloudFoundryRouteService]
2023-04-20 20:07:46.912 INFO  o.s.b.d.autoconfigure.OptionalLiveReloadServer    :57   [32m                  [0;39m LiveReload server is running on port 35729
2023-04-20 20:07:47.680 INFO  o.s.boot.web.embedded.netty.NettyWebServer        :82   [32m                  [0;39m Netty started on port(s): 10001
2023-04-20 20:07:48.541 INFO  com.train.gateway.GatewayApplication              :59   [32m                  [0;39m Started GatewayApplication in 6.048 seconds (JVM running for 7.087)
2023-04-20 20:07:48.542 INFO  com.train.gateway.GatewayApplication              :18   [32m                  [0;39m 启动成功！！
2023-04-20 20:07:48.543 INFO  com.train.gateway.GatewayApplication              :19   [32m                  [0;39m 网关地址: 	http://127.0.0.1:10001
2023-04-20 20:22:08.537 INFO  o.s.b.d.env.DevToolsPropertyDefaultsPostProcessor :225  [32m                  [0;39m Devtools property defaults active! Set 'spring.devtools.add-properties' to 'false' to disable
2023-04-20 20:22:09.522 INFO  com.train.gateway.GatewayApplication              :652  [32m                  [0;39m The following profiles are active: dev
2023-04-20 20:22:09.897 INFO  o.springframework.cloud.context.scope.GenericScope:295  [32m                  [0;39m BeanFactory id=770ae577-e107-319c-9b4b-a267a156ab47
2023-04-20 20:22:11.448 INFO  o.s.c.gateway.route.RouteDefinitionRouteLocator   :120  [32m                  [0;39m Loaded RoutePredicateFactory [After]
2023-04-20 20:22:11.448 INFO  o.s.c.gateway.route.RouteDefinitionRouteLocator   :120  [32m                  [0;39m Loaded RoutePredicateFactory [Before]
2023-04-20 20:22:11.448 INFO  o.s.c.gateway.route.RouteDefinitionRouteLocator   :120  [32m                  [0;39m Loaded RoutePredicateFactory [Between]
2023-04-20 20:22:11.448 INFO  o.s.c.gateway.route.RouteDefinitionRouteLocator   :120  [32m                  [0;39m Loaded RoutePredicateFactory [Cookie]
2023-04-20 20:22:11.448 INFO  o.s.c.gateway.route.RouteDefinitionRouteLocator   :120  [32m                  [0;39m Loaded RoutePredicateFactory [Header]
2023-04-20 20:22:11.448 INFO  o.s.c.gateway.route.RouteDefinitionRouteLocator   :120  [32m                  [0;39m Loaded RoutePredicateFactory [Host]
2023-04-20 20:22:11.449 INFO  o.s.c.gateway.route.RouteDefinitionRouteLocator   :120  [32m                  [0;39m Loaded RoutePredicateFactory [Method]
2023-04-20 20:22:11.449 INFO  o.s.c.gateway.route.RouteDefinitionRouteLocator   :120  [32m                  [0;39m Loaded RoutePredicateFactory [Path]
2023-04-20 20:22:11.449 INFO  o.s.c.gateway.route.RouteDefinitionRouteLocator   :120  [32m                  [0;39m Loaded RoutePredicateFactory [Query]
2023-04-20 20:22:11.449 INFO  o.s.c.gateway.route.RouteDefinitionRouteLocator   :120  [32m                  [0;39m Loaded RoutePredicateFactory [ReadBodyPredicateFactory]
2023-04-20 20:22:11.449 INFO  o.s.c.gateway.route.RouteDefinitionRouteLocator   :120  [32m                  [0;39m Loaded RoutePredicateFactory [RemoteAddr]
2023-04-20 20:22:11.449 INFO  o.s.c.gateway.route.RouteDefinitionRouteLocator   :120  [32m                  [0;39m Loaded RoutePredicateFactory [Weight]
2023-04-20 20:22:11.449 INFO  o.s.c.gateway.route.RouteDefinitionRouteLocator   :120  [32m                  [0;39m Loaded RoutePredicateFactory [CloudFoundryRouteService]
2023-04-20 20:22:11.615 INFO  o.s.b.d.autoconfigure.OptionalLiveReloadServer    :57   [32m                  [0;39m LiveReload server is running on port 35729
2023-04-20 20:22:12.326 INFO  o.s.boot.web.embedded.netty.NettyWebServer        :82   [32m                  [0;39m Netty started on port(s): 10001
2023-04-20 20:22:13.110 INFO  com.train.gateway.GatewayApplication              :59   [32m                  [0;39m Started GatewayApplication in 5.967 seconds (JVM running for 7.109)
2023-04-20 20:22:13.111 INFO  com.train.gateway.GatewayApplication              :18   [32m                  [0;39m 启动成功！！
2023-04-20 20:22:13.111 INFO  com.train.gateway.GatewayApplication              :19   [32m                  [0;39m 网关地址: 	http://127.0.0.1:10001
