2023-04-29 12:26:38.085 INFO  com.train.gateway.GatewayApplication              :652  [32m                  [0;39m The following profiles are active: dev
2023-04-29 12:26:38.393 INFO  o.springframework.cloud.context.scope.GenericScope:295  [32m                  [0;39m BeanFactory id=eae98208-2433-3b75-a517-236a36fb1455
2023-04-29 12:26:40.376 INFO  o.s.c.gateway.route.RouteDefinitionRouteLocator   :120  [32m                  [0;39m Loaded RoutePredicateFactory [After]
2023-04-29 12:26:40.377 INFO  o.s.c.gateway.route.RouteDefinitionRouteLocator   :120  [32m                  [0;39m Loaded RoutePredicateFactory [Before]
2023-04-29 12:26:40.377 INFO  o.s.c.gateway.route.RouteDefinitionRouteLocator   :120  [32m                  [0;39m Loaded RoutePredicateFactory [Between]
2023-04-29 12:26:40.377 INFO  o.s.c.gateway.route.RouteDefinitionRouteLocator   :120  [32m                  [0;39m Loaded RoutePredicateFactory [Cookie]
2023-04-29 12:26:40.377 INFO  o.s.c.gateway.route.RouteDefinitionRouteLocator   :120  [32m                  [0;39m Loaded RoutePredicateFactory [Header]
2023-04-29 12:26:40.378 INFO  o.s.c.gateway.route.RouteDefinitionRouteLocator   :120  [32m                  [0;39m Loaded RoutePredicateFactory [Host]
2023-04-29 12:26:40.378 INFO  o.s.c.gateway.route.RouteDefinitionRouteLocator   :120  [32m                  [0;39m Loaded RoutePredicateFactory [Method]
2023-04-29 12:26:40.378 INFO  o.s.c.gateway.route.RouteDefinitionRouteLocator   :120  [32m                  [0;39m Loaded RoutePredicateFactory [Path]
2023-04-29 12:26:40.378 INFO  o.s.c.gateway.route.RouteDefinitionRouteLocator   :120  [32m                  [0;39m Loaded RoutePredicateFactory [Query]
2023-04-29 12:26:40.378 INFO  o.s.c.gateway.route.RouteDefinitionRouteLocator   :120  [32m                  [0;39m Loaded RoutePredicateFactory [ReadBodyPredicateFactory]
2023-04-29 12:26:40.379 INFO  o.s.c.gateway.route.RouteDefinitionRouteLocator   :120  [32m                  [0;39m Loaded RoutePredicateFactory [RemoteAddr]
2023-04-29 12:26:40.379 INFO  o.s.c.gateway.route.RouteDefinitionRouteLocator   :120  [32m                  [0;39m Loaded RoutePredicateFactory [Weight]
2023-04-29 12:26:40.379 INFO  o.s.c.gateway.route.RouteDefinitionRouteLocator   :120  [32m                  [0;39m Loaded RoutePredicateFactory [CloudFoundryRouteService]
2023-04-29 12:26:41.870 INFO  o.s.boot.web.embedded.netty.NettyWebServer        :82   [32m                  [0;39m Netty started on port(s): 10001
2023-04-29 12:26:43.082 INFO  com.train.gateway.GatewayApplication              :59   [32m                  [0;39m Started GatewayApplication in 7.871 seconds (JVM running for 9.37)
2023-04-29 12:26:43.083 INFO  com.train.gateway.GatewayApplication              :18   [32m                  [0;39m å¯åŠ¨æˆåŠŸï¼ï¼
2023-04-29 12:26:43.084 INFO  com.train.gateway.GatewayApplication              :19   [32m                  [0;39m ç½‘å…³åœ°å€: 	http://127.0.0.1:10001
2023-04-29 12:36:07.715 INFO  com.train.gateway.file.LoginAccountFilter         :27   [32m                  [0;39m ä¸éœ€è¦ç™»å½•éªŒè¯ï¼š/system/management/account/login
2023-04-29 12:37:07.021 INFO  com.train.gateway.file.LoginAccountFilter         :27   [32m                  [0;39m ä¸éœ€è¦ç™»å½•éªŒè¯ï¼š/system/management/account/rendCode
2023-04-29 12:42:07.349 INFO  com.train.gateway.file.LoginAccountFilter         :27   [32m                  [0;39m ä¸éœ€è¦ç™»å½•éªŒè¯ï¼š/system/management/account/rendCode
2023-04-29 12:42:17.561 INFO  com.train.gateway.file.LoginAccountFilter         :27   [32m                  [0;39m ä¸éœ€è¦ç™»å½•éªŒè¯ï¼š/system/management/account/rendCode
2023-04-29 12:42:25.443 INFO  com.train.gateway.file.LoginAccountFilter         :30   [32m                  [0;39m éœ€è¦ç™»å½•éªŒè¯ï¼š/system/management/account/name
2023-04-29 12:42:25.443 INFO  com.train.gateway.file.LoginAccountFilter         :34   [32m                  [0;39m è´¦å·ç™»å½•éªŒè¯å¼€å§‹ï¼ŒaccessTokenï¼šnull
2023-04-29 12:42:25.444 INFO  com.train.gateway.file.LoginAccountFilter         :36   [32m                  [0;39m accessTokenä¸ºç©ºï¼Œè¯·æ±‚è¢«æ‹¦æˆª
2023-04-29 12:42:42.668 INFO  com.train.gateway.file.LoginAccountFilter         :27   [32m                  [0;39m ä¸éœ€è¦ç™»å½•éªŒè¯ï¼š/system/management/account/rendCode
2023-04-29 12:47:08.505 INFO  com.train.gateway.file.LoginAccountFilter         :27   [32m                  [0;39m ä¸éœ€è¦ç™»å½•éªŒè¯ï¼š/system/management/account/rendCode
2023-04-29 12:48:40.861 INFO  com.train.gateway.file.LoginAccountFilter         :27   [32m                  [0;39m ä¸éœ€è¦ç™»å½•éªŒè¯ï¼š/system/management/account/rendCode
2023-04-29 12:52:59.818 INFO  com.train.gateway.file.LoginAccountFilter         :27   [32m                  [0;39m ä¸éœ€è¦ç™»å½•éªŒè¯ï¼š/system/management/account/rendCode
2023-04-29 12:53:40.497 INFO  com.train.gateway.file.LoginAccountFilter         :27   [32m                  [0;39m ä¸éœ€è¦ç™»å½•éªŒè¯ï¼š/system/management/account/rendCode
2023-04-29 12:54:26.397 INFO  com.train.gateway.file.LoginAccountFilter         :27   [32m                  [0;39m ä¸éœ€è¦ç™»å½•éªŒè¯ï¼š/system/management/account/rendCode
2023-04-29 12:55:44.057 INFO  com.train.gateway.file.LoginAccountFilter         :27   [32m                  [0;39m ä¸éœ€è¦ç™»å½•éªŒè¯ï¼š/system/management/account/rendCode
2023-04-29 13:00:04.184 INFO  com.train.gateway.file.LoginAccountFilter         :27   [32m                  [0;39m ä¸éœ€è¦ç™»å½•éªŒè¯ï¼š/system/management/account/rendCode
2023-04-29 13:03:06.822 INFO  com.train.gateway.file.LoginAccountFilter         :27   [32m                  [0;39m ä¸éœ€è¦ç™»å½•éªŒè¯ï¼š/system/management/account/rendCode
2023-04-29 13:56:53.572 INFO  com.train.gateway.file.LoginAccountFilter         :30   [32m                  [0;39m éœ€è¦ç™»å½•éªŒè¯ï¼š/system/management/accountPassenger/save
2023-04-29 13:56:53.577 INFO  com.train.gateway.file.LoginAccountFilter         :34   [32m                  [0;39m è´¦å·ç™»å½•éªŒè¯å¼€å§‹ï¼ŒaccessTokenï¼šnull
2023-04-29 13:56:53.577 INFO  com.train.gateway.file.LoginAccountFilter         :36   [32m                  [0;39m accessTokenä¸ºç©ºï¼Œè¯·æ±‚è¢«æ‹¦æˆª
2023-04-29 13:57:48.295 INFO  com.train.gateway.file.LoginAccountFilter         :27   [32m                  [0;39m ä¸éœ€è¦ç™»å½•éªŒè¯ï¼š/system/management/account/login
2023-04-29 13:57:52.253 INFO  com.train.gateway.file.LoginAccountFilter         :30   [32m                  [0;39m éœ€è¦ç™»å½•éªŒè¯ï¼š/system/management/accountPassenger/save
2023-04-29 13:57:52.254 INFO  com.train.gateway.file.LoginAccountFilter         :34   [32m                  [0;39m è´¦å·ç™»å½•éªŒè¯å¼€å§‹ï¼ŒaccessTokenï¼šnull
2023-04-29 13:57:52.254 INFO  com.train.gateway.file.LoginAccountFilter         :36   [32m                  [0;39m accessTokenä¸ºç©ºï¼Œè¯·æ±‚è¢«æ‹¦æˆª
2023-04-29 14:10:30.934 INFO  com.train.gateway.file.LoginAccountFilter         :27   [32m                  [0;39m ä¸éœ€è¦ç™»å½•éªŒè¯ï¼š/system/management/account/login
2023-04-29 14:11:02.806 INFO  com.train.gateway.file.LoginAccountFilter         :30   [32m                  [0;39m éœ€è¦ç™»å½•éªŒè¯ï¼š/system/management/accountPassenger/save
2023-04-29 14:11:02.806 INFO  com.train.gateway.file.LoginAccountFilter         :34   [32m                  [0;39m è´¦å·ç™»å½•éªŒè¯å¼€å§‹ï¼ŒaccessTokenï¼šnull
2023-04-29 14:11:02.807 INFO  com.train.gateway.file.LoginAccountFilter         :36   [32m                  [0;39m accessTokenä¸ºç©ºï¼Œè¯·æ±‚è¢«æ‹¦æˆª
2023-04-29 14:11:21.820 INFO  com.train.gateway.file.LoginAccountFilter         :30   [32m                  [0;39m éœ€è¦ç™»å½•éªŒè¯ï¼š/system/management/accountPassenger/save
2023-04-29 14:11:21.821 INFO  com.train.gateway.file.LoginAccountFilter         :34   [32m                  [0;39m è´¦å·ç™»å½•éªŒè¯å¼€å§‹ï¼ŒaccessTokenï¼šnull
2023-04-29 14:11:21.821 INFO  com.train.gateway.file.LoginAccountFilter         :36   [32m                  [0;39m accessTokenä¸ºç©ºï¼Œè¯·æ±‚è¢«æ‹¦æˆª
2023-04-29 14:12:40.910 INFO  com.train.gateway.file.LoginAccountFilter         :27   [32m                  [0;39m ä¸éœ€è¦ç™»å½•éªŒè¯ï¼š/system/management/account/login
2023-04-29 14:13:05.897 INFO  com.train.gateway.file.LoginAccountFilter         :27   [32m                  [0;39m ä¸éœ€è¦ç™»å½•éªŒè¯ï¼š/system/management/account/login
2023-04-29 14:13:16.825 INFO  com.train.gateway.file.LoginAccountFilter         :30   [32m                  [0;39m éœ€è¦ç™»å½•éªŒè¯ï¼š/system/management/accountPassenger/save
2023-04-29 14:13:16.826 INFO  com.train.gateway.file.LoginAccountFilter         :34   [32m                  [0;39m è´¦å·ç™»å½•éªŒè¯å¼€å§‹ï¼ŒaccessTokenï¼šnull
2023-04-29 14:13:16.826 INFO  com.train.gateway.file.LoginAccountFilter         :36   [32m                  [0;39m accessTokenä¸ºç©ºï¼Œè¯·æ±‚è¢«æ‹¦æˆª
2023-04-29 14:13:34.271 INFO  com.train.gateway.file.LoginAccountFilter         :30   [32m                  [0;39m éœ€è¦ç™»å½•éªŒè¯ï¼š/system/management/accountPassenger/save
2023-04-29 14:13:34.272 INFO  com.train.gateway.file.LoginAccountFilter         :34   [32m                  [0;39m è´¦å·ç™»å½•éªŒè¯å¼€å§‹ï¼ŒaccessTokenï¼šeyJ0eXAiOiJKV1QiLCJhbGciOiJIUzI1NiJ9.eyJuYmYiOjE2ODI3NDg3ODUsIm1vYmlsZSI6IjEzMDEyMzQ1NjcxIiwiaWQiOjE2NTA0NTgwODgzODc1MTQzNjgsImV4cCI6MTY4MjgzNTE4NSwiaWF0IjoxNjgyNzQ4Nzg1fQ.c09kDeHEOvwd68iNiX6cYTGLowpjXsZgC5RYYVSO1Og
2023-04-29 14:13:35.501 INFO  com.train.gateway.util.JwtUtil                    :46   [32m                  [0;39m JWT tokenæ ¡éªŒç»“æœï¼štrue
2023-04-29 14:13:35.502 INFO  com.train.gateway.file.LoginAccountFilter         :45   [32m                  [0;39m accessTokenæœ‰æ•ˆï¼Œæ”¾è¡Œè¯¥è¯·æ±‚
2023-04-29 14:13:46.924 INFO  com.train.gateway.file.LoginAccountFilter         :30   [32m                  [0;39m éœ€è¦ç™»å½•éªŒè¯ï¼š/system/management/accountPassenger/save
2023-04-29 14:13:46.924 INFO  com.train.gateway.file.LoginAccountFilter         :34   [32m                  [0;39m è´¦å·ç™»å½•éªŒè¯å¼€å§‹ï¼ŒaccessTokenï¼šeyJ0eXAiOiJKV1QiLCJhbGciOiJIUzI1NiJ9.eyJuYmYiOjE2ODI3NDg3ODUsIm1vYmlsZSI6IjEzMDEyMzQ1NjcxIiwiaWQiOjE2NTA0NTgwODgzODc1MTQzNjgsImV4cCI6MTY4MjgzNTE4NSwiaWF0IjoxNjgyNzQ4Nzg1fQ.c09kDeHEOvwd68iNiX6cYTGLowpjXsZgC5RYYVSO1Og
2023-04-29 14:13:46.925 INFO  com.train.gateway.util.JwtUtil                    :46   [32m                  [0;39m JWT tokenæ ¡éªŒç»“æœï¼štrue
2023-04-29 14:13:46.926 INFO  com.train.gateway.file.LoginAccountFilter         :45   [32m                  [0;39m accessTokenæœ‰æ•ˆï¼Œæ”¾è¡Œè¯¥è¯·æ±‚
2023-04-29 14:15:13.988 INFO  com.train.gateway.file.LoginAccountFilter         :30   [32m                  [0;39m éœ€è¦ç™»å½•éªŒè¯ï¼š/system/management/accountPassenger/save
2023-04-29 14:15:13.989 INFO  com.train.gateway.file.LoginAccountFilter         :34   [32m                  [0;39m è´¦å·ç™»å½•éªŒè¯å¼€å§‹ï¼ŒaccessTokenï¼šeyJ0eXAiOiJKV1QiLCJhbGciOiJIUzI1NiJ9.eyJuYmYiOjE2ODI3NDg3ODUsIm1vYmlsZSI6IjEzMDEyMzQ1NjcxIiwiaWQiOjE2NTA0NTgwODgzODc1MTQzNjgsImV4cCI6MTY4MjgzNTE4NSwiaWF0IjoxNjgyNzQ4Nzg1fQ.c09kDeHEOvwd68iNiX6cYTGLowpjXsZgC5RYYVSO1Og
2023-04-29 14:15:13.990 INFO  com.train.gateway.util.JwtUtil                    :46   [32m                  [0;39m JWT tokenæ ¡éªŒç»“æœï¼štrue
2023-04-29 14:15:13.990 INFO  com.train.gateway.file.LoginAccountFilter         :45   [32m                  [0;39m accessTokenæœ‰æ•ˆï¼Œæ”¾è¡Œè¯¥è¯·æ±‚
2023-04-29 14:25:02.707 INFO  com.train.gateway.file.LoginAccountFilter         :27   [32m                  [0;39m ä¸éœ€è¦ç™»å½•éªŒè¯ï¼š/system/management/account/rendCode
2023-04-29 14:25:03.790 INFO  com.train.gateway.file.LoginAccountFilter         :27   [32m                  [0;39m ä¸éœ€è¦ç™»å½•éªŒè¯ï¼š/system/management/account/login
2023-04-29 14:25:05.695 INFO  com.train.gateway.file.LoginAccountFilter         :30   [32m                  [0;39m éœ€è¦ç™»å½•éªŒè¯ï¼š/system/management/accountPassenger/query-list
2023-04-29 14:25:05.696 INFO  com.train.gateway.file.LoginAccountFilter         :34   [32m                  [0;39m è´¦å·ç™»å½•éªŒè¯å¼€å§‹ï¼ŒaccessTokenï¼šeyJ0eXAiOiJKV1QiLCJhbGciOiJIUzI1NiJ9.eyJuYmYiOjE2ODI3NDk1MDMsIm1vYmlsZSI6IjEzMDAwMDAwMDAwIiwiaWQiOjE2NTA0NjIyNTgwNzA5NDk4ODgsImV4cCI6MTY4MjgzNTkwMywiaWF0IjoxNjgyNzQ5NTAzfQ.of9w8urWu-JJ3K4EyvU2YlS5FMUH8Rg9c1MAvX76TQI
2023-04-29 14:25:05.697 INFO  com.train.gateway.util.JwtUtil                    :46   [32m                  [0;39m JWT tokenæ ¡éªŒç»“æœï¼štrue
2023-04-29 14:25:05.697 INFO  com.train.gateway.file.LoginAccountFilter         :45   [32m                  [0;39m accessTokenæœ‰æ•ˆï¼Œæ”¾è¡Œè¯¥è¯·æ±‚
2023-04-29 14:25:13.536 INFO  com.train.gateway.file.LoginAccountFilter         :30   [32m                  [0;39m éœ€è¦ç™»å½•éªŒè¯ï¼š/system/management/accountPassenger/query-list
2023-04-29 14:25:13.537 INFO  com.train.gateway.file.LoginAccountFilter         :34   [32m                  [0;39m è´¦å·ç™»å½•éªŒè¯å¼€å§‹ï¼ŒaccessTokenï¼šeyJ0eXAiOiJKV1QiLCJhbGciOiJIUzI1NiJ9.eyJuYmYiOjE2ODI3NDk1MDMsIm1vYmlsZSI6IjEzMDAwMDAwMDAwIiwiaWQiOjE2NTA0NjIyNTgwNzA5NDk4ODgsImV4cCI6MTY4MjgzNTkwMywiaWF0IjoxNjgyNzQ5NTAzfQ.of9w8urWu-JJ3K4EyvU2YlS5FMUH8Rg9c1MAvX76TQI
2023-04-29 14:25:13.538 INFO  com.train.gateway.util.JwtUtil                    :46   [32m                  [0;39m JWT tokenæ ¡éªŒç»“æœï¼štrue
2023-04-29 14:25:13.538 INFO  com.train.gateway.file.LoginAccountFilter         :45   [32m                  [0;39m accessTokenæœ‰æ•ˆï¼Œæ”¾è¡Œè¯¥è¯·æ±‚
2023-04-29 14:25:20.522 INFO  com.train.gateway.file.LoginAccountFilter         :30   [32m                  [0;39m éœ€è¦ç™»å½•éªŒè¯ï¼š/system/management/accountPassenger/query-list
2023-04-29 14:25:20.523 INFO  com.train.gateway.file.LoginAccountFilter         :34   [32m                  [0;39m è´¦å·ç™»å½•éªŒè¯å¼€å§‹ï¼ŒaccessTokenï¼šeyJ0eXAiOiJKV1QiLCJhbGciOiJIUzI1NiJ9.eyJuYmYiOjE2ODI3NDk1MDMsIm1vYmlsZSI6IjEzMDAwMDAwMDAwIiwiaWQiOjE2NTA0NjIyNTgwNzA5NDk4ODgsImV4cCI6MTY4MjgzNTkwMywiaWF0IjoxNjgyNzQ5NTAzfQ.of9w8urWu-JJ3K4EyvU2YlS5FMUH8Rg9c1MAvX76TQI
2023-04-29 14:25:20.524 INFO  com.train.gateway.util.JwtUtil                    :46   [32m                  [0;39m JWT tokenæ ¡éªŒç»“æœï¼štrue
2023-04-29 14:25:20.524 INFO  com.train.gateway.file.LoginAccountFilter         :45   [32m                  [0;39m accessTokenæœ‰æ•ˆï¼Œæ”¾è¡Œè¯¥è¯·æ±‚
2023-04-29 14:29:20.006 INFO  com.train.gateway.file.LoginAccountFilter         :30   [32m                  [0;39m éœ€è¦ç™»å½•éªŒè¯ï¼š/system/management/accountPassenger/query-list
2023-04-29 14:29:20.007 INFO  com.train.gateway.file.LoginAccountFilter         :34   [32m                  [0;39m è´¦å·ç™»å½•éªŒè¯å¼€å§‹ï¼ŒaccessTokenï¼šeyJ0eXAiOiJKV1QiLCJhbGciOiJIUzI1NiJ9.eyJuYmYiOjE2ODI3NDk1MDMsIm1vYmlsZSI6IjEzMDAwMDAwMDAwIiwiaWQiOjE2NTA0NjIyNTgwNzA5NDk4ODgsImV4cCI6MTY4MjgzNTkwMywiaWF0IjoxNjgyNzQ5NTAzfQ.of9w8urWu-JJ3K4EyvU2YlS5FMUH8Rg9c1MAvX76TQI
2023-04-29 14:29:20.009 INFO  com.train.gateway.util.JwtUtil                    :46   [32m                  [0;39m JWT tokenæ ¡éªŒç»“æœï¼štrue
2023-04-29 14:29:20.010 INFO  com.train.gateway.file.LoginAccountFilter         :45   [32m                  [0;39m accessTokenæœ‰æ•ˆï¼Œæ”¾è¡Œè¯¥è¯·æ±‚
2023-04-29 14:30:29.385 INFO  com.train.gateway.file.LoginAccountFilter         :30   [32m                  [0;39m éœ€è¦ç™»å½•éªŒè¯ï¼š/system/management/accountPassenger/query-list
2023-04-29 14:30:29.385 INFO  com.train.gateway.file.LoginAccountFilter         :34   [32m                  [0;39m è´¦å·ç™»å½•éªŒè¯å¼€å§‹ï¼ŒaccessTokenï¼šeyJ0eXAiOiJKV1QiLCJhbGciOiJIUzI1NiJ9.eyJuYmYiOjE2ODI3NDk1MDMsIm1vYmlsZSI6IjEzMDAwMDAwMDAwIiwiaWQiOjE2NTA0NjIyNTgwNzA5NDk4ODgsImV4cCI6MTY4MjgzNTkwMywiaWF0IjoxNjgyNzQ5NTAzfQ.of9w8urWu-JJ3K4EyvU2YlS5FMUH8Rg9c1MAvX76TQI
2023-04-29 14:30:29.386 INFO  com.train.gateway.util.JwtUtil                    :46   [32m                  [0;39m JWT tokenæ ¡éªŒç»“æœï¼štrue
2023-04-29 14:30:29.386 INFO  com.train.gateway.file.LoginAccountFilter         :45   [32m                  [0;39m accessTokenæœ‰æ•ˆï¼Œæ”¾è¡Œè¯¥è¯·æ±‚
2023-04-29 14:30:37.156 INFO  com.train.gateway.file.LoginAccountFilter         :27   [32m                  [0;39m ä¸éœ€è¦ç™»å½•éªŒè¯ï¼š/system/management/account/rendCode
2023-04-29 14:30:37.940 INFO  com.train.gateway.file.LoginAccountFilter         :27   [32m                  [0;39m ä¸éœ€è¦ç™»å½•éªŒè¯ï¼š/system/management/account/login
2023-04-29 14:30:39.392 INFO  com.train.gateway.file.LoginAccountFilter         :30   [32m                  [0;39m éœ€è¦ç™»å½•éªŒè¯ï¼š/system/management/accountPassenger/query-list
2023-04-29 14:30:39.393 INFO  com.train.gateway.file.LoginAccountFilter         :34   [32m                  [0;39m è´¦å·ç™»å½•éªŒè¯å¼€å§‹ï¼ŒaccessTokenï¼šeyJ0eXAiOiJKV1QiLCJhbGciOiJIUzI1NiJ9.eyJuYmYiOjE2ODI3NDk4MzcsIm1vYmlsZSI6IjEzMDAwMDAwMDAwIiwiaWQiOjE2NTA0NjIyNTgwNzA5NDk4ODgsImV4cCI6MTY4MjgzNjIzNywiaWF0IjoxNjgyNzQ5ODM3fQ.YdrsLzicc7zLhOxQvLyA92mg8si2Is2hYtm_ycvJO0Q
2023-04-29 14:30:39.394 INFO  com.train.gateway.util.JwtUtil                    :46   [32m                  [0;39m JWT tokenæ ¡éªŒç»“æœï¼štrue
2023-04-29 14:30:39.394 INFO  com.train.gateway.file.LoginAccountFilter         :45   [32m                  [0;39m accessTokenæœ‰æ•ˆï¼Œæ”¾è¡Œè¯¥è¯·æ±‚
2023-04-29 14:30:52.401 INFO  com.train.gateway.file.LoginAccountFilter         :30   [32m                  [0;39m éœ€è¦ç™»å½•éªŒè¯ï¼š/system/management/accountPassenger/query-list
2023-04-29 14:30:52.401 INFO  com.train.gateway.file.LoginAccountFilter         :34   [32m                  [0;39m è´¦å·ç™»å½•éªŒè¯å¼€å§‹ï¼ŒaccessTokenï¼šnull
2023-04-29 14:30:52.402 INFO  com.train.gateway.file.LoginAccountFilter         :36   [32m                  [0;39m accessTokenä¸ºç©ºï¼Œè¯·æ±‚è¢«æ‹¦æˆª
2023-04-29 14:58:35.025 INFO  com.train.gateway.file.LoginAccountFilter         :30   [32m                  [0;39m éœ€è¦ç™»å½•éªŒè¯ï¼š/system/management/accountPassenger/queryList
2023-04-29 14:58:35.026 INFO  com.train.gateway.file.LoginAccountFilter         :34   [32m                  [0;39m è´¦å·ç™»å½•éªŒè¯å¼€å§‹ï¼ŒaccessTokenï¼šeyJ0eXAiOiJKV1QiLCJhbGciOiJIUzI1NiJ9.eyJuYmYiOjE2ODI3NDg3ODUsIm1vYmlsZSI6IjEzMDEyMzQ1NjcxIiwiaWQiOjE2NTA0NTgwODgzODc1MTQzNjgsImV4cCI6MTY4MjgzNTE4NSwiaWF0IjoxNjgyNzQ4Nzg1fQ.c09kDeHEOvwd68iNiX6cYTGLowpjXsZgC5RYYVSO1Og
2023-04-29 14:58:35.027 INFO  com.train.gateway.util.JwtUtil                    :46   [32m                  [0;39m JWT tokenæ ¡éªŒç»“æœï¼štrue
2023-04-29 14:58:35.027 INFO  com.train.gateway.file.LoginAccountFilter         :45   [32m                  [0;39m accessTokenæœ‰æ•ˆï¼Œæ”¾è¡Œè¯¥è¯·æ±‚
2023-04-29 15:00:12.203 INFO  com.train.gateway.file.LoginAccountFilter         :30   [32m                  [0;39m éœ€è¦ç™»å½•éªŒè¯ï¼š/system/management/accountPassenger/queryList
2023-04-29 15:00:12.204 INFO  com.train.gateway.file.LoginAccountFilter         :34   [32m                  [0;39m è´¦å·ç™»å½•éªŒè¯å¼€å§‹ï¼ŒaccessTokenï¼šeyJ0eXAiOiJKV1QiLCJhbGciOiJIUzI1NiJ9.eyJuYmYiOjE2ODI3NDg3ODUsIm1vYmlsZSI6IjEzMDEyMzQ1NjcxIiwiaWQiOjE2NTA0NTgwODgzODc1MTQzNjgsImV4cCI6MTY4MjgzNTE4NSwiaWF0IjoxNjgyNzQ4Nzg1fQ.c09kDeHEOvwd68iNiX6cYTGLowpjXsZgC5RYYVSO1Og
2023-04-29 15:00:12.204 INFO  com.train.gateway.util.JwtUtil                    :46   [32m                  [0;39m JWT tokenæ ¡éªŒç»“æœï¼štrue
2023-04-29 15:00:12.205 INFO  com.train.gateway.file.LoginAccountFilter         :45   [32m                  [0;39m accessTokenæœ‰æ•ˆï¼Œæ”¾è¡Œè¯¥è¯·æ±‚
2023-04-29 15:00:53.055 INFO  com.train.gateway.file.LoginAccountFilter         :30   [32m                  [0;39m éœ€è¦ç™»å½•éªŒè¯ï¼š/system/management/accountPassenger/queryList
2023-04-29 15:00:53.055 INFO  com.train.gateway.file.LoginAccountFilter         :34   [32m                  [0;39m è´¦å·ç™»å½•éªŒè¯å¼€å§‹ï¼ŒaccessTokenï¼šeyJ0eXAiOiJKV1QiLCJhbGciOiJIUzI1NiJ9.eyJuYmYiOjE2ODI3NDg3ODUsIm1vYmlsZSI6IjEzMDEyMzQ1NjcxIiwiaWQiOjE2NTA0NTgwODgzODc1MTQzNjgsImV4cCI6MTY4MjgzNTE4NSwiaWF0IjoxNjgyNzQ4Nzg1fQ.c09kDeHEOvwd68iNiX6cYTGLowpjXsZgC5RYYVSO1Og
2023-04-29 15:00:53.056 INFO  com.train.gateway.util.JwtUtil                    :46   [32m                  [0;39m JWT tokenæ ¡éªŒç»“æœï¼štrue
2023-04-29 15:00:53.056 INFO  com.train.gateway.file.LoginAccountFilter         :45   [32m                  [0;39m accessTokenæœ‰æ•ˆï¼Œæ”¾è¡Œè¯¥è¯·æ±‚
2023-04-29 15:02:58.144 INFO  com.train.gateway.file.LoginAccountFilter         :30   [32m                  [0;39m éœ€è¦ç™»å½•éªŒè¯ï¼š/system/management/accountPassenger/queryList
2023-04-29 15:02:58.144 INFO  com.train.gateway.file.LoginAccountFilter         :34   [32m                  [0;39m è´¦å·ç™»å½•éªŒè¯å¼€å§‹ï¼ŒaccessTokenï¼šeyJ0eXAiOiJKV1QiLCJhbGciOiJIUzI1NiJ9.eyJuYmYiOjE2ODI3NDk4MzcsIm1vYmlsZSI6IjEzMDAwMDAwMDAwIiwiaWQiOjE2NTA0NjIyNTgwNzA5NDk4ODgsImV4cCI6MTY4MjgzNjIzNywiaWF0IjoxNjgyNzQ5ODM3fQ.YdrsLzicc7zLhOxQvLyA92mg8si2Is2hYtm_ycvJO0Q
2023-04-29 15:02:58.146 INFO  com.train.gateway.util.JwtUtil                    :46   [32m                  [0;39m JWT tokenæ ¡éªŒç»“æœï¼štrue
2023-04-29 15:02:58.146 INFO  com.train.gateway.file.LoginAccountFilter         :45   [32m                  [0;39m accessTokenæœ‰æ•ˆï¼Œæ”¾è¡Œè¯¥è¯·æ±‚
2023-04-29 15:03:06.572 INFO  com.train.gateway.file.LoginAccountFilter         :30   [32m                  [0;39m éœ€è¦ç™»å½•éªŒè¯ï¼š/system/management/accountPassenger/queryList
2023-04-29 15:03:06.572 INFO  com.train.gateway.file.LoginAccountFilter         :34   [32m                  [0;39m è´¦å·ç™»å½•éªŒè¯å¼€å§‹ï¼ŒaccessTokenï¼šeyJ0eXAiOiJKV1QiLCJhbGciOiJIUzI1NiJ9.eyJuYmYiOjE2ODI3NDk4MzcsIm1vYmlsZSI6IjEzMDAwMDAwMDAwIiwiaWQiOjE2NTA0NjIyNTgwNzA5NDk4ODgsImV4cCI6MTY4MjgzNjIzNywiaWF0IjoxNjgyNzQ5ODM3fQ.YdrsLzicc7zLhOxQvLyA92mg8si2Is2hYtm_ycvJO0Q
2023-04-29 15:03:06.574 INFO  com.train.gateway.util.JwtUtil                    :46   [32m                  [0;39m JWT tokenæ ¡éªŒç»“æœï¼štrue
2023-04-29 15:03:06.574 INFO  com.train.gateway.file.LoginAccountFilter         :45   [32m                  [0;39m accessTokenæœ‰æ•ˆï¼Œæ”¾è¡Œè¯¥è¯·æ±‚
2023-04-29 15:04:06.596 INFO  com.train.gateway.file.LoginAccountFilter         :30   [32m                  [0;39m éœ€è¦ç™»å½•éªŒè¯ï¼š/system/management/accountPassenger/queryList
2023-04-29 15:04:06.597 INFO  com.train.gateway.file.LoginAccountFilter         :34   [32m                  [0;39m è´¦å·ç™»å½•éªŒè¯å¼€å§‹ï¼ŒaccessTokenï¼šeyJ0eXAiOiJKV1QiLCJhbGciOiJIUzI1NiJ9.eyJuYmYiOjE2ODI3NDk4MzcsIm1vYmlsZSI6IjEzMDAwMDAwMDAwIiwiaWQiOjE2NTA0NjIyNTgwNzA5NDk4ODgsImV4cCI6MTY4MjgzNjIzNywiaWF0IjoxNjgyNzQ5ODM3fQ.YdrsLzicc7zLhOxQvLyA92mg8si2Is2hYtm_ycvJO0Q
2023-04-29 15:04:06.598 INFO  com.train.gateway.util.JwtUtil                    :46   [32m                  [0;39m JWT tokenæ ¡éªŒç»“æœï¼štrue
2023-04-29 15:04:06.598 INFO  com.train.gateway.file.LoginAccountFilter         :45   [32m                  [0;39m accessTokenæœ‰æ•ˆï¼Œæ”¾è¡Œè¯¥è¯·æ±‚
2023-04-29 15:04:33.399 INFO  com.train.gateway.file.LoginAccountFilter         :30   [32m                  [0;39m éœ€è¦ç™»å½•éªŒè¯ï¼š/system/management/accountPassenger/queryList
2023-04-29 15:04:33.400 INFO  com.train.gateway.file.LoginAccountFilter         :34   [32m                  [0;39m è´¦å·ç™»å½•éªŒè¯å¼€å§‹ï¼ŒaccessTokenï¼šeyJ0eXAiOiJKV1QiLCJhbGciOiJIUzI1NiJ9.eyJuYmYiOjE2ODI3NDk4MzcsIm1vYmlsZSI6IjEzMDAwMDAwMDAwIiwiaWQiOjE2NTA0NjIyNTgwNzA5NDk4ODgsImV4cCI6MTY4MjgzNjIzNywiaWF0IjoxNjgyNzQ5ODM3fQ.YdrsLzicc7zLhOxQvLyA92mg8si2Is2hYtm_ycvJO0Q
2023-04-29 15:04:33.401 INFO  com.train.gateway.util.JwtUtil                    :46   [32m                  [0;39m JWT tokenæ ¡éªŒç»“æœï¼štrue
2023-04-29 15:04:33.401 INFO  com.train.gateway.file.LoginAccountFilter         :45   [32m                  [0;39m accessTokenæœ‰æ•ˆï¼Œæ”¾è¡Œè¯¥è¯·æ±‚
2023-04-29 15:05:08.471 INFO  com.train.gateway.file.LoginAccountFilter         :27   [32m                  [0;39m ä¸éœ€è¦ç™»å½•éªŒè¯ï¼š/system/management/account/rendCode
2023-04-29 15:05:12.384 INFO  com.train.gateway.file.LoginAccountFilter         :27   [32m                  [0;39m ä¸éœ€è¦ç™»å½•éªŒè¯ï¼š/system/management/account/login
2023-04-29 15:05:13.868 INFO  com.train.gateway.file.LoginAccountFilter         :30   [32m                  [0;39m éœ€è¦ç™»å½•éªŒè¯ï¼š/system/management/accountPassenger/queryList
2023-04-29 15:05:13.869 INFO  com.train.gateway.file.LoginAccountFilter         :34   [32m                  [0;39m è´¦å·ç™»å½•éªŒè¯å¼€å§‹ï¼ŒaccessTokenï¼šeyJ0eXAiOiJKV1QiLCJhbGciOiJIUzI1NiJ9.eyJuYmYiOjE2ODI3NTE5MTIsIm1vYmlsZSI6IjEzMDEyMzQ1NjcxIiwiaWQiOjE2NTA0NTgwODgzODc1MTQzNjgsImV4cCI6MTY4MjgzODMxMiwiaWF0IjoxNjgyNzUxOTEyfQ.KeUecLVJLA1WEviKrgu9_Z2pxHcz4gRftwxH-Pxf2Z0
2023-04-29 15:05:13.869 INFO  com.train.gateway.util.JwtUtil                    :46   [32m                  [0;39m JWT tokenæ ¡éªŒç»“æœï¼štrue
2023-04-29 15:05:13.870 INFO  com.train.gateway.file.LoginAccountFilter         :45   [32m                  [0;39m accessTokenæœ‰æ•ˆï¼Œæ”¾è¡Œè¯¥è¯·æ±‚
2023-04-29 15:08:02.498 INFO  com.train.gateway.file.LoginAccountFilter         :30   [32m                  [0;39m éœ€è¦ç™»å½•éªŒè¯ï¼š/system/management/accountPassenger/queryList
2023-04-29 15:08:02.498 INFO  com.train.gateway.file.LoginAccountFilter         :34   [32m                  [0;39m è´¦å·ç™»å½•éªŒè¯å¼€å§‹ï¼ŒaccessTokenï¼šeyJ0eXAiOiJKV1QiLCJhbGciOiJIUzI1NiJ9.eyJuYmYiOjE2ODI3NTE5MTIsIm1vYmlsZSI6IjEzMDEyMzQ1NjcxIiwiaWQiOjE2NTA0NTgwODgzODc1MTQzNjgsImV4cCI6MTY4MjgzODMxMiwiaWF0IjoxNjgyNzUxOTEyfQ.KeUecLVJLA1WEviKrgu9_Z2pxHcz4gRftwxH-Pxf2Z0
2023-04-29 15:08:02.499 INFO  com.train.gateway.util.JwtUtil                    :46   [32m                  [0;39m JWT tokenæ ¡éªŒç»“æœï¼štrue
2023-04-29 15:08:02.500 INFO  com.train.gateway.file.LoginAccountFilter         :45   [32m                  [0;39m accessTokenæœ‰æ•ˆï¼Œæ”¾è¡Œè¯¥è¯·æ±‚
2023-04-29 15:08:11.559 INFO  com.train.gateway.file.LoginAccountFilter         :30   [32m                  [0;39m éœ€è¦ç™»å½•éªŒè¯ï¼š/system/management/accountPassenger/queryList
2023-04-29 15:08:11.560 INFO  com.train.gateway.file.LoginAccountFilter         :34   [32m                  [0;39m è´¦å·ç™»å½•éªŒè¯å¼€å§‹ï¼ŒaccessTokenï¼šeyJ0eXAiOiJKV1QiLCJhbGciOiJIUzI1NiJ9.eyJuYmYiOjE2ODI3NTE5MTIsIm1vYmlsZSI6IjEzMDEyMzQ1NjcxIiwiaWQiOjE2NTA0NTgwODgzODc1MTQzNjgsImV4cCI6MTY4MjgzODMxMiwiaWF0IjoxNjgyNzUxOTEyfQ.KeUecLVJLA1WEviKrgu9_Z2pxHcz4gRftwxH-Pxf2Z0
2023-04-29 15:08:11.561 INFO  com.train.gateway.util.JwtUtil                    :46   [32m                  [0;39m JWT tokenæ ¡éªŒç»“æœï¼štrue
2023-04-29 15:08:11.561 INFO  com.train.gateway.file.LoginAccountFilter         :45   [32m                  [0;39m accessTokenæœ‰æ•ˆï¼Œæ”¾è¡Œè¯¥è¯·æ±‚
2023-04-29 15:08:23.243 INFO  com.train.gateway.file.LoginAccountFilter         :30   [32m                  [0;39m éœ€è¦ç™»å½•éªŒè¯ï¼š/system/management/accountPassenger/queryList
2023-04-29 15:08:23.244 INFO  com.train.gateway.file.LoginAccountFilter         :34   [32m                  [0;39m è´¦å·ç™»å½•éªŒè¯å¼€å§‹ï¼ŒaccessTokenï¼šeyJ0eXAiOiJKV1QiLCJhbGciOiJIUzI1NiJ9.eyJuYmYiOjE2ODI3NTE5MTIsIm1vYmlsZSI6IjEzMDEyMzQ1NjcxIiwiaWQiOjE2NTA0NTgwODgzODc1MTQzNjgsImV4cCI6MTY4MjgzODMxMiwiaWF0IjoxNjgyNzUxOTEyfQ.KeUecLVJLA1WEviKrgu9_Z2pxHcz4gRftwxH-Pxf2Z0
2023-04-29 15:08:23.245 INFO  com.train.gateway.util.JwtUtil                    :46   [32m                  [0;39m JWT tokenæ ¡éªŒç»“æœï¼štrue
2023-04-29 15:08:23.245 INFO  com.train.gateway.file.LoginAccountFilter         :45   [32m                  [0;39m accessTokenæœ‰æ•ˆï¼Œæ”¾è¡Œè¯¥è¯·æ±‚
2023-04-29 15:08:29.209 INFO  com.train.gateway.file.LoginAccountFilter         :30   [32m                  [0;39m éœ€è¦ç™»å½•éªŒè¯ï¼š/system/management/accountPassenger/queryList
2023-04-29 15:08:29.210 INFO  com.train.gateway.file.LoginAccountFilter         :34   [32m                  [0;39m è´¦å·ç™»å½•éªŒè¯å¼€å§‹ï¼ŒaccessTokenï¼šeyJ0eXAiOiJKV1QiLCJhbGciOiJIUzI1NiJ9.eyJuYmYiOjE2ODI3NTE5MTIsIm1vYmlsZSI6IjEzMDEyMzQ1NjcxIiwiaWQiOjE2NTA0NTgwODgzODc1MTQzNjgsImV4cCI6MTY4MjgzODMxMiwiaWF0IjoxNjgyNzUxOTEyfQ.KeUecLVJLA1WEviKrgu9_Z2pxHcz4gRftwxH-Pxf2Z0
2023-04-29 15:08:29.210 INFO  com.train.gateway.util.JwtUtil                    :46   [32m                  [0;39m JWT tokenæ ¡éªŒç»“æœï¼štrue
2023-04-29 15:08:29.211 INFO  com.train.gateway.file.LoginAccountFilter         :45   [32m                  [0;39m accessTokenæœ‰æ•ˆï¼Œæ”¾è¡Œè¯¥è¯·æ±‚
2023-04-29 15:08:39.468 INFO  com.train.gateway.file.LoginAccountFilter         :30   [32m                  [0;39m éœ€è¦ç™»å½•éªŒè¯ï¼š/system/management/accountPassenger/queryList
2023-04-29 15:08:39.469 INFO  com.train.gateway.file.LoginAccountFilter         :34   [32m                  [0;39m è´¦å·ç™»å½•éªŒè¯å¼€å§‹ï¼ŒaccessTokenï¼šeyJ0eXAiOiJKV1QiLCJhbGciOiJIUzI1NiJ9.eyJuYmYiOjE2ODI3NTE5MTIsIm1vYmlsZSI6IjEzMDEyMzQ1NjcxIiwiaWQiOjE2NTA0NTgwODgzODc1MTQzNjgsImV4cCI6MTY4MjgzODMxMiwiaWF0IjoxNjgyNzUxOTEyfQ.KeUecLVJLA1WEviKrgu9_Z2pxHcz4gRftwxH-Pxf2Z0
2023-04-29 15:08:39.470 INFO  com.train.gateway.util.JwtUtil                    :46   [32m                  [0;39m JWT tokenæ ¡éªŒç»“æœï¼štrue
2023-04-29 15:08:39.470 INFO  com.train.gateway.file.LoginAccountFilter         :45   [32m                  [0;39m accessTokenæœ‰æ•ˆï¼Œæ”¾è¡Œè¯¥è¯·æ±‚
2023-04-29 15:09:14.908 INFO  com.train.gateway.file.LoginAccountFilter         :30   [32m                  [0;39m éœ€è¦ç™»å½•éªŒè¯ï¼š/system/management/accountPassenger/queryList
2023-04-29 15:09:14.908 INFO  com.train.gateway.file.LoginAccountFilter         :34   [32m                  [0;39m è´¦å·ç™»å½•éªŒè¯å¼€å§‹ï¼ŒaccessTokenï¼šeyJ0eXAiOiJKV1QiLCJhbGciOiJIUzI1NiJ9.eyJuYmYiOjE2ODI3NTE5MTIsIm1vYmlsZSI6IjEzMDEyMzQ1NjcxIiwiaWQiOjE2NTA0NTgwODgzODc1MTQzNjgsImV4cCI6MTY4MjgzODMxMiwiaWF0IjoxNjgyNzUxOTEyfQ.KeUecLVJLA1WEviKrgu9_Z2pxHcz4gRftwxH-Pxf2Z0
2023-04-29 15:09:14.909 INFO  com.train.gateway.util.JwtUtil                    :46   [32m                  [0;39m JWT tokenæ ¡éªŒç»“æœï¼štrue
2023-04-29 15:09:14.909 INFO  com.train.gateway.file.LoginAccountFilter         :45   [32m                  [0;39m accessTokenæœ‰æ•ˆï¼Œæ”¾è¡Œè¯¥è¯·æ±‚
2023-04-29 15:09:21.895 INFO  com.train.gateway.file.LoginAccountFilter         :27   [32m                  [0;39m ä¸éœ€è¦ç™»å½•éªŒè¯ï¼š/system/management/account/rendCode
2023-04-29 15:09:22.574 INFO  com.train.gateway.file.LoginAccountFilter         :27   [32m                  [0;39m ä¸éœ€è¦ç™»å½•éªŒè¯ï¼š/system/management/account/login
2023-04-29 15:09:24.278 INFO  com.train.gateway.file.LoginAccountFilter         :30   [32m                  [0;39m éœ€è¦ç™»å½•éªŒè¯ï¼š/system/management/accountPassenger/queryList
2023-04-29 15:09:24.278 INFO  com.train.gateway.file.LoginAccountFilter         :34   [32m                  [0;39m è´¦å·ç™»å½•éªŒè¯å¼€å§‹ï¼ŒaccessTokenï¼šeyJ0eXAiOiJKV1QiLCJhbGciOiJIUzI1NiJ9.eyJuYmYiOjE2ODI3NTIxNjIsIm1vYmlsZSI6IjEzMDEyMzQ1NjcxIiwiaWQiOjE2NTA0NTgwODgzODc1MTQzNjgsImV4cCI6MTY4MjgzODU2MiwiaWF0IjoxNjgyNzUyMTYyfQ.j6LEIpPwQ-zkM6dsWk0N_7eEYZsvHzbkjk0dy_S98dg
2023-04-29 15:09:24.279 INFO  com.train.gateway.util.JwtUtil                    :46   [32m                  [0;39m JWT tokenæ ¡éªŒç»“æœï¼štrue
2023-04-29 15:09:24.279 INFO  com.train.gateway.file.LoginAccountFilter         :45   [32m                  [0;39m accessTokenæœ‰æ•ˆï¼Œæ”¾è¡Œè¯¥è¯·æ±‚
2023-04-29 15:09:30.838 INFO  com.train.gateway.file.LoginAccountFilter         :30   [32m                  [0;39m éœ€è¦ç™»å½•éªŒè¯ï¼š/system/management/accountPassenger/queryList
2023-04-29 15:09:30.839 INFO  com.train.gateway.file.LoginAccountFilter         :34   [32m                  [0;39m è´¦å·ç™»å½•éªŒè¯å¼€å§‹ï¼ŒaccessTokenï¼šeyJ0eXAiOiJKV1QiLCJhbGciOiJIUzI1NiJ9.eyJuYmYiOjE2ODI3NTIxNjIsIm1vYmlsZSI6IjEzMDEyMzQ1NjcxIiwiaWQiOjE2NTA0NTgwODgzODc1MTQzNjgsImV4cCI6MTY4MjgzODU2MiwiaWF0IjoxNjgyNzUyMTYyfQ.j6LEIpPwQ-zkM6dsWk0N_7eEYZsvHzbkjk0dy_S98dg
2023-04-29 15:09:30.839 INFO  com.train.gateway.util.JwtUtil                    :46   [32m                  [0;39m JWT tokenæ ¡éªŒç»“æœï¼štrue
2023-04-29 15:09:30.840 INFO  com.train.gateway.file.LoginAccountFilter         :45   [32m                  [0;39m accessTokenæœ‰æ•ˆï¼Œæ”¾è¡Œè¯¥è¯·æ±‚
2023-04-29 15:16:39.899 INFO  com.train.gateway.file.LoginAccountFilter         :30   [32m                  [0;39m éœ€è¦ç™»å½•éªŒè¯ï¼š/system/management/accountPassenger/queryList
2023-04-29 15:16:39.900 INFO  com.train.gateway.file.LoginAccountFilter         :34   [32m                  [0;39m è´¦å·ç™»å½•éªŒè¯å¼€å§‹ï¼ŒaccessTokenï¼šeyJ0eXAiOiJKV1QiLCJhbGciOiJIUzI1NiJ9.eyJuYmYiOjE2ODI3NTIxNjIsIm1vYmlsZSI6IjEzMDEyMzQ1NjcxIiwiaWQiOjE2NTA0NTgwODgzODc1MTQzNjgsImV4cCI6MTY4MjgzODU2MiwiaWF0IjoxNjgyNzUyMTYyfQ.j6LEIpPwQ-zkM6dsWk0N_7eEYZsvHzbkjk0dy_S98dg
2023-04-29 15:16:39.901 INFO  com.train.gateway.util.JwtUtil                    :46   [32m                  [0;39m JWT tokenæ ¡éªŒç»“æœï¼štrue
2023-04-29 15:16:39.901 INFO  com.train.gateway.file.LoginAccountFilter         :45   [32m                  [0;39m accessTokenæœ‰æ•ˆï¼Œæ”¾è¡Œè¯¥è¯·æ±‚
2023-04-29 15:17:25.844 INFO  com.train.gateway.file.LoginAccountFilter         :27   [32m                  [0;39m ä¸éœ€è¦ç™»å½•éªŒè¯ï¼š/system/management/account/rendCode
2023-04-29 15:17:26.304 INFO  com.train.gateway.file.LoginAccountFilter         :27   [32m                  [0;39m ä¸éœ€è¦ç™»å½•éªŒè¯ï¼š/system/management/account/login
2023-04-29 15:17:27.642 INFO  com.train.gateway.file.LoginAccountFilter         :30   [32m                  [0;39m éœ€è¦ç™»å½•éªŒè¯ï¼š/system/management/accountPassenger/queryList
2023-04-29 15:17:27.642 INFO  com.train.gateway.file.LoginAccountFilter         :34   [32m                  [0;39m è´¦å·ç™»å½•éªŒè¯å¼€å§‹ï¼ŒaccessTokenï¼šeyJ0eXAiOiJKV1QiLCJhbGciOiJIUzI1NiJ9.eyJuYmYiOjE2ODI3NTI2NDYsIm1vYmlsZSI6IjEzMDEyMzQ1NjcxIiwiaWQiOjE2NTA0NTgwODgzODc1MTQzNjgsImV4cCI6MTY4MjgzOTA0NiwiaWF0IjoxNjgyNzUyNjQ2fQ.q-x5o93hkTtSXMcscvFrAEApVVWBNFNVcAMhbIUZMtk
2023-04-29 15:17:27.643 INFO  com.train.gateway.util.JwtUtil                    :46   [32m                  [0;39m JWT tokenæ ¡éªŒç»“æœï¼štrue
2023-04-29 15:17:27.643 INFO  com.train.gateway.file.LoginAccountFilter         :45   [32m                  [0;39m accessTokenæœ‰æ•ˆï¼Œæ”¾è¡Œè¯¥è¯·æ±‚
2023-04-29 15:21:04.189 INFO  com.train.gateway.file.LoginAccountFilter         :30   [32m                  [0;39m éœ€è¦ç™»å½•éªŒè¯ï¼š/system/management/accountPassenger/queryList
2023-04-29 15:21:04.189 INFO  com.train.gateway.file.LoginAccountFilter         :34   [32m                  [0;39m è´¦å·ç™»å½•éªŒè¯å¼€å§‹ï¼ŒaccessTokenï¼šeyJ0eXAiOiJKV1QiLCJhbGciOiJIUzI1NiJ9.eyJuYmYiOjE2ODI3NDg3ODUsIm1vYmlsZSI6IjEzMDEyMzQ1NjcxIiwiaWQiOjE2NTA0NTgwODgzODc1MTQzNjgsImV4cCI6MTY4MjgzNTE4NSwiaWF0IjoxNjgyNzQ4Nzg1fQ.c09kDeHEOvwd68iNiX6cYTGLowpjXsZgC5RYYVSO1Og
2023-04-29 15:21:04.190 INFO  com.train.gateway.util.JwtUtil                    :46   [32m                  [0;39m JWT tokenæ ¡éªŒç»“æœï¼štrue
2023-04-29 15:21:04.190 INFO  com.train.gateway.file.LoginAccountFilter         :45   [32m                  [0;39m accessTokenæœ‰æ•ˆï¼Œæ”¾è¡Œè¯¥è¯·æ±‚
2023-04-29 15:21:17.315 INFO  com.train.gateway.file.LoginAccountFilter         :27   [32m                  [0;39m ä¸éœ€è¦ç™»å½•éªŒè¯ï¼š/system/management/account/rendCode
2023-04-29 15:21:18.165 INFO  com.train.gateway.file.LoginAccountFilter         :27   [32m                  [0;39m ä¸éœ€è¦ç™»å½•éªŒè¯ï¼š/system/management/account/login
2023-04-29 15:21:19.523 INFO  com.train.gateway.file.LoginAccountFilter         :30   [32m                  [0;39m éœ€è¦ç™»å½•éªŒè¯ï¼š/system/management/accountPassenger/queryList
2023-04-29 15:21:19.524 INFO  com.train.gateway.file.LoginAccountFilter         :34   [32m                  [0;39m è´¦å·ç™»å½•éªŒè¯å¼€å§‹ï¼ŒaccessTokenï¼šeyJ0eXAiOiJKV1QiLCJhbGciOiJIUzI1NiJ9.eyJuYmYiOjE2ODI3NTI4NzgsIm1vYmlsZSI6IjEzMDEyMzQ1NjcxIiwiaWQiOjE2NTA0NTgwODgzODc1MTQzNjgsImV4cCI6MTY4MjgzOTI3OCwiaWF0IjoxNjgyNzUyODc4fQ.vyziBL9npnaeJPSfxvVfBUssKv5Tq6DQYZePy8P42G0
2023-04-29 15:21:19.525 INFO  com.train.gateway.util.JwtUtil                    :46   [32m                  [0;39m JWT tokenæ ¡éªŒç»“æœï¼štrue
2023-04-29 15:21:19.525 INFO  com.train.gateway.file.LoginAccountFilter         :45   [32m                  [0;39m accessTokenæœ‰æ•ˆï¼Œæ”¾è¡Œè¯¥è¯·æ±‚
2023-04-29 15:23:06.402 INFO  com.train.gateway.file.LoginAccountFilter         :27   [32m                  [0;39m ä¸éœ€è¦ç™»å½•éªŒè¯ï¼š/system/management/account/rendCode
2023-04-29 15:23:06.819 INFO  com.train.gateway.file.LoginAccountFilter         :27   [32m                  [0;39m ä¸éœ€è¦ç™»å½•éªŒè¯ï¼š/system/management/account/login
2023-04-29 15:39:28.318 INFO  com.train.gateway.file.LoginAccountFilter         :30   [32m                  [0;39m éœ€è¦ç™»å½•éªŒè¯ï¼š/system/management/accountPassenger/save
2023-04-29 15:39:28.319 INFO  com.train.gateway.file.LoginAccountFilter         :34   [32m                  [0;39m è´¦å·ç™»å½•éªŒè¯å¼€å§‹ï¼ŒaccessTokenï¼šeyJ0eXAiOiJKV1QiLCJhbGciOiJIUzI1NiJ9.eyJuYmYiOjE2ODI3NDg3ODUsIm1vYmlsZSI6IjEzMDEyMzQ1NjcxIiwiaWQiOjE2NTA0NTgwODgzODc1MTQzNjgsImV4cCI6MTY4MjgzNTE4NSwiaWF0IjoxNjgyNzQ4Nzg1fQ.c09kDeHEOvwd68iNiX6cYTGLowpjXsZgC5RYYVSO1Og
2023-04-29 15:39:28.319 INFO  com.train.gateway.util.JwtUtil                    :46   [32m                  [0;39m JWT tokenæ ¡éªŒç»“æœï¼štrue
2023-04-29 15:39:28.320 INFO  com.train.gateway.file.LoginAccountFilter         :45   [32m                  [0;39m accessTokenæœ‰æ•ˆï¼Œæ”¾è¡Œè¯¥è¯·æ±‚
2023-04-29 15:41:26.696 INFO  com.train.gateway.file.LoginAccountFilter         :30   [32m                  [0;39m éœ€è¦ç™»å½•éªŒè¯ï¼š/system/management/accountPassenger/save
2023-04-29 15:41:26.696 INFO  com.train.gateway.file.LoginAccountFilter         :34   [32m                  [0;39m è´¦å·ç™»å½•éªŒè¯å¼€å§‹ï¼ŒaccessTokenï¼šeyJ0eXAiOiJKV1QiLCJhbGciOiJIUzI1NiJ9.eyJuYmYiOjE2ODI3NDg3ODUsIm1vYmlsZSI6IjEzMDEyMzQ1NjcxIiwiaWQiOjE2NTA0NTgwODgzODc1MTQzNjgsImV4cCI6MTY4MjgzNTE4NSwiaWF0IjoxNjgyNzQ4Nzg1fQ.c09kDeHEOvwd68iNiX6cYTGLowpjXsZgC5RYYVSO1Og
2023-04-29 15:41:26.697 INFO  com.train.gateway.util.JwtUtil                    :46   [32m                  [0;39m JWT tokenæ ¡éªŒç»“æœï¼štrue
2023-04-29 15:41:26.697 INFO  com.train.gateway.file.LoginAccountFilter         :45   [32m                  [0;39m accessTokenæœ‰æ•ˆï¼Œæ”¾è¡Œè¯¥è¯·æ±‚
2023-04-29 15:41:53.612 INFO  com.train.gateway.file.LoginAccountFilter         :30   [32m                  [0;39m éœ€è¦ç™»å½•éªŒè¯ï¼š/system/management/accountPassenger/save
2023-04-29 15:41:53.612 INFO  com.train.gateway.file.LoginAccountFilter         :34   [32m                  [0;39m è´¦å·ç™»å½•éªŒè¯å¼€å§‹ï¼ŒaccessTokenï¼šeyJ0eXAiOiJKV1QiLCJhbGciOiJIUzI1NiJ9.eyJuYmYiOjE2ODI3NDg3ODUsIm1vYmlsZSI6IjEzMDEyMzQ1NjcxIiwiaWQiOjE2NTA0NTgwODgzODc1MTQzNjgsImV4cCI6MTY4MjgzNTE4NSwiaWF0IjoxNjgyNzQ4Nzg1fQ.c09kDeHEOvwd68iNiX6cYTGLowpjXsZgC5RYYVSO1Og
2023-04-29 15:41:53.613 INFO  com.train.gateway.util.JwtUtil                    :46   [32m                  [0;39m JWT tokenæ ¡éªŒç»“æœï¼štrue
2023-04-29 15:41:53.613 INFO  com.train.gateway.file.LoginAccountFilter         :45   [32m                  [0;39m accessTokenæœ‰æ•ˆï¼Œæ”¾è¡Œè¯¥è¯·æ±‚
2023-04-29 15:48:35.082 INFO  com.train.gateway.file.LoginAccountFilter         :30   [32m                  [0;39m éœ€è¦ç™»å½•éªŒè¯ï¼š/system/management/accountPassenger/save
2023-04-29 15:48:35.083 INFO  com.train.gateway.file.LoginAccountFilter         :34   [32m                  [0;39m è´¦å·ç™»å½•éªŒè¯å¼€å§‹ï¼ŒaccessTokenï¼šeyJ0eXAiOiJKV1QiLCJhbGciOiJIUzI1NiJ9.eyJuYmYiOjE2ODI3NDg3ODUsIm1vYmlsZSI6IjEzMDEyMzQ1NjcxIiwiaWQiOjE2NTA0NTgwODgzODc1MTQzNjgsImV4cCI6MTY4MjgzNTE4NSwiaWF0IjoxNjgyNzQ4Nzg1fQ.c09kDeHEOvwd68iNiX6cYTGLowpjXsZgC5RYYVSO1Og
2023-04-29 15:48:35.083 INFO  com.train.gateway.util.JwtUtil                    :46   [32m                  [0;39m JWT tokenæ ¡éªŒç»“æœï¼štrue
2023-04-29 15:48:35.084 INFO  com.train.gateway.file.LoginAccountFilter         :45   [32m                  [0;39m accessTokenæœ‰æ•ˆï¼Œæ”¾è¡Œè¯¥è¯·æ±‚
2023-04-29 15:48:52.417 INFO  com.train.gateway.file.LoginAccountFilter         :30   [32m                  [0;39m éœ€è¦ç™»å½•éªŒè¯ï¼š/system/management/accountPassenger/delete/1652218307891302400
2023-04-29 15:48:52.417 INFO  com.train.gateway.file.LoginAccountFilter         :34   [32m                  [0;39m è´¦å·ç™»å½•éªŒè¯å¼€å§‹ï¼ŒaccessTokenï¼šeyJ0eXAiOiJKV1QiLCJhbGciOiJIUzI1NiJ9.eyJuYmYiOjE2ODI3NDg3ODUsIm1vYmlsZSI6IjEzMDEyMzQ1NjcxIiwiaWQiOjE2NTA0NTgwODgzODc1MTQzNjgsImV4cCI6MTY4MjgzNTE4NSwiaWF0IjoxNjgyNzQ4Nzg1fQ.c09kDeHEOvwd68iNiX6cYTGLowpjXsZgC5RYYVSO1Og
2023-04-29 15:48:52.418 INFO  com.train.gateway.util.JwtUtil                    :46   [32m                  [0;39m JWT tokenæ ¡éªŒç»“æœï¼štrue
2023-04-29 15:48:52.418 INFO  com.train.gateway.file.LoginAccountFilter         :45   [32m                  [0;39m accessTokenæœ‰æ•ˆï¼Œæ”¾è¡Œè¯¥è¯·æ±‚
2023-04-29 15:54:13.328 INFO  com.train.gateway.file.LoginAccountFilter         :30   [32m                  [0;39m éœ€è¦ç™»å½•éªŒè¯ï¼š/system/management/passenger/queryList
2023-04-29 15:54:13.329 INFO  com.train.gateway.file.LoginAccountFilter         :34   [32m                  [0;39m è´¦å·ç™»å½•éªŒè¯å¼€å§‹ï¼ŒaccessTokenï¼šeyJ0eXAiOiJKV1QiLCJhbGciOiJIUzI1NiJ9.eyJuYmYiOjE2ODI3NTI5ODYsIm1vYmlsZSI6IjEzMDEyMzQ1NjcxIiwiaWQiOjE2NTA0NTgwODgzODc1MTQzNjgsImV4cCI6MTY4MjgzOTM4NiwiaWF0IjoxNjgyNzUyOTg2fQ.k6OX8FqnXGEZ7O0Px4Yu9kblpk5o4iv99LA1goe7UTU
2023-04-29 15:54:13.332 INFO  com.train.gateway.util.JwtUtil                    :46   [32m                  [0;39m JWT tokenæ ¡éªŒç»“æœï¼štrue
2023-04-29 15:54:13.332 INFO  com.train.gateway.file.LoginAccountFilter         :45   [32m                  [0;39m accessTokenæœ‰æ•ˆï¼Œæ”¾è¡Œè¯¥è¯·æ±‚
2023-04-29 15:54:25.800 INFO  com.train.gateway.file.LoginAccountFilter         :30   [32m                  [0;39m éœ€è¦ç™»å½•éªŒè¯ï¼š/system/management/passenger/queryList
2023-04-29 15:54:25.800 INFO  com.train.gateway.file.LoginAccountFilter         :34   [32m                  [0;39m è´¦å·ç™»å½•éªŒè¯å¼€å§‹ï¼ŒaccessTokenï¼šeyJ0eXAiOiJKV1QiLCJhbGciOiJIUzI1NiJ9.eyJuYmYiOjE2ODI3NTI5ODYsIm1vYmlsZSI6IjEzMDEyMzQ1NjcxIiwiaWQiOjE2NTA0NTgwODgzODc1MTQzNjgsImV4cCI6MTY4MjgzOTM4NiwiaWF0IjoxNjgyNzUyOTg2fQ.k6OX8FqnXGEZ7O0Px4Yu9kblpk5o4iv99LA1goe7UTU
2023-04-29 15:54:25.801 INFO  com.train.gateway.util.JwtUtil                    :46   [32m                  [0;39m JWT tokenæ ¡éªŒç»“æœï¼štrue
2023-04-29 15:54:25.801 INFO  com.train.gateway.file.LoginAccountFilter         :45   [32m                  [0;39m accessTokenæœ‰æ•ˆï¼Œæ”¾è¡Œè¯¥è¯·æ±‚
2023-04-29 15:55:06.116 INFO  com.train.gateway.file.LoginAccountFilter         :30   [32m                  [0;39m éœ€è¦ç™»å½•éªŒè¯ï¼š/system/management/accountPassenger/queryList
2023-04-29 15:55:06.116 INFO  com.train.gateway.file.LoginAccountFilter         :34   [32m                  [0;39m è´¦å·ç™»å½•éªŒè¯å¼€å§‹ï¼ŒaccessTokenï¼šeyJ0eXAiOiJKV1QiLCJhbGciOiJIUzI1NiJ9.eyJuYmYiOjE2ODI3NTI5ODYsIm1vYmlsZSI6IjEzMDEyMzQ1NjcxIiwiaWQiOjE2NTA0NTgwODgzODc1MTQzNjgsImV4cCI6MTY4MjgzOTM4NiwiaWF0IjoxNjgyNzUyOTg2fQ.k6OX8FqnXGEZ7O0Px4Yu9kblpk5o4iv99LA1goe7UTU
2023-04-29 15:55:06.117 INFO  com.train.gateway.util.JwtUtil                    :46   [32m                  [0;39m JWT tokenæ ¡éªŒç»“æœï¼štrue
2023-04-29 15:55:06.117 INFO  com.train.gateway.file.LoginAccountFilter         :45   [32m                  [0;39m accessTokenæœ‰æ•ˆï¼Œæ”¾è¡Œè¯¥è¯·æ±‚
2023-04-29 15:55:18.629 INFO  com.train.gateway.file.LoginAccountFilter         :30   [32m                  [0;39m éœ€è¦ç™»å½•éªŒè¯ï¼š/system/management/accountPassenger/queryList
2023-04-29 15:55:18.630 INFO  com.train.gateway.file.LoginAccountFilter         :34   [32m                  [0;39m è´¦å·ç™»å½•éªŒè¯å¼€å§‹ï¼ŒaccessTokenï¼šeyJ0eXAiOiJKV1QiLCJhbGciOiJIUzI1NiJ9.eyJuYmYiOjE2ODI3NTI5ODYsIm1vYmlsZSI6IjEzMDEyMzQ1NjcxIiwiaWQiOjE2NTA0NTgwODgzODc1MTQzNjgsImV4cCI6MTY4MjgzOTM4NiwiaWF0IjoxNjgyNzUyOTg2fQ.k6OX8FqnXGEZ7O0Px4Yu9kblpk5o4iv99LA1goe7UTU
2023-04-29 15:55:18.631 INFO  com.train.gateway.util.JwtUtil                    :46   [32m                  [0;39m JWT tokenæ ¡éªŒç»“æœï¼štrue
2023-04-29 15:55:18.631 INFO  com.train.gateway.file.LoginAccountFilter         :45   [32m                  [0;39m accessTokenæœ‰æ•ˆï¼Œæ”¾è¡Œè¯¥è¯·æ±‚
2023-04-29 15:55:46.304 INFO  com.train.gateway.file.LoginAccountFilter         :30   [32m                  [0;39m éœ€è¦ç™»å½•éªŒè¯ï¼š/system/management/accountPassenger/queryList
2023-04-29 15:55:46.305 INFO  com.train.gateway.file.LoginAccountFilter         :34   [32m                  [0;39m è´¦å·ç™»å½•éªŒè¯å¼€å§‹ï¼ŒaccessTokenï¼šeyJ0eXAiOiJKV1QiLCJhbGciOiJIUzI1NiJ9.eyJuYmYiOjE2ODI3NTI5ODYsIm1vYmlsZSI6IjEzMDEyMzQ1NjcxIiwiaWQiOjE2NTA0NTgwODgzODc1MTQzNjgsImV4cCI6MTY4MjgzOTM4NiwiaWF0IjoxNjgyNzUyOTg2fQ.k6OX8FqnXGEZ7O0Px4Yu9kblpk5o4iv99LA1goe7UTU
2023-04-29 15:55:46.306 INFO  com.train.gateway.util.JwtUtil                    :46   [32m                  [0;39m JWT tokenæ ¡éªŒç»“æœï¼štrue
2023-04-29 15:55:46.306 INFO  com.train.gateway.file.LoginAccountFilter         :45   [32m                  [0;39m accessTokenæœ‰æ•ˆï¼Œæ”¾è¡Œè¯¥è¯·æ±‚
2023-04-29 15:56:24.533 INFO  com.train.gateway.file.LoginAccountFilter         :30   [32m                  [0;39m éœ€è¦ç™»å½•éªŒè¯ï¼š/system/management/accountPassenger/queryList
2023-04-29 15:56:24.533 INFO  com.train.gateway.file.LoginAccountFilter         :34   [32m                  [0;39m è´¦å·ç™»å½•éªŒè¯å¼€å§‹ï¼ŒaccessTokenï¼šeyJ0eXAiOiJKV1QiLCJhbGciOiJIUzI1NiJ9.eyJuYmYiOjE2ODI3NTI5ODYsIm1vYmlsZSI6IjEzMDEyMzQ1NjcxIiwiaWQiOjE2NTA0NTgwODgzODc1MTQzNjgsImV4cCI6MTY4MjgzOTM4NiwiaWF0IjoxNjgyNzUyOTg2fQ.k6OX8FqnXGEZ7O0Px4Yu9kblpk5o4iv99LA1goe7UTU
2023-04-29 15:56:24.534 INFO  com.train.gateway.util.JwtUtil                    :46   [32m                  [0;39m JWT tokenæ ¡éªŒç»“æœï¼štrue
2023-04-29 15:56:24.534 INFO  com.train.gateway.file.LoginAccountFilter         :45   [32m                  [0;39m accessTokenæœ‰æ•ˆï¼Œæ”¾è¡Œè¯¥è¯·æ±‚
2023-04-29 15:56:47.550 INFO  com.train.gateway.file.LoginAccountFilter         :30   [32m                  [0;39m éœ€è¦ç™»å½•éªŒè¯ï¼š/system/management/accountPassenger/queryList
2023-04-29 15:56:47.550 INFO  com.train.gateway.file.LoginAccountFilter         :34   [32m                  [0;39m è´¦å·ç™»å½•éªŒè¯å¼€å§‹ï¼ŒaccessTokenï¼šeyJ0eXAiOiJKV1QiLCJhbGciOiJIUzI1NiJ9.eyJuYmYiOjE2ODI3NTI5ODYsIm1vYmlsZSI6IjEzMDEyMzQ1NjcxIiwiaWQiOjE2NTA0NTgwODgzODc1MTQzNjgsImV4cCI6MTY4MjgzOTM4NiwiaWF0IjoxNjgyNzUyOTg2fQ.k6OX8FqnXGEZ7O0Px4Yu9kblpk5o4iv99LA1goe7UTU
2023-04-29 15:56:47.551 INFO  com.train.gateway.util.JwtUtil                    :46   [32m                  [0;39m JWT tokenæ ¡éªŒç»“æœï¼štrue
2023-04-29 15:56:47.551 INFO  com.train.gateway.file.LoginAccountFilter         :45   [32m                  [0;39m accessTokenæœ‰æ•ˆï¼Œæ”¾è¡Œè¯¥è¯·æ±‚
2023-04-29 16:01:23.664 INFO  com.train.gateway.file.LoginAccountFilter         :30   [32m                  [0;39m éœ€è¦ç™»å½•éªŒè¯ï¼š/system/management/accountPassenger/queryList
2023-04-29 16:01:23.664 INFO  com.train.gateway.file.LoginAccountFilter         :34   [32m                  [0;39m è´¦å·ç™»å½•éªŒè¯å¼€å§‹ï¼ŒaccessTokenï¼šeyJ0eXAiOiJKV1QiLCJhbGciOiJIUzI1NiJ9.eyJuYmYiOjE2ODI3NTI5ODYsIm1vYmlsZSI6IjEzMDEyMzQ1NjcxIiwiaWQiOjE2NTA0NTgwODgzODc1MTQzNjgsImV4cCI6MTY4MjgzOTM4NiwiaWF0IjoxNjgyNzUyOTg2fQ.k6OX8FqnXGEZ7O0Px4Yu9kblpk5o4iv99LA1goe7UTU
2023-04-29 16:01:23.665 INFO  com.train.gateway.util.JwtUtil                    :46   [32m                  [0;39m JWT tokenæ ¡éªŒç»“æœï¼štrue
2023-04-29 16:01:23.665 INFO  com.train.gateway.file.LoginAccountFilter         :45   [32m                  [0;39m accessTokenæœ‰æ•ˆï¼Œæ”¾è¡Œè¯¥è¯·æ±‚
2023-04-29 16:01:45.467 INFO  com.train.gateway.file.LoginAccountFilter         :30   [32m                  [0;39m éœ€è¦ç™»å½•éªŒè¯ï¼š/system/management/accountPassenger/queryList
2023-04-29 16:01:45.467 INFO  com.train.gateway.file.LoginAccountFilter         :34   [32m                  [0;39m è´¦å·ç™»å½•éªŒè¯å¼€å§‹ï¼ŒaccessTokenï¼šeyJ0eXAiOiJKV1QiLCJhbGciOiJIUzI1NiJ9.eyJuYmYiOjE2ODI3NTI5ODYsIm1vYmlsZSI6IjEzMDEyMzQ1NjcxIiwiaWQiOjE2NTA0NTgwODgzODc1MTQzNjgsImV4cCI6MTY4MjgzOTM4NiwiaWF0IjoxNjgyNzUyOTg2fQ.k6OX8FqnXGEZ7O0Px4Yu9kblpk5o4iv99LA1goe7UTU
2023-04-29 16:01:45.468 INFO  com.train.gateway.util.JwtUtil                    :46   [32m                  [0;39m JWT tokenæ ¡éªŒç»“æœï¼štrue
2023-04-29 16:01:45.468 INFO  com.train.gateway.file.LoginAccountFilter         :45   [32m                  [0;39m accessTokenæœ‰æ•ˆï¼Œæ”¾è¡Œè¯¥è¯·æ±‚
2023-04-29 16:01:49.131 INFO  com.train.gateway.file.LoginAccountFilter         :27   [32m                  [0;39m ä¸éœ€è¦ç™»å½•éªŒè¯ï¼š/system/management/account/rendCode
2023-04-29 16:01:49.685 INFO  com.train.gateway.file.LoginAccountFilter         :27   [32m                  [0;39m ä¸éœ€è¦ç™»å½•éªŒè¯ï¼š/system/management/account/login
2023-04-29 16:01:52.087 INFO  com.train.gateway.file.LoginAccountFilter         :30   [32m                  [0;39m éœ€è¦ç™»å½•éªŒè¯ï¼š/system/management/accountPassenger/queryList
2023-04-29 16:01:52.088 INFO  com.train.gateway.file.LoginAccountFilter         :34   [32m                  [0;39m è´¦å·ç™»å½•éªŒè¯å¼€å§‹ï¼ŒaccessTokenï¼šeyJ0eXAiOiJKV1QiLCJhbGciOiJIUzI1NiJ9.eyJuYmYiOjE2ODI3NTUzMDksIm1vYmlsZSI6IjEzMDEyMzQ1NjcxIiwiaWQiOjE2NTA0NTgwODgzODc1MTQzNjgsImV4cCI6MTY4Mjg0MTcwOSwiaWF0IjoxNjgyNzU1MzA5fQ._v7x7DdaY1bdcxRSUDANAgVKDXywiUl62QnvQKnJidU
2023-04-29 16:01:52.088 INFO  com.train.gateway.util.JwtUtil                    :46   [32m                  [0;39m JWT tokenæ ¡éªŒç»“æœï¼štrue
2023-04-29 16:01:52.089 INFO  com.train.gateway.file.LoginAccountFilter         :45   [32m                  [0;39m accessTokenæœ‰æ•ˆï¼Œæ”¾è¡Œè¯¥è¯·æ±‚
2023-04-29 16:02:12.122 INFO  com.train.gateway.file.LoginAccountFilter         :30   [32m                  [0;39m éœ€è¦ç™»å½•éªŒè¯ï¼š/system/management/accountPassenger/queryList
2023-04-29 16:02:12.122 INFO  com.train.gateway.file.LoginAccountFilter         :34   [32m                  [0;39m è´¦å·ç™»å½•éªŒè¯å¼€å§‹ï¼ŒaccessTokenï¼šeyJ0eXAiOiJKV1QiLCJhbGciOiJIUzI1NiJ9.eyJuYmYiOjE2ODI3NTUzMDksIm1vYmlsZSI6IjEzMDEyMzQ1NjcxIiwiaWQiOjE2NTA0NTgwODgzODc1MTQzNjgsImV4cCI6MTY4Mjg0MTcwOSwiaWF0IjoxNjgyNzU1MzA5fQ._v7x7DdaY1bdcxRSUDANAgVKDXywiUl62QnvQKnJidU
2023-04-29 16:02:12.123 INFO  com.train.gateway.util.JwtUtil                    :46   [32m                  [0;39m JWT tokenæ ¡éªŒç»“æœï¼štrue
2023-04-29 16:02:12.123 INFO  com.train.gateway.file.LoginAccountFilter         :45   [32m                  [0;39m accessTokenæœ‰æ•ˆï¼Œæ”¾è¡Œè¯¥è¯·æ±‚
2023-04-29 16:06:24.254 INFO  com.train.gateway.file.LoginAccountFilter         :30   [32m                  [0;39m éœ€è¦ç™»å½•éªŒè¯ï¼š/system/management/accountPassenger/queryList
2023-04-29 16:06:24.255 INFO  com.train.gateway.file.LoginAccountFilter         :34   [32m                  [0;39m è´¦å·ç™»å½•éªŒè¯å¼€å§‹ï¼ŒaccessTokenï¼šeyJ0eXAiOiJKV1QiLCJhbGciOiJIUzI1NiJ9.eyJuYmYiOjE2ODI3NTUzMDksIm1vYmlsZSI6IjEzMDEyMzQ1NjcxIiwiaWQiOjE2NTA0NTgwODgzODc1MTQzNjgsImV4cCI6MTY4Mjg0MTcwOSwiaWF0IjoxNjgyNzU1MzA5fQ._v7x7DdaY1bdcxRSUDANAgVKDXywiUl62QnvQKnJidU
2023-04-29 16:06:24.256 INFO  com.train.gateway.util.JwtUtil                    :46   [32m                  [0;39m JWT tokenæ ¡éªŒç»“æœï¼štrue
2023-04-29 16:06:24.257 INFO  com.train.gateway.file.LoginAccountFilter         :45   [32m                  [0;39m accessTokenæœ‰æ•ˆï¼Œæ”¾è¡Œè¯¥è¯·æ±‚
2023-04-29 16:06:37.380 INFO  com.train.gateway.file.LoginAccountFilter         :30   [32m                  [0;39m éœ€è¦ç™»å½•éªŒè¯ï¼š/system/management/accountPassenger/queryList
2023-04-29 16:06:37.381 INFO  com.train.gateway.file.LoginAccountFilter         :34   [32m                  [0;39m è´¦å·ç™»å½•éªŒè¯å¼€å§‹ï¼ŒaccessTokenï¼šeyJ0eXAiOiJKV1QiLCJhbGciOiJIUzI1NiJ9.eyJuYmYiOjE2ODI3NTUzMDksIm1vYmlsZSI6IjEzMDEyMzQ1NjcxIiwiaWQiOjE2NTA0NTgwODgzODc1MTQzNjgsImV4cCI6MTY4Mjg0MTcwOSwiaWF0IjoxNjgyNzU1MzA5fQ._v7x7DdaY1bdcxRSUDANAgVKDXywiUl62QnvQKnJidU
2023-04-29 16:06:37.382 INFO  com.train.gateway.util.JwtUtil                    :46   [32m                  [0;39m JWT tokenæ ¡éªŒç»“æœï¼štrue
2023-04-29 16:06:37.382 INFO  com.train.gateway.file.LoginAccountFilter         :45   [32m                  [0;39m accessTokenæœ‰æ•ˆï¼Œæ”¾è¡Œè¯¥è¯·æ±‚
2023-04-29 16:08:35.655 INFO  com.train.gateway.file.LoginAccountFilter         :30   [32m                  [0;39m éœ€è¦ç™»å½•éªŒè¯ï¼š/system/management/accountPassenger/save
2023-04-29 16:08:35.655 INFO  com.train.gateway.file.LoginAccountFilter         :34   [32m                  [0;39m è´¦å·ç™»å½•éªŒè¯å¼€å§‹ï¼ŒaccessTokenï¼šeyJ0eXAiOiJKV1QiLCJhbGciOiJIUzI1NiJ9.eyJuYmYiOjE2ODI3NTUzMDksIm1vYmlsZSI6IjEzMDEyMzQ1NjcxIiwiaWQiOjE2NTA0NTgwODgzODc1MTQzNjgsImV4cCI6MTY4Mjg0MTcwOSwiaWF0IjoxNjgyNzU1MzA5fQ._v7x7DdaY1bdcxRSUDANAgVKDXywiUl62QnvQKnJidU
2023-04-29 16:08:35.656 INFO  com.train.gateway.util.JwtUtil                    :46   [32m                  [0;39m JWT tokenæ ¡éªŒç»“æœï¼štrue
2023-04-29 16:08:35.656 INFO  com.train.gateway.file.LoginAccountFilter         :45   [32m                  [0;39m accessTokenæœ‰æ•ˆï¼Œæ”¾è¡Œè¯¥è¯·æ±‚
2023-04-29 16:10:11.551 INFO  com.train.gateway.file.LoginAccountFilter         :30   [32m                  [0;39m éœ€è¦ç™»å½•éªŒè¯ï¼š/system/management/accountPassenger/queryList
2023-04-29 16:10:11.551 INFO  com.train.gateway.file.LoginAccountFilter         :34   [32m                  [0;39m è´¦å·ç™»å½•éªŒè¯å¼€å§‹ï¼ŒaccessTokenï¼šeyJ0eXAiOiJKV1QiLCJhbGciOiJIUzI1NiJ9.eyJuYmYiOjE2ODI3NTUzMDksIm1vYmlsZSI6IjEzMDEyMzQ1NjcxIiwiaWQiOjE2NTA0NTgwODgzODc1MTQzNjgsImV4cCI6MTY4Mjg0MTcwOSwiaWF0IjoxNjgyNzU1MzA5fQ._v7x7DdaY1bdcxRSUDANAgVKDXywiUl62QnvQKnJidU
2023-04-29 16:10:11.552 INFO  com.train.gateway.util.JwtUtil                    :46   [32m                  [0;39m JWT tokenæ ¡éªŒç»“æœï¼štrue
2023-04-29 16:10:11.553 INFO  com.train.gateway.file.LoginAccountFilter         :45   [32m                  [0;39m accessTokenæœ‰æ•ˆï¼Œæ”¾è¡Œè¯¥è¯·æ±‚
2023-04-29 16:10:22.456 INFO  com.train.gateway.file.LoginAccountFilter         :30   [32m                  [0;39m éœ€è¦ç™»å½•éªŒè¯ï¼š/system/management/accountPassenger/save
2023-04-29 16:10:22.457 INFO  com.train.gateway.file.LoginAccountFilter         :34   [32m                  [0;39m è´¦å·ç™»å½•éªŒè¯å¼€å§‹ï¼ŒaccessTokenï¼šeyJ0eXAiOiJKV1QiLCJhbGciOiJIUzI1NiJ9.eyJuYmYiOjE2ODI3NTUzMDksIm1vYmlsZSI6IjEzMDEyMzQ1NjcxIiwiaWQiOjE2NTA0NTgwODgzODc1MTQzNjgsImV4cCI6MTY4Mjg0MTcwOSwiaWF0IjoxNjgyNzU1MzA5fQ._v7x7DdaY1bdcxRSUDANAgVKDXywiUl62QnvQKnJidU
2023-04-29 16:10:22.457 INFO  com.train.gateway.util.JwtUtil                    :46   [32m                  [0;39m JWT tokenæ ¡éªŒç»“æœï¼štrue
2023-04-29 16:10:22.458 INFO  com.train.gateway.file.LoginAccountFilter         :45   [32m                  [0;39m accessTokenæœ‰æ•ˆï¼Œæ”¾è¡Œè¯¥è¯·æ±‚
2023-04-29 16:11:13.744 INFO  com.train.gateway.file.LoginAccountFilter         :30   [32m                  [0;39m éœ€è¦ç™»å½•éªŒè¯ï¼š/system/management/accountPassenger/save
2023-04-29 16:11:13.744 INFO  com.train.gateway.file.LoginAccountFilter         :34   [32m                  [0;39m è´¦å·ç™»å½•éªŒè¯å¼€å§‹ï¼ŒaccessTokenï¼šeyJ0eXAiOiJKV1QiLCJhbGciOiJIUzI1NiJ9.eyJuYmYiOjE2ODI3NTUzMDksIm1vYmlsZSI6IjEzMDEyMzQ1NjcxIiwiaWQiOjE2NTA0NTgwODgzODc1MTQzNjgsImV4cCI6MTY4Mjg0MTcwOSwiaWF0IjoxNjgyNzU1MzA5fQ._v7x7DdaY1bdcxRSUDANAgVKDXywiUl62QnvQKnJidU
2023-04-29 16:11:13.745 INFO  com.train.gateway.util.JwtUtil                    :46   [32m                  [0;39m JWT tokenæ ¡éªŒç»“æœï¼štrue
2023-04-29 16:11:13.745 INFO  com.train.gateway.file.LoginAccountFilter         :45   [32m                  [0;39m accessTokenæœ‰æ•ˆï¼Œæ”¾è¡Œè¯¥è¯·æ±‚
2023-04-29 16:12:20.733 INFO  com.train.gateway.file.LoginAccountFilter         :30   [32m                  [0;39m éœ€è¦ç™»å½•éªŒè¯ï¼š/system/management/accountPassenger/queryList
2023-04-29 16:12:20.734 INFO  com.train.gateway.file.LoginAccountFilter         :34   [32m                  [0;39m è´¦å·ç™»å½•éªŒè¯å¼€å§‹ï¼ŒaccessTokenï¼šeyJ0eXAiOiJKV1QiLCJhbGciOiJIUzI1NiJ9.eyJuYmYiOjE2ODI3NTUzMDksIm1vYmlsZSI6IjEzMDEyMzQ1NjcxIiwiaWQiOjE2NTA0NTgwODgzODc1MTQzNjgsImV4cCI6MTY4Mjg0MTcwOSwiaWF0IjoxNjgyNzU1MzA5fQ._v7x7DdaY1bdcxRSUDANAgVKDXywiUl62QnvQKnJidU
2023-04-29 16:12:20.734 INFO  com.train.gateway.util.JwtUtil                    :46   [32m                  [0;39m JWT tokenæ ¡éªŒç»“æœï¼štrue
2023-04-29 16:12:20.734 INFO  com.train.gateway.file.LoginAccountFilter         :45   [32m                  [0;39m accessTokenæœ‰æ•ˆï¼Œæ”¾è¡Œè¯¥è¯·æ±‚
2023-04-29 16:13:56.556 INFO  com.train.gateway.file.LoginAccountFilter         :30   [32m                  [0;39m éœ€è¦ç™»å½•éªŒè¯ï¼š/system/management/accountPassenger/queryList
2023-04-29 16:13:56.557 INFO  com.train.gateway.file.LoginAccountFilter         :34   [32m                  [0;39m è´¦å·ç™»å½•éªŒè¯å¼€å§‹ï¼ŒaccessTokenï¼šeyJ0eXAiOiJKV1QiLCJhbGciOiJIUzI1NiJ9.eyJuYmYiOjE2ODI3NTUzMDksIm1vYmlsZSI6IjEzMDEyMzQ1NjcxIiwiaWQiOjE2NTA0NTgwODgzODc1MTQzNjgsImV4cCI6MTY4Mjg0MTcwOSwiaWF0IjoxNjgyNzU1MzA5fQ._v7x7DdaY1bdcxRSUDANAgVKDXywiUl62QnvQKnJidU
2023-04-29 16:13:56.558 INFO  com.train.gateway.util.JwtUtil                    :46   [32m                  [0;39m JWT tokenæ ¡éªŒç»“æœï¼štrue
2023-04-29 16:13:56.558 INFO  com.train.gateway.file.LoginAccountFilter         :45   [32m                  [0;39m accessTokenæœ‰æ•ˆï¼Œæ”¾è¡Œè¯¥è¯·æ±‚
2023-04-29 16:16:23.212 INFO  com.train.gateway.file.LoginAccountFilter         :30   [32m                  [0;39m éœ€è¦ç™»å½•éªŒè¯ï¼š/system/management/accountPassenger/queryList
2023-04-29 16:16:23.212 INFO  com.train.gateway.file.LoginAccountFilter         :34   [32m                  [0;39m è´¦å·ç™»å½•éªŒè¯å¼€å§‹ï¼ŒaccessTokenï¼šeyJ0eXAiOiJKV1QiLCJhbGciOiJIUzI1NiJ9.eyJuYmYiOjE2ODI3NTUzMDksIm1vYmlsZSI6IjEzMDEyMzQ1NjcxIiwiaWQiOjE2NTA0NTgwODgzODc1MTQzNjgsImV4cCI6MTY4Mjg0MTcwOSwiaWF0IjoxNjgyNzU1MzA5fQ._v7x7DdaY1bdcxRSUDANAgVKDXywiUl62QnvQKnJidU
2023-04-29 16:16:23.213 INFO  com.train.gateway.util.JwtUtil                    :46   [32m                  [0;39m JWT tokenæ ¡éªŒç»“æœï¼štrue
2023-04-29 16:16:23.213 INFO  com.train.gateway.file.LoginAccountFilter         :45   [32m                  [0;39m accessTokenæœ‰æ•ˆï¼Œæ”¾è¡Œè¯¥è¯·æ±‚
